<?xml version="1.0" encoding="utf-8"?>
<CoverageSession xmlns:xsd="http://www.w3.org/2001/XMLSchema" xmlns:xsi="http://www.w3.org/2001/XMLSchema-instance" Version="0.0.0.0">
  <Summary numSequencePoints="1672" visitedSequencePoints="1193" numBranchPoints="0" visitedBranchPoints="0" sequenceCoverage="71.35" branchCoverage="0.0" maxCyclomaticComplexity="0" minCyclomaticComplexity="0" maxCrapScore="0" minCrapScore="0" visitedClasses="39" numClasses="43" visitedMethods="201" numMethods="205" />
  <Modules>
    <Module>
      <Summary numSequencePoints="1672" visitedSequencePoints="1193" numBranchPoints="0" visitedBranchPoints="0" sequenceCoverage="71.35" branchCoverage="0.0" maxCyclomaticComplexity="0" minCyclomaticComplexity="0" maxCrapScore="0" minCrapScore="0" visitedClasses="39" numClasses="43" visitedMethods="201" numMethods="205" />
      <ModuleTime>0001-01-01T00:00:00</ModuleTime>
      <ModuleName>Game</ModuleName>
      <Files>
        <File uid="1" fullPath="C:/SpaceCarnage/Assets/Scripts/Asteroid/Asteroid.cs" />
        <File uid="2" fullPath="C:/SpaceCarnage/Assets/Scripts/Asteroid/AsteroidCollisionDamage.cs" />
        <File uid="3" fullPath="C:/SpaceCarnage/Assets/Scripts/Asteroid/AsteroidMovement.cs" />
        <File uid="4" fullPath="C:/SpaceCarnage/Assets/Scripts/Asteroid/AsteroidsPlacer.cs" />
        <File uid="5" fullPath="C:/SpaceCarnage/Assets/Scripts/Asteroid/AsteroidsSpawnManager.cs" />
        <File uid="6" fullPath="C:/SpaceCarnage/Assets/Scripts/Border/BorderConfiguration.cs" />
        <File uid="7" fullPath="C:/SpaceCarnage/Assets/Scripts/Border/BorderDamage.cs" />
        <File uid="8" fullPath="C:/SpaceCarnage/Assets/Scripts/Border/DeathSphereSize.cs" />
        <File uid="9" fullPath="C:/SpaceCarnage/Assets/Scripts/Config/LoginConfigData.cs" />
        <File uid="10" fullPath="C:/SpaceCarnage/Assets/Scripts/Config/ShipConfigData.cs" />
        <File uid="11" fullPath="C:/SpaceCarnage/Assets/Scripts/Editor/BuildScript.cs" />
        <File uid="12" fullPath="C:/SpaceCarnage/Assets/Scripts/Editor/SpawnPointScatterer.cs" />
        <File uid="13" fullPath="C:/SpaceCarnage/Assets/Scripts/Effects/EffectDestroyer.cs" />
        <File uid="14" fullPath="C:/SpaceCarnage/Assets/Scripts/Effects/VFXAutoDestroy.cs" />
        <File uid="15" fullPath="C:/SpaceCarnage/Assets/Scripts/Game/MatchState.cs" />
        <File uid="16" fullPath="C:/SpaceCarnage/Assets/Scripts/Game/SessionManager.cs" />
        <File uid="17" fullPath="C:/SpaceCarnage/Assets/Scripts/GameUI/BorderWarningController.cs" />
        <File uid="18" fullPath="C:/SpaceCarnage/Assets/Scripts/GameUI/DeathScreenController.cs" />
        <File uid="19" fullPath="C:/SpaceCarnage/Assets/Scripts/GameUI/HUDController.cs" />
        <File uid="20" fullPath="C:/SpaceCarnage/Assets/Scripts/GameUI/PauseMenuController.cs" />
        <File uid="21" fullPath="C:/SpaceCarnage/Assets/Scripts/GameUI/SettingsController.cs" />
        <File uid="22" fullPath="C:/SpaceCarnage/Assets/Scripts/GameUI/UIManager.cs" />
        <File uid="23" fullPath="C:/SpaceCarnage/Assets/Scripts/HealthSystem/DamageContext.cs" />
        <File uid="24" fullPath="C:/SpaceCarnage/Assets/Scripts/HealthSystem/Health.cs" />
        <File uid="25" fullPath="C:/SpaceCarnage/Assets/Scripts/Leaderboard/GlobalLeaderboardManager.cs" />
        <File uid="26" fullPath="C:/SpaceCarnage/Assets/Scripts/LoginScene/LoginController.cs" />
        <File uid="27" fullPath="C:/SpaceCarnage/Assets/Scripts/LoginScene/LoginSceneCamera.cs" />
        <File uid="28" fullPath="C:/SpaceCarnage/Assets/Scripts/LoginScene/TabToNextController.cs" />
        <File uid="29" fullPath="C:/SpaceCarnage/Assets/Scripts/Network/APINetworkManager.cs" />
        <File uid="30" fullPath="C:/SpaceCarnage/Assets/Scripts/Network/GameData.cs" />
        <File uid="31" fullPath="C:/SpaceCarnage/Assets/Scripts/Network/SessionAuthenticator.cs" />
        <File uid="32" fullPath="C:/SpaceCarnage/Assets/Scripts/Network/ShipNetworkSync.cs" />
        <File uid="33" fullPath="C:/SpaceCarnage/Assets/Scripts/Parts/Abilities/AbilityRuntime.cs" />
        <File uid="34" fullPath="C:/SpaceCarnage/Assets/Scripts/Parts/Abilities/DashAbility.cs" />
        <File uid="35" fullPath="C:/SpaceCarnage/Assets/Scripts/Parts/Abilities/InvisAbility.cs" />
        <File uid="36" fullPath="C:/SpaceCarnage/Assets/Scripts/Parts/Abilities/InvisManager.cs" />
        <File uid="37" fullPath="C:/SpaceCarnage/Assets/Scripts/Parts/Abilities/ShieldAbility.cs" />
        <File uid="38" fullPath="C:/SpaceCarnage/Assets/Scripts/Parts/ShipPartDatabase.cs" />
        <File uid="39" fullPath="C:/SpaceCarnage/Assets/Scripts/Parts/Shooting/Projectile.cs" />
        <File uid="40" fullPath="C:/SpaceCarnage/Assets/Scripts/Parts/Shooting/ProjectileStrategy.cs" />
        <File uid="41" fullPath="C:/SpaceCarnage/Assets/Scripts/Parts/Shooting/RaycastStrategy.cs" />
        <File uid="42" fullPath="C:/SpaceCarnage/Assets/Scripts/Parts/Shooting/Rocket.cs" />
        <File uid="43" fullPath="C:/SpaceCarnage/Assets/Scripts/Physics/CollisionDamage.cs" />
        <File uid="44" fullPath="C:/SpaceCarnage/Assets/Scripts/Player/Player.cs" />
        <File uid="45" fullPath="C:/SpaceCarnage/Assets/Scripts/Player/PlayerCamera.cs" />
        <File uid="46" fullPath="C:/SpaceCarnage/Assets/Scripts/Player/PlayerController.cs" />
        <File uid="47" fullPath="C:/SpaceCarnage/Assets/Scripts/SFX/AudioManager.cs" />
        <File uid="48" fullPath="C:/SpaceCarnage/Assets/Scripts/SFX/NetworkAudio.cs" />
        <File uid="49" fullPath="C:/SpaceCarnage/Assets/Scripts/SFX/NetworkAudioManager.cs" />
        <File uid="50" fullPath="C:/SpaceCarnage/Assets/Scripts/SFX/Sound.cs" />
        <File uid="51" fullPath="C:/SpaceCarnage/Assets/Scripts/Ship/ShipAssembler.cs" />
        <File uid="52" fullPath="C:/SpaceCarnage/Assets/Scripts/Ship/ShipEngineFX.cs" />
        <File uid="53" fullPath="C:/SpaceCarnage/Assets/Scripts/Ship/ShipShooting.cs" />
        <File uid="54" fullPath="C:/SpaceCarnage/Assets/Scripts/ShipEditor/ShipEditorUI.cs" />
        <File uid="55" fullPath="C:/SpaceCarnage/Assets/Scripts/ShipEditor/ShowContextPanel.cs" />
        <File uid="56" fullPath="C:/SpaceCarnage/Assets/Scripts/System/GameResources.cs" />
      </Files>
      <Classes>
        <Class>
          <Summary numSequencePoints="40" visitedSequencePoints="36" numBranchPoints="0" visitedBranchPoints="0" sequenceCoverage="90.00" branchCoverage="0.0" maxCyclomaticComplexity="0" minCyclomaticComplexity="0" maxCrapScore="0" minCrapScore="0" visitedClasses="1" numClasses="1" visitedMethods="13" numMethods="13" />
          <FullName>Asteroid</FullName>
          <Methods>
            <Method visited="true" cyclomaticComplexity="0" nPathComplexity="0" sequenceCoverage="100.0" branchCoverage="0" crapScore="0" isConstructor="false" isStatic="false" isGetter="false" isSetter="false">
              <Summary numSequencePoints="4" visitedSequencePoints="4" numBranchPoints="0" visitedBranchPoints="0" sequenceCoverage="100.0" branchCoverage="0" maxCyclomaticComplexity="0" minCyclomaticComplexity="0" maxCrapScore="0" minCrapScore="0" visitedClasses="0" numClasses="0" visitedMethods="1" numMethods="1" />
              <MetadataToken>100663298</MetadataToken>
              <Name>System.Void Asteroid::Awake()</Name>
              <FileRef uid="1" />
              <SequencePoints>
                <SequencePoint vc="31" uspid="4366" ordinal="0" offset="0" sl="23" sc="5" el="23" ec="5" bec="0" bev="0" fileid="1" />
                <SequencePoint vc="31" uspid="4367" ordinal="0" offset="1" sl="24" sc="9" el="24" ec="9" bec="0" bev="0" fileid="1" />
                <SequencePoint vc="31" uspid="4368" ordinal="0" offset="13" sl="25" sc="9" el="25" ec="9" bec="0" bev="0" fileid="1" />
                <SequencePoint vc="31" uspid="4369" ordinal="0" offset="25" sl="26" sc="5" el="26" ec="5" bec="0" bev="0" fileid="1" />
              </SequencePoints>
              <BranchPoints />
            </Method>
            <Method visited="true" cyclomaticComplexity="0" nPathComplexity="0" sequenceCoverage="100.0" branchCoverage="0" crapScore="0" isConstructor="false" isStatic="false" isGetter="false" isSetter="false">
              <Summary numSequencePoints="5" visitedSequencePoints="5" numBranchPoints="0" visitedBranchPoints="0" sequenceCoverage="100.0" branchCoverage="0" maxCyclomaticComplexity="0" minCyclomaticComplexity="0" maxCrapScore="0" minCrapScore="0" visitedClasses="0" numClasses="0" visitedMethods="1" numMethods="1" />
              <MetadataToken>100663299</MetadataToken>
              <Name>System.Void Asteroid::OnStartServer()</Name>
              <FileRef uid="1" />
              <SequencePoints>
                <SequencePoint vc="22" uspid="4370" ordinal="0" offset="0" sl="29" sc="5" el="29" ec="5" bec="0" bev="0" fileid="1" />
                <SequencePoint vc="22" uspid="4371" ordinal="0" offset="1" sl="30" sc="9" el="30" ec="9" bec="0" bev="0" fileid="1" />
                <SequencePoint vc="22" uspid="4372" ordinal="0" offset="8" sl="31" sc="9" el="31" ec="9" bec="0" bev="0" fileid="1" />
                <SequencePoint vc="22" uspid="4373" ordinal="0" offset="32" sl="32" sc="9" el="32" ec="9" bec="0" bev="0" fileid="1" />
                <SequencePoint vc="22" uspid="4374" ordinal="0" offset="52" sl="33" sc="5" el="33" ec="5" bec="0" bev="0" fileid="1" />
              </SequencePoints>
              <BranchPoints />
            </Method>
            <Method visited="true" cyclomaticComplexity="0" nPathComplexity="0" sequenceCoverage="100.0" branchCoverage="0" crapScore="0" isConstructor="false" isStatic="false" isGetter="false" isSetter="false">
              <Summary numSequencePoints="4" visitedSequencePoints="4" numBranchPoints="0" visitedBranchPoints="0" sequenceCoverage="100.0" branchCoverage="0" maxCyclomaticComplexity="0" minCyclomaticComplexity="0" maxCrapScore="0" minCrapScore="0" visitedClasses="0" numClasses="0" visitedMethods="1" numMethods="1" />
              <MetadataToken>100663300</MetadataToken>
              <Name>System.Void Asteroid::SetSize(System.Single)</Name>
              <FileRef uid="1" />
              <SequencePoints>
                <SequencePoint vc="21" uspid="4375" ordinal="0" offset="21" sl="37" sc="5" el="37" ec="5" bec="0" bev="0" fileid="1" />
                <SequencePoint vc="21" uspid="4376" ordinal="0" offset="22" sl="38" sc="9" el="38" ec="9" bec="0" bev="0" fileid="1" />
                <SequencePoint vc="21" uspid="4377" ordinal="0" offset="44" sl="39" sc="9" el="39" ec="9" bec="0" bev="0" fileid="1" />
                <SequencePoint vc="21" uspid="4378" ordinal="0" offset="64" sl="40" sc="5" el="40" ec="5" bec="0" bev="0" fileid="1" />
              </SequencePoints>
              <BranchPoints />
            </Method>
            <Method visited="true" cyclomaticComplexity="0" nPathComplexity="0" sequenceCoverage="100.0" branchCoverage="0" crapScore="0" isConstructor="false" isStatic="false" isGetter="false" isSetter="false">
              <Summary numSequencePoints="7" visitedSequencePoints="7" numBranchPoints="0" visitedBranchPoints="0" sequenceCoverage="100.0" branchCoverage="0" maxCyclomaticComplexity="0" minCyclomaticComplexity="0" maxCrapScore="0" minCrapScore="0" visitedClasses="0" numClasses="0" visitedMethods="1" numMethods="1" />
              <MetadataToken>100663301</MetadataToken>
              <Name>System.Void Asteroid::ApplySizeServer(System.Single)</Name>
              <FileRef uid="1" />
              <SequencePoints>
                <SequencePoint vc="43" uspid="4379" ordinal="0" offset="21" sl="44" sc="5" el="44" ec="5" bec="0" bev="0" fileid="1" />
                <SequencePoint vc="43" uspid="4380" ordinal="0" offset="22" sl="45" sc="9" el="45" ec="9" bec="0" bev="0" fileid="1" />
                <SequencePoint vc="43" uspid="4381" ordinal="0" offset="45" sl="47" sc="9" el="47" ec="9" bec="0" bev="0" fileid="1" />
                <SequencePoint vc="43" uspid="4382" ordinal="0" offset="72" sl="48" sc="9" el="48" ec="9" bec="0" bev="0" fileid="1" />
                <SequencePoint vc="43" uspid="4383" ordinal="0" offset="85" sl="50" sc="9" el="50" ec="9" bec="0" bev="0" fileid="1" />
                <SequencePoint vc="43" uspid="4384" ordinal="0" offset="101" sl="51" sc="13" el="51" ec="13" bec="0" bev="0" fileid="1" />
                <SequencePoint vc="43" uspid="4385" ordinal="0" offset="139" sl="52" sc="5" el="52" ec="5" bec="0" bev="0" fileid="1" />
              </SequencePoints>
              <BranchPoints />
            </Method>
            <Method visited="true" cyclomaticComplexity="0" nPathComplexity="0" sequenceCoverage="42.86" branchCoverage="0" crapScore="0" isConstructor="false" isStatic="false" isGetter="false" isSetter="false">
              <Summary numSequencePoints="7" visitedSequencePoints="3" numBranchPoints="0" visitedBranchPoints="0" sequenceCoverage="42.86" branchCoverage="0" maxCyclomaticComplexity="0" minCyclomaticComplexity="0" maxCrapScore="0" minCrapScore="0" visitedClasses="0" numClasses="0" visitedMethods="1" numMethods="1" />
              <MetadataToken>100663303</MetadataToken>
              <Name>System.Void Asteroid::OnDie(DamageContext)</Name>
              <FileRef uid="1" />
              <SequencePoints>
                <SequencePoint vc="2" uspid="4389" ordinal="0" offset="0" sl="60" sc="5" el="60" ec="5" bec="0" bev="0" fileid="1" />
                <SequencePoint vc="2" uspid="4390" ordinal="0" offset="1" sl="61" sc="9" el="61" ec="9" bec="0" bev="0" fileid="1" />
                <SequencePoint vc="0" uspid="4391" ordinal="0" offset="17" sl="62" sc="9" el="62" ec="9" bec="0" bev="0" fileid="1" />
                <SequencePoint vc="0" uspid="4392" ordinal="0" offset="18" sl="63" sc="13" el="63" ec="13" bec="0" bev="0" fileid="1" />
                <SequencePoint vc="0" uspid="4393" ordinal="0" offset="52" sl="64" sc="13" el="64" ec="13" bec="0" bev="0" fileid="1" />
                <SequencePoint vc="0" uspid="4394" ordinal="0" offset="60" sl="65" sc="9" el="65" ec="9" bec="0" bev="0" fileid="1" />
                <SequencePoint vc="2" uspid="4395" ordinal="0" offset="61" sl="66" sc="5" el="66" ec="5" bec="0" bev="0" fileid="1" />
              </SequencePoints>
              <BranchPoints />
            </Method>
            <Method visited="true" cyclomaticComplexity="0" nPathComplexity="0" sequenceCoverage="100.0" branchCoverage="0" crapScore="0" isConstructor="false" isStatic="false" isGetter="false" isSetter="true">
              <Summary numSequencePoints="1" visitedSequencePoints="1" numBranchPoints="0" visitedBranchPoints="0" sequenceCoverage="100.0" branchCoverage="0" maxCyclomaticComplexity="0" minCyclomaticComplexity="0" maxCrapScore="0" minCrapScore="0" visitedClasses="0" numClasses="0" visitedMethods="1" numMethods="1" />
              <MetadataToken>100663306</MetadataToken>
              <Name>System.Void Asteroid::set_TestHitVFX(UnityEngine.GameObject)</Name>
              <FileRef uid="1" />
              <SequencePoints>
                <SequencePoint vc="1" uspid="4400" ordinal="0" offset="0" sl="76" sc="41" el="76" ec="41" bec="0" bev="0" fileid="1" />
              </SequencePoints>
              <BranchPoints />
            </Method>
            <Method visited="true" cyclomaticComplexity="0" nPathComplexity="0" sequenceCoverage="100.0" branchCoverage="0" crapScore="0" isConstructor="false" isStatic="false" isGetter="false" isSetter="false">
              <Summary numSequencePoints="1" visitedSequencePoints="1" numBranchPoints="0" visitedBranchPoints="0" sequenceCoverage="100.0" branchCoverage="0" maxCyclomaticComplexity="0" minCyclomaticComplexity="0" maxCrapScore="0" minCrapScore="0" visitedClasses="0" numClasses="0" visitedMethods="1" numMethods="1" />
              <MetadataToken>100663307</MetadataToken>
              <Name>System.Void Asteroid::TestOnDie(DamageContext)</Name>
              <FileRef uid="1" />
              <SequencePoints>
                <SequencePoint vc="2" uspid="4401" ordinal="0" offset="0" sl="80" sc="49" el="80" ec="49" bec="0" bev="0" fileid="1" />
              </SequencePoints>
              <BranchPoints />
            </Method>
            <Method visited="true" cyclomaticComplexity="0" nPathComplexity="0" sequenceCoverage="100.0" branchCoverage="0" crapScore="0" isConstructor="false" isStatic="false" isGetter="true" isSetter="false">
              <Summary numSequencePoints="1" visitedSequencePoints="1" numBranchPoints="0" visitedBranchPoints="0" sequenceCoverage="100.0" branchCoverage="0" maxCyclomaticComplexity="0" minCyclomaticComplexity="0" maxCrapScore="0" minCrapScore="0" visitedClasses="0" numClasses="0" visitedMethods="1" numMethods="1" />
              <MetadataToken>100663308</MetadataToken>
              <Name>System.Single Asteroid::get_TestBaseHP()</Name>
              <FileRef uid="1" />
              <SequencePoints>
                <SequencePoint vc="1" uspid="4402" ordinal="0" offset="0" sl="84" sc="32" el="84" ec="32" bec="0" bev="0" fileid="1" />
              </SequencePoints>
              <BranchPoints />
            </Method>
            <Method visited="true" cyclomaticComplexity="0" nPathComplexity="0" sequenceCoverage="100.0" branchCoverage="0" crapScore="0" isConstructor="false" isStatic="false" isGetter="true" isSetter="false">
              <Summary numSequencePoints="1" visitedSequencePoints="1" numBranchPoints="0" visitedBranchPoints="0" sequenceCoverage="100.0" branchCoverage="0" maxCyclomaticComplexity="0" minCyclomaticComplexity="0" maxCrapScore="0" minCrapScore="0" visitedClasses="0" numClasses="0" visitedMethods="1" numMethods="1" />
              <MetadataToken>100663309</MetadataToken>
              <Name>System.Single Asteroid::get_TestBaseMass()</Name>
              <FileRef uid="1" />
              <SequencePoints>
                <SequencePoint vc="1" uspid="4403" ordinal="0" offset="0" sl="85" sc="34" el="85" ec="34" bec="0" bev="0" fileid="1" />
              </SequencePoints>
              <BranchPoints />
            </Method>
            <Method visited="true" cyclomaticComplexity="0" nPathComplexity="0" sequenceCoverage="100.0" branchCoverage="0" crapScore="0" isConstructor="false" isStatic="false" isGetter="true" isSetter="false">
              <Summary numSequencePoints="1" visitedSequencePoints="1" numBranchPoints="0" visitedBranchPoints="0" sequenceCoverage="100.0" branchCoverage="0" maxCyclomaticComplexity="0" minCyclomaticComplexity="0" maxCrapScore="0" minCrapScore="0" visitedClasses="0" numClasses="0" visitedMethods="1" numMethods="1" />
              <MetadataToken>100663310</MetadataToken>
              <Name>System.Single Asteroid::get_TestBaseScale()</Name>
              <FileRef uid="1" />
              <SequencePoints>
                <SequencePoint vc="1" uspid="4404" ordinal="0" offset="0" sl="86" sc="35" el="86" ec="35" bec="0" bev="0" fileid="1" />
              </SequencePoints>
              <BranchPoints />
            </Method>
            <Method visited="true" cyclomaticComplexity="0" nPathComplexity="0" sequenceCoverage="100.0" branchCoverage="0" crapScore="0" isConstructor="false" isStatic="false" isGetter="true" isSetter="false">
              <Summary numSequencePoints="1" visitedSequencePoints="1" numBranchPoints="0" visitedBranchPoints="0" sequenceCoverage="100.0" branchCoverage="0" maxCyclomaticComplexity="0" minCyclomaticComplexity="0" maxCrapScore="0" minCrapScore="0" visitedClasses="0" numClasses="0" visitedMethods="1" numMethods="1" />
              <MetadataToken>100663311</MetadataToken>
              <Name>System.Single Asteroid::get_TestHpPower()</Name>
              <FileRef uid="1" />
              <SequencePoints>
                <SequencePoint vc="1" uspid="4405" ordinal="0" offset="0" sl="87" sc="33" el="87" ec="33" bec="0" bev="0" fileid="1" />
              </SequencePoints>
              <BranchPoints />
            </Method>
            <Method visited="true" cyclomaticComplexity="0" nPathComplexity="0" sequenceCoverage="100.0" branchCoverage="0" crapScore="0" isConstructor="false" isStatic="false" isGetter="true" isSetter="false">
              <Summary numSequencePoints="1" visitedSequencePoints="1" numBranchPoints="0" visitedBranchPoints="0" sequenceCoverage="100.0" branchCoverage="0" maxCyclomaticComplexity="0" minCyclomaticComplexity="0" maxCrapScore="0" minCrapScore="0" visitedClasses="0" numClasses="0" visitedMethods="1" numMethods="1" />
              <MetadataToken>100663312</MetadataToken>
              <Name>System.Single Asteroid::get_TestMassPower()</Name>
              <FileRef uid="1" />
              <SequencePoints>
                <SequencePoint vc="1" uspid="4406" ordinal="0" offset="0" sl="88" sc="35" el="88" ec="35" bec="0" bev="0" fileid="1" />
              </SequencePoints>
              <BranchPoints />
            </Method>
            <Method visited="true" cyclomaticComplexity="0" nPathComplexity="0" sequenceCoverage="100.0" branchCoverage="0" crapScore="0" isConstructor="true" isStatic="false" isGetter="false" isSetter="false">
              <Summary numSequencePoints="6" visitedSequencePoints="6" numBranchPoints="0" visitedBranchPoints="0" sequenceCoverage="100.0" branchCoverage="0" maxCyclomaticComplexity="0" minCyclomaticComplexity="0" maxCrapScore="0" minCrapScore="0" visitedClasses="0" numClasses="0" visitedMethods="1" numMethods="1" />
              <MetadataToken>100663313</MetadataToken>
              <Name>Asteroid::Asteroid()</Name>
              <FileRef uid="1" />
              <SequencePoints>
                <SequencePoint vc="31" uspid="4407" ordinal="0" offset="0" sl="10" sc="22" el="10" ec="22" bec="0" bev="0" fileid="1" />
                <SequencePoint vc="31" uspid="4408" ordinal="0" offset="11" sl="11" sc="22" el="11" ec="22" bec="0" bev="0" fileid="1" />
                <SequencePoint vc="31" uspid="4409" ordinal="0" offset="22" sl="12" sc="22" el="12" ec="22" bec="0" bev="0" fileid="1" />
                <SequencePoint vc="31" uspid="4410" ordinal="0" offset="33" sl="13" sc="22" el="13" ec="22" bec="0" bev="0" fileid="1" />
                <SequencePoint vc="31" uspid="4411" ordinal="0" offset="44" sl="14" sc="22" el="14" ec="22" bec="0" bev="0" fileid="1" />
                <SequencePoint vc="31" uspid="4412" ordinal="0" offset="55" sl="18" sc="5" el="18" ec="5" bec="0" bev="0" fileid="1" />
              </SequencePoints>
              <BranchPoints />
            </Method>
          </Methods>
        </Class>
        <Class>
          <Summary numSequencePoints="14" visitedSequencePoints="14" numBranchPoints="0" visitedBranchPoints="0" sequenceCoverage="100.0" branchCoverage="0.0" maxCyclomaticComplexity="0" minCyclomaticComplexity="0" maxCrapScore="0" minCrapScore="0" visitedClasses="1" numClasses="1" visitedMethods="5" numMethods="5" />
          <FullName>AsteroidCollisionDamage</FullName>
          <Methods>
            <Method visited="true" cyclomaticComplexity="0" nPathComplexity="0" sequenceCoverage="100.0" branchCoverage="0" crapScore="0" isConstructor="false" isStatic="false" isGetter="false" isSetter="false">
              <Summary numSequencePoints="3" visitedSequencePoints="3" numBranchPoints="0" visitedBranchPoints="0" sequenceCoverage="100.0" branchCoverage="0" maxCyclomaticComplexity="0" minCyclomaticComplexity="0" maxCrapScore="0" minCrapScore="0" visitedClasses="0" numClasses="0" visitedMethods="1" numMethods="1" />
              <MetadataToken>100663320</MetadataToken>
              <Name>System.Single AsteroidCollisionDamage::CalculateSpeedFactor(System.Single)</Name>
              <FileRef uid="2" />
              <SequencePoints>
                <SequencePoint vc="5" uspid="4427" ordinal="0" offset="0" sl="32" sc="5" el="32" ec="5" bec="0" bev="0" fileid="2" />
                <SequencePoint vc="5" uspid="4428" ordinal="0" offset="1" sl="33" sc="9" el="33" ec="9" bec="0" bev="0" fileid="2" />
                <SequencePoint vc="5" uspid="4429" ordinal="0" offset="31" sl="35" sc="5" el="35" ec="5" bec="0" bev="0" fileid="2" />
              </SequencePoints>
              <BranchPoints />
            </Method>
            <Method visited="true" cyclomaticComplexity="0" nPathComplexity="0" sequenceCoverage="100.0" branchCoverage="0" crapScore="0" isConstructor="false" isStatic="false" isGetter="false" isSetter="false">
              <Summary numSequencePoints="4" visitedSequencePoints="4" numBranchPoints="0" visitedBranchPoints="0" sequenceCoverage="100.0" branchCoverage="0" maxCyclomaticComplexity="0" minCyclomaticComplexity="0" maxCrapScore="0" minCrapScore="0" visitedClasses="0" numClasses="0" visitedMethods="1" numMethods="1" />
              <MetadataToken>100663321</MetadataToken>
              <Name>System.Int32 AsteroidCollisionDamage::CalculateFinalDamage(System.Single)</Name>
              <FileRef uid="2" />
              <SequencePoints>
                <SequencePoint vc="2" uspid="4430" ordinal="0" offset="0" sl="38" sc="5" el="38" ec="5" bec="0" bev="0" fileid="2" />
                <SequencePoint vc="2" uspid="4431" ordinal="0" offset="1" sl="39" sc="9" el="39" ec="9" bec="0" bev="0" fileid="2" />
                <SequencePoint vc="2" uspid="4432" ordinal="0" offset="24" sl="40" sc="9" el="40" ec="9" bec="0" bev="0" fileid="2" />
                <SequencePoint vc="2" uspid="4433" ordinal="0" offset="33" sl="41" sc="5" el="41" ec="5" bec="0" bev="0" fileid="2" />
              </SequencePoints>
              <BranchPoints />
            </Method>
            <Method visited="true" cyclomaticComplexity="0" nPathComplexity="0" sequenceCoverage="100.0" branchCoverage="0" crapScore="0" isConstructor="false" isStatic="false" isGetter="false" isSetter="false">
              <Summary numSequencePoints="1" visitedSequencePoints="1" numBranchPoints="0" visitedBranchPoints="0" sequenceCoverage="100.0" branchCoverage="0" maxCyclomaticComplexity="0" minCyclomaticComplexity="0" maxCrapScore="0" minCrapScore="0" visitedClasses="0" numClasses="0" visitedMethods="1" numMethods="1" />
              <MetadataToken>100663322</MetadataToken>
              <Name>System.Single AsteroidCollisionDamage::TestCalculateSpeedFactor(System.Single)</Name>
              <FileRef uid="2" />
              <SequencePoints>
                <SequencePoint vc="5" uspid="4434" ordinal="0" offset="0" sl="44" sc="59" el="44" ec="59" bec="0" bev="0" fileid="2" />
              </SequencePoints>
              <BranchPoints />
            </Method>
            <Method visited="true" cyclomaticComplexity="0" nPathComplexity="0" sequenceCoverage="100.0" branchCoverage="0" crapScore="0" isConstructor="false" isStatic="false" isGetter="false" isSetter="false">
              <Summary numSequencePoints="1" visitedSequencePoints="1" numBranchPoints="0" visitedBranchPoints="0" sequenceCoverage="100.0" branchCoverage="0" maxCyclomaticComplexity="0" minCyclomaticComplexity="0" maxCrapScore="0" minCrapScore="0" visitedClasses="0" numClasses="0" visitedMethods="1" numMethods="1" />
              <MetadataToken>100663323</MetadataToken>
              <Name>System.Int32 AsteroidCollisionDamage::TestCalculateFinalDamage(System.Single)</Name>
              <FileRef uid="2" />
              <SequencePoints>
                <SequencePoint vc="2" uspid="4435" ordinal="0" offset="0" sl="45" sc="58" el="45" ec="58" bec="0" bev="0" fileid="2" />
              </SequencePoints>
              <BranchPoints />
            </Method>
            <Method visited="true" cyclomaticComplexity="0" nPathComplexity="0" sequenceCoverage="100.0" branchCoverage="0" crapScore="0" isConstructor="true" isStatic="false" isGetter="false" isSetter="false">
              <Summary numSequencePoints="5" visitedSequencePoints="5" numBranchPoints="0" visitedBranchPoints="0" sequenceCoverage="100.0" branchCoverage="0" maxCyclomaticComplexity="0" minCyclomaticComplexity="0" maxCrapScore="0" minCrapScore="0" visitedClasses="0" numClasses="0" visitedMethods="1" numMethods="1" />
              <MetadataToken>100663324</MetadataToken>
              <Name>AsteroidCollisionDamage::AsteroidCollisionDamage()</Name>
              <FileRef uid="2" />
              <SequencePoints>
                <SequencePoint vc="7" uspid="4436" ordinal="0" offset="0" sl="7" sc="22" el="7" ec="22" bec="0" bev="0" fileid="2" />
                <SequencePoint vc="7" uspid="4437" ordinal="0" offset="8" sl="8" sc="19" el="8" ec="19" bec="0" bev="0" fileid="2" />
                <SequencePoint vc="7" uspid="4438" ordinal="0" offset="19" sl="9" sc="19" el="9" ec="19" bec="0" bev="0" fileid="2" />
                <SequencePoint vc="7" uspid="4439" ordinal="0" offset="30" sl="10" sc="19" el="10" ec="19" bec="0" bev="0" fileid="2" />
                <SequencePoint vc="7" uspid="4440" ordinal="0" offset="41" sl="11" sc="19" el="11" ec="19" bec="0" bev="0" fileid="2" />
              </SequencePoints>
              <BranchPoints />
            </Method>
          </Methods>
        </Class>
        <Class>
          <Summary numSequencePoints="11" visitedSequencePoints="11" numBranchPoints="0" visitedBranchPoints="0" sequenceCoverage="100.0" branchCoverage="0.0" maxCyclomaticComplexity="0" minCyclomaticComplexity="0" maxCrapScore="0" minCrapScore="0" visitedClasses="1" numClasses="1" visitedMethods="2" numMethods="2" />
          <FullName>AsteroidMovement</FullName>
          <Methods>
            <Method visited="true" cyclomaticComplexity="0" nPathComplexity="0" sequenceCoverage="100.0" branchCoverage="0" crapScore="0" isConstructor="false" isStatic="false" isGetter="false" isSetter="false">
              <Summary numSequencePoints="6" visitedSequencePoints="6" numBranchPoints="0" visitedBranchPoints="0" sequenceCoverage="100.0" branchCoverage="0" maxCyclomaticComplexity="0" minCyclomaticComplexity="0" maxCrapScore="0" minCrapScore="0" visitedClasses="0" numClasses="0" visitedMethods="1" numMethods="1" />
              <MetadataToken>100663326</MetadataToken>
              <Name>System.Void AsteroidMovement::OnStartServer()</Name>
              <FileRef uid="3" />
              <SequencePoints>
                <SequencePoint vc="22" uspid="4441" ordinal="0" offset="0" sl="14" sc="2" el="14" ec="2" bec="0" bev="0" fileid="3" />
                <SequencePoint vc="22" uspid="4442" ordinal="0" offset="1" sl="15" sc="3" el="15" ec="3" bec="0" bev="0" fileid="3" />
                <SequencePoint vc="22" uspid="4443" ordinal="0" offset="8" sl="16" sc="3" el="16" ec="3" bec="0" bev="0" fileid="3" />
                <SequencePoint vc="22" uspid="4444" ordinal="0" offset="20" sl="18" sc="3" el="18" ec="3" bec="0" bev="0" fileid="3" />
                <SequencePoint vc="22" uspid="4445" ordinal="0" offset="39" sl="19" sc="3" el="19" ec="3" bec="0" bev="0" fileid="3" />
                <SequencePoint vc="22" uspid="4446" ordinal="0" offset="58" sl="20" sc="2" el="20" ec="2" bec="0" bev="0" fileid="3" />
              </SequencePoints>
              <BranchPoints />
            </Method>
            <Method visited="true" cyclomaticComplexity="0" nPathComplexity="0" sequenceCoverage="100.0" branchCoverage="0" crapScore="0" isConstructor="false" isStatic="false" isGetter="false" isSetter="false">
              <Summary numSequencePoints="5" visitedSequencePoints="5" numBranchPoints="0" visitedBranchPoints="0" sequenceCoverage="100.0" branchCoverage="0" maxCyclomaticComplexity="0" minCyclomaticComplexity="0" maxCrapScore="0" minCrapScore="0" visitedClasses="0" numClasses="0" visitedMethods="1" numMethods="1" />
              <MetadataToken>100663327</MetadataToken>
              <Name>System.Void AsteroidMovement::SetMovementParameters(System.Single, UnityEngine.Vector3, UnityEngine.Vector3)</Name>
              <FileRef uid="3" />
              <SequencePoints>
                <SequencePoint vc="21" uspid="4447" ordinal="0" offset="21" sl="25" sc="5" el="25" ec="5" bec="0" bev="0" fileid="3" />
                <SequencePoint vc="21" uspid="4448" ordinal="0" offset="22" sl="26" sc="9" el="26" ec="9" bec="0" bev="0" fileid="3" />
                <SequencePoint vc="21" uspid="4449" ordinal="0" offset="29" sl="27" sc="9" el="27" ec="9" bec="0" bev="0" fileid="3" />
                <SequencePoint vc="21" uspid="4450" ordinal="0" offset="36" sl="28" sc="9" el="28" ec="9" bec="0" bev="0" fileid="3" />
                <SequencePoint vc="21" uspid="4451" ordinal="0" offset="43" sl="29" sc="5" el="29" ec="5" bec="0" bev="0" fileid="3" />
              </SequencePoints>
              <BranchPoints />
            </Method>
          </Methods>
        </Class>
        <Class>
          <Summary numSequencePoints="12" visitedSequencePoints="12" numBranchPoints="0" visitedBranchPoints="0" sequenceCoverage="100.0" branchCoverage="0.0" maxCyclomaticComplexity="0" minCyclomaticComplexity="0" maxCrapScore="0" minCrapScore="0" visitedClasses="1" numClasses="1" visitedMethods="2" numMethods="2" />
          <FullName>AsteroidsPlacer</FullName>
          <Methods>
            <Method visited="true" cyclomaticComplexity="0" nPathComplexity="0" sequenceCoverage="100.0" branchCoverage="0" crapScore="0" isConstructor="false" isStatic="false" isGetter="false" isSetter="false">
              <Summary numSequencePoints="10" visitedSequencePoints="10" numBranchPoints="0" visitedBranchPoints="0" sequenceCoverage="100.0" branchCoverage="0" maxCyclomaticComplexity="0" minCyclomaticComplexity="0" maxCrapScore="0" minCrapScore="0" visitedClasses="0" numClasses="0" visitedMethods="1" numMethods="1" />
              <MetadataToken>100663338</MetadataToken>
              <Name>System.Void AsteroidsPlacer::OnStartServer()</Name>
              <FileRef uid="4" />
              <SequencePoints>
                <SequencePoint vc="1" uspid="4452" ordinal="0" offset="0" sl="16" sc="2" el="16" ec="2" bec="0" bev="0" fileid="4" />
                <SequencePoint vc="1" uspid="4453" ordinal="0" offset="1" sl="17" sc="3" el="17" ec="3" bec="0" bev="0" fileid="4" />
                <SequencePoint vc="1" uspid="4454" ordinal="0" offset="8" sl="18" sc="3" el="18" ec="3" bec="0" bev="0" fileid="4" />
                <SequencePoint vc="1" uspid="4455" ordinal="0" offset="20" sl="20" sc="3" el="20" ec="3" bec="0" bev="0" fileid="4" />
                <SequencePoint vc="1" uspid="4456" ordinal="0" offset="42" sl="21" sc="9" el="21" ec="9" bec="0" bev="0" fileid="4" />
                <SequencePoint vc="1" uspid="4457" ordinal="0" offset="62" sl="22" sc="3" el="22" ec="3" bec="0" bev="0" fileid="4" />
                <SequencePoint vc="1" uspid="4458" ordinal="0" offset="96" sl="23" sc="3" el="23" ec="3" bec="0" bev="0" fileid="4" />
                <SequencePoint vc="1" uspid="4459" ordinal="0" offset="158" sl="29" sc="3" el="29" ec="3" bec="0" bev="0" fileid="4" />
                <SequencePoint vc="1" uspid="4460" ordinal="0" offset="172" sl="30" sc="3" el="30" ec="3" bec="0" bev="0" fileid="4" />
                <SequencePoint vc="1" uspid="4461" ordinal="0" offset="186" sl="31" sc="2" el="31" ec="2" bec="0" bev="0" fileid="4" />
              </SequencePoints>
              <BranchPoints />
            </Method>
            <Method visited="true" cyclomaticComplexity="0" nPathComplexity="0" sequenceCoverage="100.0" branchCoverage="0" crapScore="0" isConstructor="true" isStatic="false" isGetter="false" isSetter="false">
              <Summary numSequencePoints="2" visitedSequencePoints="2" numBranchPoints="0" visitedBranchPoints="0" sequenceCoverage="100.0" branchCoverage="0" maxCyclomaticComplexity="0" minCyclomaticComplexity="0" maxCrapScore="0" minCrapScore="0" visitedClasses="0" numClasses="0" visitedMethods="1" numMethods="1" />
              <MetadataToken>100663339</MetadataToken>
              <Name>AsteroidsPlacer::AsteroidsPlacer()</Name>
              <FileRef uid="4" />
              <SequencePoints>
                <SequencePoint vc="1" uspid="4462" ordinal="0" offset="0" sl="7" sc="2" el="7" ec="2" bec="0" bev="0" fileid="4" />
                <SequencePoint vc="1" uspid="4463" ordinal="0" offset="11" sl="13" sc="49" el="13" ec="49" bec="0" bev="0" fileid="4" />
              </SequencePoints>
              <BranchPoints />
            </Method>
          </Methods>
        </Class>
        <Class>
          <Summary numSequencePoints="76" visitedSequencePoints="74" numBranchPoints="0" visitedBranchPoints="0" sequenceCoverage="97.37" branchCoverage="0.0" maxCyclomaticComplexity="0" minCyclomaticComplexity="0" maxCrapScore="0" minCrapScore="0" visitedClasses="1" numClasses="1" visitedMethods="7" numMethods="7" />
          <FullName>AsteroidSpawnManager</FullName>
          <Methods>
            <Method visited="true" cyclomaticComplexity="0" nPathComplexity="0" sequenceCoverage="100.0" branchCoverage="0" crapScore="0" isConstructor="false" isStatic="false" isGetter="false" isSetter="false">
              <Summary numSequencePoints="6" visitedSequencePoints="6" numBranchPoints="0" visitedBranchPoints="0" sequenceCoverage="100.0" branchCoverage="0" maxCyclomaticComplexity="0" minCyclomaticComplexity="0" maxCrapScore="0" minCrapScore="0" visitedClasses="0" numClasses="0" visitedMethods="1" numMethods="1" />
              <MetadataToken>100663341</MetadataToken>
              <Name>System.Void AsteroidSpawnManager::OnStartServer()</Name>
              <FileRef uid="5" />
              <SequencePoints>
                <SequencePoint vc="2" uspid="4464" ordinal="0" offset="0" sl="41" sc="5" el="41" ec="5" bec="0" bev="0" fileid="5" />
                <SequencePoint vc="2" uspid="4465" ordinal="0" offset="1" sl="42" sc="9" el="42" ec="9" bec="0" bev="0" fileid="5" />
                <SequencePoint vc="2" uspid="4466" ordinal="0" offset="8" sl="43" sc="9" el="43" ec="9" bec="0" bev="0" fileid="5" />
                <SequencePoint vc="2" uspid="4467" ordinal="0" offset="20" sl="44" sc="9" el="44" ec="9" bec="0" bev="0" fileid="5" />
                <SequencePoint vc="2" uspid="4468" ordinal="0" offset="30" sl="45" sc="13" el="45" ec="13" bec="0" bev="0" fileid="5" />
                <SequencePoint vc="2" uspid="4469" ordinal="0" offset="43" sl="46" sc="5" el="46" ec="5" bec="0" bev="0" fileid="5" />
              </SequencePoints>
              <BranchPoints />
            </Method>
            <Method visited="true" cyclomaticComplexity="0" nPathComplexity="0" sequenceCoverage="100.0" branchCoverage="0" crapScore="0" isConstructor="false" isStatic="false" isGetter="false" isSetter="false">
              <Summary numSequencePoints="2" visitedSequencePoints="2" numBranchPoints="0" visitedBranchPoints="0" sequenceCoverage="100.0" branchCoverage="0" maxCyclomaticComplexity="0" minCyclomaticComplexity="0" maxCrapScore="0" minCrapScore="0" visitedClasses="0" numClasses="0" visitedMethods="1" numMethods="1" />
              <MetadataToken>100663342</MetadataToken>
              <Name>System.Void AsteroidSpawnManager::Update()</Name>
              <FileRef uid="5" />
              <SequencePoints>
                <SequencePoint vc="33" uspid="4470" ordinal="0" offset="21" sl="50" sc="5" el="50" ec="5" bec="0" bev="0" fileid="5" />
                <SequencePoint vc="33" uspid="4471" ordinal="0" offset="22" sl="52" sc="5" el="52" ec="5" bec="0" bev="0" fileid="5" />
              </SequencePoints>
              <BranchPoints />
            </Method>
            <Method visited="true" cyclomaticComplexity="0" nPathComplexity="0" sequenceCoverage="100.0" branchCoverage="0" crapScore="0" isConstructor="false" isStatic="false" isGetter="false" isSetter="false">
              <Summary numSequencePoints="9" visitedSequencePoints="9" numBranchPoints="0" visitedBranchPoints="0" sequenceCoverage="100.0" branchCoverage="0" maxCyclomaticComplexity="0" minCyclomaticComplexity="0" maxCrapScore="0" minCrapScore="0" visitedClasses="0" numClasses="0" visitedMethods="1" numMethods="1" />
              <MetadataToken>100663343</MetadataToken>
              <Name>System.Void AsteroidSpawnManager::FixedUpdate()</Name>
              <FileRef uid="5" />
              <SequencePoints>
                <SequencePoint vc="10" uspid="4472" ordinal="0" offset="21" sl="56" sc="2" el="56" ec="2" bec="0" bev="0" fileid="5" />
                <SequencePoint vc="10" uspid="4473" ordinal="0" offset="22" sl="59" sc="9" el="59" ec="9" bec="0" bev="0" fileid="5" />
                <SequencePoint vc="10" uspid="4474" ordinal="0" offset="40" sl="61" sc="9" el="61" ec="9" bec="0" bev="0" fileid="5" />
                <SequencePoint vc="4" uspid="4475" ordinal="0" offset="79" sl="62" sc="9" el="62" ec="9" bec="0" bev="0" fileid="5" />
                <SequencePoint vc="4" uspid="4476" ordinal="0" offset="80" sl="63" sc="13" el="63" ec="13" bec="0" bev="0" fileid="5" />
                <SequencePoint vc="4" uspid="4477" ordinal="0" offset="87" sl="64" sc="13" el="64" ec="13" bec="0" bev="0" fileid="5" />
                <SequencePoint vc="4" uspid="4478" ordinal="0" offset="99" sl="65" sc="9" el="65" ec="9" bec="0" bev="0" fileid="5" />
                <SequencePoint vc="10" uspid="4479" ordinal="0" offset="100" sl="68" sc="9" el="68" ec="9" bec="0" bev="0" fileid="5" />
                <SequencePoint vc="10" uspid="4480" ordinal="0" offset="143" sl="69" sc="2" el="69" ec="2" bec="0" bev="0" fileid="5" />
              </SequencePoints>
              <BranchPoints />
            </Method>
            <Method visited="true" cyclomaticComplexity="0" nPathComplexity="0" sequenceCoverage="100.0" branchCoverage="0" crapScore="0" isConstructor="false" isStatic="false" isGetter="false" isSetter="false">
              <Summary numSequencePoints="13" visitedSequencePoints="13" numBranchPoints="0" visitedBranchPoints="0" sequenceCoverage="100.0" branchCoverage="0" maxCyclomaticComplexity="0" minCyclomaticComplexity="0" maxCrapScore="0" minCrapScore="0" visitedClasses="0" numClasses="0" visitedMethods="1" numMethods="1" />
              <MetadataToken>100663344</MetadataToken>
              <Name>System.Void AsteroidSpawnManager::SpawnAsteroid()</Name>
              <FileRef uid="5" />
              <SequencePoints>
                <SequencePoint vc="20" uspid="4481" ordinal="0" offset="21" sl="73" sc="5" el="73" ec="5" bec="0" bev="0" fileid="5" />
                <SequencePoint vc="20" uspid="4482" ordinal="0" offset="22" sl="75" sc="9" el="75" ec="9" bec="0" bev="0" fileid="5" />
                <SequencePoint vc="20" uspid="4483" ordinal="0" offset="44" sl="77" sc="9" el="77" ec="9" bec="0" bev="0" fileid="5" />
                <SequencePoint vc="20" uspid="4484" ordinal="0" offset="62" sl="79" sc="9" el="79" ec="9" bec="0" bev="0" fileid="5" />
                <SequencePoint vc="20" uspid="4485" ordinal="0" offset="80" sl="80" sc="9" el="80" ec="9" bec="0" bev="0" fileid="5" />
                <SequencePoint vc="20" uspid="4486" ordinal="0" offset="87" sl="81" sc="9" el="81" ec="9" bec="0" bev="0" fileid="5" />
                <SequencePoint vc="20" uspid="4487" ordinal="0" offset="100" sl="82" sc="9" el="82" ec="9" bec="0" bev="0" fileid="5" />
                <SequencePoint vc="20" uspid="4488" ordinal="0" offset="101" sl="83" sc="13" el="83" ec="13" bec="0" bev="0" fileid="5" />
                <SequencePoint vc="20" uspid="4489" ordinal="0" offset="109" sl="84" sc="9" el="84" ec="9" bec="0" bev="0" fileid="5" />
                <SequencePoint vc="20" uspid="4490" ordinal="0" offset="110" sl="88" sc="9" el="88" ec="9" bec="0" bev="0" fileid="5" />
                <SequencePoint vc="20" uspid="4491" ordinal="0" offset="119" sl="90" sc="9" el="90" ec="9" bec="0" bev="0" fileid="5" />
                <SequencePoint vc="20" uspid="4492" ordinal="0" offset="127" sl="91" sc="9" el="91" ec="9" bec="0" bev="0" fileid="5" />
                <SequencePoint vc="20" uspid="4493" ordinal="0" offset="140" sl="92" sc="5" el="92" ec="5" bec="0" bev="0" fileid="5" />
              </SequencePoints>
              <BranchPoints />
            </Method>
            <Method visited="true" cyclomaticComplexity="0" nPathComplexity="0" sequenceCoverage="90.00" branchCoverage="0" crapScore="0" isConstructor="false" isStatic="false" isGetter="false" isSetter="false">
              <Summary numSequencePoints="20" visitedSequencePoints="18" numBranchPoints="0" visitedBranchPoints="0" sequenceCoverage="90.00" branchCoverage="0" maxCyclomaticComplexity="0" minCyclomaticComplexity="0" maxCrapScore="0" minCrapScore="0" visitedClasses="0" numClasses="0" visitedMethods="1" numMethods="1" />
              <MetadataToken>100663345</MetadataToken>
              <Name>System.Void AsteroidSpawnManager::SetupAsteroidMovement(UnityEngine.GameObject, System.Single)</Name>
              <FileRef uid="5" />
              <SequencePoints>
                <SequencePoint vc="20" uspid="4494" ordinal="0" offset="21" sl="96" sc="5" el="96" ec="5" bec="0" bev="0" fileid="5" />
                <SequencePoint vc="20" uspid="4495" ordinal="0" offset="22" sl="97" sc="9" el="97" ec="9" bec="0" bev="0" fileid="5" />
                <SequencePoint vc="20" uspid="4496" ordinal="0" offset="29" sl="98" sc="9" el="98" ec="9" bec="0" bev="0" fileid="5" />
                <SequencePoint vc="0" uspid="4497" ordinal="0" offset="42" sl="98" sc="31" el="98" ec="31" bec="0" bev="0" fileid="5" />
                <SequencePoint vc="20" uspid="4498" ordinal="0" offset="47" sl="101" sc="9" el="101" ec="9" bec="0" bev="0" fileid="5" />
                <SequencePoint vc="20" uspid="4499" ordinal="0" offset="65" sl="102" sc="9" el="102" ec="9" bec="0" bev="0" fileid="5" />
                <SequencePoint vc="20" uspid="4500" ordinal="0" offset="83" sl="104" sc="9" el="104" ec="9" bec="0" bev="0" fileid="5" />
                <SequencePoint vc="20" uspid="4501" ordinal="0" offset="95" sl="105" sc="9" el="105" ec="9" bec="0" bev="0" fileid="5" />
                <SequencePoint vc="20" uspid="4502" ordinal="0" offset="103" sl="106" sc="9" el="106" ec="9" bec="0" bev="0" fileid="5" />
                <SequencePoint vc="0" uspid="4503" ordinal="0" offset="123" sl="106" sc="46" el="106" ec="46" bec="0" bev="0" fileid="5" />
                <SequencePoint vc="20" uspid="4504" ordinal="0" offset="130" sl="107" sc="9" el="107" ec="9" bec="0" bev="0" fileid="5" />
                <SequencePoint vc="20" uspid="4505" ordinal="0" offset="138" sl="110" sc="9" el="110" ec="9" bec="0" bev="0" fileid="5" />
                <SequencePoint vc="20" uspid="4506" ordinal="0" offset="145" sl="111" sc="9" el="111" ec="9" bec="0" bev="0" fileid="5" />
                <SequencePoint vc="20" uspid="4507" ordinal="0" offset="159" sl="112" sc="9" el="112" ec="9" bec="0" bev="0" fileid="5" />
                <SequencePoint vc="20" uspid="4508" ordinal="0" offset="186" sl="113" sc="9" el="113" ec="9" bec="0" bev="0" fileid="5" />
                <SequencePoint vc="20" uspid="4509" ordinal="0" offset="213" sl="114" sc="9" el="114" ec="9" bec="0" bev="0" fileid="5" />
                <SequencePoint vc="20" uspid="4510" ordinal="0" offset="235" sl="116" sc="9" el="116" ec="9" bec="0" bev="0" fileid="5" />
                <SequencePoint vc="20" uspid="4511" ordinal="0" offset="245" sl="119" sc="9" el="119" ec="9" bec="0" bev="0" fileid="5" />
                <SequencePoint vc="20" uspid="4512" ordinal="0" offset="303" sl="125" sc="9" el="125" ec="9" bec="0" bev="0" fileid="5" />
                <SequencePoint vc="20" uspid="4513" ordinal="0" offset="315" sl="126" sc="5" el="126" ec="5" bec="0" bev="0" fileid="5" />
              </SequencePoints>
              <BranchPoints />
            </Method>
            <Method visited="true" cyclomaticComplexity="0" nPathComplexity="0" sequenceCoverage="100.0" branchCoverage="0" crapScore="0" isConstructor="false" isStatic="false" isGetter="false" isSetter="false">
              <Summary numSequencePoints="11" visitedSequencePoints="11" numBranchPoints="0" visitedBranchPoints="0" sequenceCoverage="100.0" branchCoverage="0" maxCyclomaticComplexity="0" minCyclomaticComplexity="0" maxCrapScore="0" minCrapScore="0" visitedClasses="0" numClasses="0" visitedMethods="1" numMethods="1" />
              <MetadataToken>100663346</MetadataToken>
              <Name>System.Void AsteroidSpawnManager::ClearAllAsteroids()</Name>
              <FileRef uid="5" />
              <SequencePoints>
                <SequencePoint vc="1" uspid="4514" ordinal="0" offset="21" sl="130" sc="5" el="130" ec="5" bec="0" bev="0" fileid="5" />
                <SequencePoint vc="1" uspid="4515" ordinal="0" offset="22" sl="131" sc="9" el="131" ec="9" bec="0" bev="0" fileid="5" />
                <SequencePoint vc="1" uspid="4516" ordinal="0" offset="23" sl="131" sc="34" el="131" ec="34" bec="0" bev="0" fileid="5" />
                <SequencePoint vc="3" uspid="4517" ordinal="0" offset="37" sl="131" sc="18" el="131" ec="18" bec="0" bev="0" fileid="5" />
                <SequencePoint vc="3" uspid="4518" ordinal="0" offset="45" sl="132" sc="9" el="132" ec="9" bec="0" bev="0" fileid="5" />
                <SequencePoint vc="3" uspid="4519" ordinal="0" offset="46" sl="133" sc="13" el="133" ec="13" bec="0" bev="0" fileid="5" />
                <SequencePoint vc="3" uspid="4520" ordinal="0" offset="57" sl="134" sc="17" el="134" ec="17" bec="0" bev="0" fileid="5" />
                <SequencePoint vc="3" uspid="4521" ordinal="0" offset="64" sl="135" sc="9" el="135" ec="9" bec="0" bev="0" fileid="5" />
                <SequencePoint vc="4" uspid="4522" ordinal="0" offset="65" sl="131" sc="31" el="131" ec="31" bec="0" bev="0" fileid="5" />
                <SequencePoint vc="1" uspid="4523" ordinal="0" offset="91" sl="136" sc="9" el="136" ec="9" bec="0" bev="0" fileid="5" />
                <SequencePoint vc="1" uspid="4524" ordinal="0" offset="103" sl="137" sc="5" el="137" ec="5" bec="0" bev="0" fileid="5" />
              </SequencePoints>
              <BranchPoints />
            </Method>
            <Method visited="true" cyclomaticComplexity="0" nPathComplexity="0" sequenceCoverage="100.0" branchCoverage="0" crapScore="0" isConstructor="true" isStatic="false" isGetter="false" isSetter="false">
              <Summary numSequencePoints="15" visitedSequencePoints="15" numBranchPoints="0" visitedBranchPoints="0" sequenceCoverage="100.0" branchCoverage="0" maxCyclomaticComplexity="0" minCyclomaticComplexity="0" maxCrapScore="0" minCrapScore="0" visitedClasses="0" numClasses="0" visitedMethods="1" numMethods="1" />
              <MetadataToken>100663349</MetadataToken>
              <Name>AsteroidSpawnManager::AsteroidSpawnManager()</Name>
              <FileRef uid="5" />
              <SequencePoints>
                <SequencePoint vc="4" uspid="4529" ordinal="0" offset="0" sl="9" sc="22" el="9" ec="22" bec="0" bev="0" fileid="5" />
                <SequencePoint vc="4" uspid="4530" ordinal="0" offset="7" sl="10" sc="30" el="10" ec="30" bec="0" bev="0" fileid="5" />
                <SequencePoint vc="4" uspid="4531" ordinal="0" offset="15" sl="11" sc="22" el="11" ec="22" bec="0" bev="0" fileid="5" />
                <SequencePoint vc="4" uspid="4532" ordinal="0" offset="26" sl="15" sc="22" el="15" ec="22" bec="0" bev="0" fileid="5" />
                <SequencePoint vc="4" uspid="4533" ordinal="0" offset="34" sl="16" sc="22" el="16" ec="22" bec="0" bev="0" fileid="5" />
                <SequencePoint vc="4" uspid="4534" ordinal="0" offset="45" sl="20" sc="5" el="20" ec="5" bec="0" bev="0" fileid="5" />
                <SequencePoint vc="4" uspid="4535" ordinal="0" offset="56" sl="22" sc="5" el="22" ec="5" bec="0" bev="0" fileid="5" />
                <SequencePoint vc="4" uspid="4536" ordinal="0" offset="67" sl="24" sc="5" el="24" ec="5" bec="0" bev="0" fileid="5" />
                <SequencePoint vc="4" uspid="4537" ordinal="0" offset="78" sl="26" sc="5" el="26" ec="5" bec="0" bev="0" fileid="5" />
                <SequencePoint vc="4" uspid="4538" ordinal="0" offset="89" sl="29" sc="22" el="29" ec="22" bec="0" bev="0" fileid="5" />
                <SequencePoint vc="4" uspid="4539" ordinal="0" offset="100" sl="30" sc="22" el="30" ec="22" bec="0" bev="0" fileid="5" />
                <SequencePoint vc="4" uspid="4540" ordinal="0" offset="111" sl="33" sc="37" el="33" ec="37" bec="0" bev="0" fileid="5" />
                <SequencePoint vc="4" uspid="4541" ordinal="0" offset="122" sl="34" sc="22" el="34" ec="22" bec="0" bev="0" fileid="5" />
                <SequencePoint vc="4" uspid="4542" ordinal="0" offset="133" sl="35" sc="22" el="35" ec="22" bec="0" bev="0" fileid="5" />
                <SequencePoint vc="4" uspid="4543" ordinal="0" offset="144" sl="37" sc="5" el="37" ec="5" bec="0" bev="0" fileid="5" />
              </SequencePoints>
              <BranchPoints />
            </Method>
          </Methods>
        </Class>
        <Class>
          <Summary numSequencePoints="2" visitedSequencePoints="2" numBranchPoints="0" visitedBranchPoints="0" sequenceCoverage="100.0" branchCoverage="0.0" maxCyclomaticComplexity="0" minCyclomaticComplexity="0" maxCrapScore="0" minCrapScore="0" visitedClasses="1" numClasses="1" visitedMethods="2" numMethods="2" />
          <FullName>AsteroidSpawnManager/&lt;&gt;c</FullName>
          <Methods>
            <Method visited="true" cyclomaticComplexity="0" nPathComplexity="0" sequenceCoverage="100.0" branchCoverage="0" crapScore="0" isConstructor="false" isStatic="false" isGetter="false" isSetter="false">
              <Summary numSequencePoints="1" visitedSequencePoints="1" numBranchPoints="0" visitedBranchPoints="0" sequenceCoverage="100.0" branchCoverage="0" maxCyclomaticComplexity="0" minCyclomaticComplexity="0" maxCrapScore="0" minCrapScore="0" visitedClasses="0" numClasses="0" visitedMethods="1" numMethods="1" />
              <MetadataToken>100663353</MetadataToken>
              <Name>System.Boolean AsteroidSpawnManager/&lt;&gt;c::&lt;FixedUpdate&gt;b__19_0(UnityEngine.GameObject)</Name>
              <FileRef uid="5" />
              <SequencePoints>
                <SequencePoint vc="40" uspid="4544" ordinal="0" offset="0" sl="68" sc="49" el="68" ec="49" bec="0" bev="0" fileid="5" />
              </SequencePoints>
              <BranchPoints />
            </Method>
            <Method visited="true" cyclomaticComplexity="0" nPathComplexity="0" sequenceCoverage="100.0" branchCoverage="0" crapScore="0" isConstructor="false" isStatic="false" isGetter="false" isSetter="false">
              <Summary numSequencePoints="1" visitedSequencePoints="1" numBranchPoints="0" visitedBranchPoints="0" sequenceCoverage="100.0" branchCoverage="0" maxCyclomaticComplexity="0" minCyclomaticComplexity="0" maxCrapScore="0" minCrapScore="0" visitedClasses="0" numClasses="0" visitedMethods="1" numMethods="1" />
              <MetadataToken>100663354</MetadataToken>
              <Name>System.Boolean AsteroidSpawnManager/&lt;&gt;c::&lt;WarmupFillCoroutine&gt;b__23_0(UnityEngine.GameObject)</Name>
              <FileRef uid="5" />
              <SequencePoints>
                <SequencePoint vc="2" uspid="4545" ordinal="0" offset="0" sl="142" sc="42" el="142" ec="42" bec="0" bev="0" fileid="5" />
              </SequencePoints>
              <BranchPoints />
            </Method>
          </Methods>
        </Class>
        <Class>
          <Summary numSequencePoints="16" visitedSequencePoints="15" numBranchPoints="0" visitedBranchPoints="0" sequenceCoverage="93.75" branchCoverage="0.0" maxCyclomaticComplexity="0" minCyclomaticComplexity="0" maxCrapScore="0" minCrapScore="0" visitedClasses="1" numClasses="1" visitedMethods="1" numMethods="1" />
          <FullName>AsteroidSpawnManager/&lt;WarmupFillCoroutine&gt;d__23</FullName>
          <Methods>
            <Method visited="true" cyclomaticComplexity="0" nPathComplexity="0" sequenceCoverage="93.75" branchCoverage="0" crapScore="0" isConstructor="false" isStatic="false" isGetter="false" isSetter="false">
              <Summary numSequencePoints="16" visitedSequencePoints="15" numBranchPoints="0" visitedBranchPoints="0" sequenceCoverage="93.75" branchCoverage="0" maxCyclomaticComplexity="0" minCyclomaticComplexity="0" maxCrapScore="0" minCrapScore="0" visitedClasses="0" numClasses="0" visitedMethods="1" numMethods="1" />
              <MetadataToken>100663357</MetadataToken>
              <Name>System.Boolean AsteroidSpawnManager/&lt;WarmupFillCoroutine&gt;d__23::MoveNext()</Name>
              <FileRef uid="5" />
              <SequencePoints>
                <SequencePoint vc="2" uspid="4546" ordinal="0" offset="48" sl="141" sc="5" el="141" ec="5" bec="0" bev="0" fileid="5" />
                <SequencePoint vc="2" uspid="4547" ordinal="0" offset="49" sl="142" sc="9" el="142" ec="9" bec="0" bev="0" fileid="5" />
                <SequencePoint vc="2" uspid="4548" ordinal="0" offset="102" sl="145" sc="9" el="145" ec="9" bec="0" bev="0" fileid="5" />
                <SequencePoint vc="2" uspid="4549" ordinal="0" offset="103" sl="146" sc="13" el="146" ec="13" bec="0" bev="0" fileid="5" />
                <SequencePoint vc="2" uspid="4550" ordinal="0" offset="137" sl="147" sc="13" el="147" ec="13" bec="0" bev="0" fileid="5" />
                <SequencePoint vc="2" uspid="4551" ordinal="0" offset="165" sl="149" sc="18" el="149" ec="18" bec="0" bev="0" fileid="5" />
                <SequencePoint vc="13" uspid="4552" ordinal="0" offset="174" sl="150" sc="17" el="150" ec="17" bec="0" bev="0" fileid="5" />
                <SequencePoint vc="13" uspid="4553" ordinal="0" offset="186" sl="149" sc="40" el="149" ec="40" bec="0" bev="0" fileid="5" />
                <SequencePoint vc="15" uspid="4554" ordinal="0" offset="202" sl="149" sc="29" el="149" ec="29" bec="0" bev="0" fileid="5" />
                <SequencePoint vc="2" uspid="4555" ordinal="0" offset="220" sl="152" sc="13" el="152" ec="13" bec="0" bev="0" fileid="5" />
                <SequencePoint vc="0" uspid="4556" ordinal="0" offset="242" sl="153" sc="17" el="153" ec="17" bec="0" bev="0" fileid="5" />
                <SequencePoint vc="2" uspid="4557" ordinal="0" offset="282" sl="155" sc="17" el="155" ec="17" bec="0" bev="0" fileid="5" />
                <SequencePoint vc="2" uspid="4558" ordinal="0" offset="305" sl="156" sc="9" el="156" ec="9" bec="0" bev="0" fileid="5" />
                <SequencePoint vc="4" uspid="4559" ordinal="0" offset="306" sl="144" sc="9" el="144" ec="9" bec="0" bev="0" fileid="5" />
                <SequencePoint vc="2" uspid="4560" ordinal="0" offset="344" sl="158" sc="9" el="158" ec="9" bec="0" bev="0" fileid="5" />
                <SequencePoint vc="2" uspid="4561" ordinal="0" offset="366" sl="159" sc="5" el="159" ec="5" bec="0" bev="0" fileid="5" />
              </SequencePoints>
              <BranchPoints />
            </Method>
          </Methods>
        </Class>
        <Class>
          <Summary numSequencePoints="1" visitedSequencePoints="1" numBranchPoints="0" visitedBranchPoints="0" sequenceCoverage="100.0" branchCoverage="0.0" maxCyclomaticComplexity="0" minCyclomaticComplexity="0" maxCrapScore="0" minCrapScore="0" visitedClasses="1" numClasses="1" visitedMethods="1" numMethods="1" />
          <FullName>BorderConfiguration</FullName>
          <Methods>
            <Method visited="true" cyclomaticComplexity="0" nPathComplexity="0" sequenceCoverage="100.0" branchCoverage="0" crapScore="0" isConstructor="true" isStatic="true" isGetter="false" isSetter="false">
              <Summary numSequencePoints="1" visitedSequencePoints="1" numBranchPoints="0" visitedBranchPoints="0" sequenceCoverage="100.0" branchCoverage="0" maxCyclomaticComplexity="0" minCyclomaticComplexity="0" maxCrapScore="0" minCrapScore="0" visitedClasses="0" numClasses="0" visitedMethods="1" numMethods="1" />
              <MetadataToken>100663362</MetadataToken>
              <Name>static BorderConfiguration::BorderConfiguration()</Name>
              <FileRef uid="6" />
              <SequencePoints>
                <SequencePoint vc="1" uspid="4562" ordinal="0" offset="0" sl="5" sc="2" el="5" ec="2" bec="0" bev="0" fileid="6" />
              </SequencePoints>
              <BranchPoints />
            </Method>
          </Methods>
        </Class>
        <Class>
          <Summary numSequencePoints="3" visitedSequencePoints="3" numBranchPoints="0" visitedBranchPoints="0" sequenceCoverage="100.0" branchCoverage="0.0" maxCyclomaticComplexity="0" minCyclomaticComplexity="0" maxCrapScore="0" minCrapScore="0" visitedClasses="1" numClasses="1" visitedMethods="1" numMethods="1" />
          <FullName>LoginConfigData</FullName>
          <Methods>
            <Method visited="true" cyclomaticComplexity="0" nPathComplexity="0" sequenceCoverage="100.0" branchCoverage="0" crapScore="0" isConstructor="true" isStatic="false" isGetter="false" isSetter="false">
              <Summary numSequencePoints="3" visitedSequencePoints="3" numBranchPoints="0" visitedBranchPoints="0" sequenceCoverage="100.0" branchCoverage="0" maxCyclomaticComplexity="0" minCyclomaticComplexity="0" maxCrapScore="0" minCrapScore="0" visitedClasses="0" numClasses="0" visitedMethods="1" numMethods="1" />
              <MetadataToken>100663388</MetadataToken>
              <Name>LoginConfigData::LoginConfigData()</Name>
              <FileRef uid="9" />
              <SequencePoints>
                <SequencePoint vc="1" uspid="4636" ordinal="0" offset="0" sl="8" sc="5" el="8" ec="5" bec="0" bev="0" fileid="9" />
                <SequencePoint vc="1" uspid="4637" ordinal="0" offset="11" sl="9" sc="5" el="9" ec="5" bec="0" bev="0" fileid="9" />
                <SequencePoint vc="1" uspid="4638" ordinal="0" offset="22" sl="10" sc="5" el="10" ec="5" bec="0" bev="0" fileid="9" />
              </SequencePoints>
              <BranchPoints />
            </Method>
          </Methods>
        </Class>
        <Class>
          <Summary numSequencePoints="14" visitedSequencePoints="8" numBranchPoints="0" visitedBranchPoints="0" sequenceCoverage="57.14" branchCoverage="0.0" maxCyclomaticComplexity="0" minCyclomaticComplexity="0" maxCrapScore="0" minCrapScore="0" visitedClasses="1" numClasses="1" visitedMethods="2" numMethods="2" />
          <FullName>ConfigManager</FullName>
          <Methods>
            <Method visited="true" cyclomaticComplexity="0" nPathComplexity="0" sequenceCoverage="53.85" branchCoverage="0" crapScore="0" isConstructor="false" isStatic="true" isGetter="false" isSetter="false">
              <Summary numSequencePoints="13" visitedSequencePoints="7" numBranchPoints="0" visitedBranchPoints="0" sequenceCoverage="53.85" branchCoverage="0" maxCyclomaticComplexity="0" minCyclomaticComplexity="0" maxCrapScore="0" minCrapScore="0" visitedClasses="0" numClasses="0" visitedMethods="1" numMethods="1" />
              <MetadataToken>100663390</MetadataToken>
              <Name>static LoginConfigData ConfigManager::LoadConfig()</Name>
              <FileRef uid="9" />
              <SequencePoints>
                <SequencePoint vc="1" uspid="4650" ordinal="0" offset="0" sl="32" sc="5" el="32" ec="5" bec="0" bev="0" fileid="9" />
                <SequencePoint vc="1" uspid="4651" ordinal="0" offset="1" sl="33" sc="9" el="33" ec="9" bec="0" bev="0" fileid="9" />
                <SequencePoint vc="0" uspid="4652" ordinal="0" offset="18" sl="34" sc="9" el="34" ec="9" bec="0" bev="0" fileid="9" />
                <SequencePoint vc="0" uspid="4653" ordinal="0" offset="19" sl="35" sc="13" el="35" ec="13" bec="0" bev="0" fileid="9" />
                <SequencePoint vc="1" uspid="4654" ordinal="0" offset="28" sl="39" sc="9" el="39" ec="9" bec="0" bev="0" fileid="9" />
                <SequencePoint vc="1" uspid="4655" ordinal="0" offset="29" sl="40" sc="13" el="40" ec="13" bec="0" bev="0" fileid="9" />
                <SequencePoint vc="1" uspid="4656" ordinal="0" offset="40" sl="41" sc="13" el="41" ec="13" bec="0" bev="0" fileid="9" />
                <SequencePoint vc="1" uspid="4657" ordinal="0" offset="51" sl="42" sc="13" el="42" ec="13" bec="0" bev="0" fileid="9" />
                <SequencePoint vc="0" uspid="4658" ordinal="0" offset="60" sl="44" sc="9" el="44" ec="9" bec="0" bev="0" fileid="9" />
                <SequencePoint vc="0" uspid="4659" ordinal="0" offset="61" sl="45" sc="9" el="45" ec="9" bec="0" bev="0" fileid="9" />
                <SequencePoint vc="0" uspid="4660" ordinal="0" offset="62" sl="46" sc="13" el="46" ec="13" bec="0" bev="0" fileid="9" />
                <SequencePoint vc="0" uspid="4661" ordinal="0" offset="84" sl="47" sc="13" el="47" ec="13" bec="0" bev="0" fileid="9" />
                <SequencePoint vc="1" uspid="4662" ordinal="0" offset="92" sl="49" sc="5" el="49" ec="5" bec="0" bev="0" fileid="9" />
              </SequencePoints>
              <BranchPoints />
            </Method>
            <Method visited="true" cyclomaticComplexity="0" nPathComplexity="0" sequenceCoverage="100.0" branchCoverage="0" crapScore="0" isConstructor="true" isStatic="true" isGetter="false" isSetter="false">
              <Summary numSequencePoints="1" visitedSequencePoints="1" numBranchPoints="0" visitedBranchPoints="0" sequenceCoverage="100.0" branchCoverage="0" maxCyclomaticComplexity="0" minCyclomaticComplexity="0" maxCrapScore="0" minCrapScore="0" visitedClasses="0" numClasses="0" visitedMethods="1" numMethods="1" />
              <MetadataToken>100663392</MetadataToken>
              <Name>static ConfigManager::ConfigManager()</Name>
              <FileRef uid="9" />
              <SequencePoints>
                <SequencePoint vc="1" uspid="4670" ordinal="0" offset="0" sl="15" sc="5" el="15" ec="5" bec="0" bev="0" fileid="9" />
              </SequencePoints>
              <BranchPoints />
            </Method>
          </Methods>
        </Class>
        <Class>
          <Summary numSequencePoints="15" visitedSequencePoints="15" numBranchPoints="0" visitedBranchPoints="0" sequenceCoverage="100.0" branchCoverage="0.0" maxCyclomaticComplexity="0" minCyclomaticComplexity="0" maxCrapScore="0" minCrapScore="0" visitedClasses="1" numClasses="1" visitedMethods="2" numMethods="2" />
          <FullName>SpawnPointScatterer</FullName>
          <Methods>
            <Method visited="true" cyclomaticComplexity="0" nPathComplexity="0" sequenceCoverage="100.0" branchCoverage="0" crapScore="0" isConstructor="false" isStatic="true" isGetter="false" isSetter="false">
              <Summary numSequencePoints="12" visitedSequencePoints="12" numBranchPoints="0" visitedBranchPoints="0" sequenceCoverage="100.0" branchCoverage="0" maxCyclomaticComplexity="0" minCyclomaticComplexity="0" maxCrapScore="0" minCrapScore="0" visitedClasses="0" numClasses="0" visitedMethods="1" numMethods="1" />
              <MetadataToken>100663421</MetadataToken>
              <Name>static UnityEngine.Vector3 SpawnPointScatterer::SamplePosition(System.Single, System.Single, System.Single, System.Boolean)</Name>
              <FileRef uid="12" />
              <SequencePoints>
                <SequencePoint vc="102" uspid="4893" ordinal="0" offset="0" sl="176" sc="5" el="176" ec="5" bec="0" bev="0" fileid="12" />
                <SequencePoint vc="102" uspid="4894" ordinal="0" offset="1" sl="177" sc="9" el="177" ec="9" bec="0" bev="0" fileid="12" />
                <SequencePoint vc="102" uspid="4895" ordinal="0" offset="7" sl="178" sc="9" el="178" ec="9" bec="0" bev="0" fileid="12" />
                <SequencePoint vc="102" uspid="4896" ordinal="0" offset="26" sl="179" sc="9" el="179" ec="9" bec="0" bev="0" fileid="12" />
                <SequencePoint vc="102" uspid="4897" ordinal="0" offset="35" sl="180" sc="9" el="180" ec="9" bec="0" bev="0" fileid="12" />
                <SequencePoint vc="102" uspid="4898" ordinal="0" offset="44" sl="182" sc="9" el="182" ec="9" bec="0" bev="0" fileid="12" />
                <SequencePoint vc="101" uspid="4899" ordinal="0" offset="51" sl="183" sc="9" el="183" ec="9" bec="0" bev="0" fileid="12" />
                <SequencePoint vc="101" uspid="4900" ordinal="0" offset="52" sl="184" sc="13" el="184" ec="13" bec="0" bev="0" fileid="12" />
                <SequencePoint vc="1" uspid="4901" ordinal="0" offset="67" sl="187" sc="9" el="187" ec="9" bec="0" bev="0" fileid="12" />
                <SequencePoint vc="1" uspid="4902" ordinal="0" offset="68" sl="188" sc="13" el="188" ec="13" bec="0" bev="0" fileid="12" />
                <SequencePoint vc="1" uspid="4903" ordinal="0" offset="90" sl="189" sc="13" el="189" ec="13" bec="0" bev="0" fileid="12" />
                <SequencePoint vc="102" uspid="4904" ordinal="0" offset="118" sl="191" sc="5" el="191" ec="5" bec="0" bev="0" fileid="12" />
              </SequencePoints>
              <BranchPoints />
            </Method>
            <Method visited="true" cyclomaticComplexity="0" nPathComplexity="0" sequenceCoverage="100.0" branchCoverage="0" crapScore="0" isConstructor="false" isStatic="true" isGetter="false" isSetter="false">
              <Summary numSequencePoints="3" visitedSequencePoints="3" numBranchPoints="0" visitedBranchPoints="0" sequenceCoverage="100.0" branchCoverage="0" maxCyclomaticComplexity="0" minCyclomaticComplexity="0" maxCrapScore="0" minCrapScore="0" visitedClasses="0" numClasses="0" visitedMethods="1" numMethods="1" />
              <MetadataToken>100663422</MetadataToken>
              <Name>static UnityEngine.Vector3 SpawnPointScatterer::Test_SamplePosition(System.Single, System.Single, System.Single, System.Boolean)</Name>
              <FileRef uid="12" />
              <SequencePoints>
                <SequencePoint vc="102" uspid="4905" ordinal="0" offset="0" sl="196" sc="5" el="196" ec="5" bec="0" bev="0" fileid="12" />
                <SequencePoint vc="102" uspid="4906" ordinal="0" offset="1" sl="197" sc="9" el="197" ec="9" bec="0" bev="0" fileid="12" />
                <SequencePoint vc="102" uspid="4907" ordinal="0" offset="79" sl="200" sc="5" el="200" ec="5" bec="0" bev="0" fileid="12" />
              </SequencePoints>
              <BranchPoints />
            </Method>
          </Methods>
        </Class>
        <Class>
          <Summary numSequencePoints="55" visitedSequencePoints="43" numBranchPoints="0" visitedBranchPoints="0" sequenceCoverage="78.18" branchCoverage="0.0" maxCyclomaticComplexity="0" minCyclomaticComplexity="0" maxCrapScore="0" minCrapScore="0" visitedClasses="1" numClasses="1" visitedMethods="9" numMethods="9" />
          <FullName>SessionManager</FullName>
          <Methods>
            <Method visited="true" cyclomaticComplexity="0" nPathComplexity="0" sequenceCoverage="100.0" branchCoverage="0" crapScore="0" isConstructor="false" isStatic="true" isGetter="true" isSetter="false">
              <Summary numSequencePoints="1" visitedSequencePoints="1" numBranchPoints="0" visitedBranchPoints="0" sequenceCoverage="100.0" branchCoverage="0" maxCyclomaticComplexity="0" minCyclomaticComplexity="0" maxCrapScore="0" minCrapScore="0" visitedClasses="0" numClasses="0" visitedMethods="1" numMethods="1" />
              <MetadataToken>100663456</MetadataToken>
              <Name>static SessionManager SessionManager::get_Instance()</Name>
              <FileRef uid="16" />
              <SequencePoints>
                <SequencePoint vc="10" uspid="4955" ordinal="0" offset="0" sl="14" sc="45" el="14" ec="45" bec="0" bev="0" fileid="16" />
              </SequencePoints>
              <BranchPoints />
            </Method>
            <Method visited="true" cyclomaticComplexity="0" nPathComplexity="0" sequenceCoverage="100.0" branchCoverage="0" crapScore="0" isConstructor="false" isStatic="true" isGetter="false" isSetter="true">
              <Summary numSequencePoints="1" visitedSequencePoints="1" numBranchPoints="0" visitedBranchPoints="0" sequenceCoverage="100.0" branchCoverage="0" maxCyclomaticComplexity="0" minCyclomaticComplexity="0" maxCrapScore="0" minCrapScore="0" visitedClasses="0" numClasses="0" visitedMethods="1" numMethods="1" />
              <MetadataToken>100663457</MetadataToken>
              <Name>static System.Void SessionManager::set_Instance(SessionManager)</Name>
              <FileRef uid="16" />
              <SequencePoints>
                <SequencePoint vc="8" uspid="4956" ordinal="0" offset="0" sl="14" sc="50" el="14" ec="50" bec="0" bev="0" fileid="16" />
              </SequencePoints>
              <BranchPoints />
            </Method>
            <Method visited="true" cyclomaticComplexity="0" nPathComplexity="0" sequenceCoverage="100.0" branchCoverage="0" crapScore="0" isConstructor="false" isStatic="false" isGetter="false" isSetter="false">
              <Summary numSequencePoints="10" visitedSequencePoints="10" numBranchPoints="0" visitedBranchPoints="0" sequenceCoverage="100.0" branchCoverage="0" maxCyclomaticComplexity="0" minCyclomaticComplexity="0" maxCrapScore="0" minCrapScore="0" visitedClasses="0" numClasses="0" visitedMethods="1" numMethods="1" />
              <MetadataToken>100663458</MetadataToken>
              <Name>System.Void SessionManager::Awake()</Name>
              <FileRef uid="16" />
              <SequencePoints>
                <SequencePoint vc="9" uspid="4957" ordinal="0" offset="0" sl="51" sc="5" el="51" ec="5" bec="0" bev="0" fileid="16" />
                <SequencePoint vc="9" uspid="4958" ordinal="0" offset="1" sl="52" sc="9" el="52" ec="9" bec="0" bev="0" fileid="16" />
                <SequencePoint vc="8" uspid="4959" ordinal="0" offset="16" sl="52" sc="31" el="52" ec="31" bec="0" bev="0" fileid="16" />
                <SequencePoint vc="8" uspid="4960" ordinal="0" offset="17" sl="52" sc="33" el="52" ec="33" bec="0" bev="0" fileid="16" />
                <SequencePoint vc="8" uspid="4961" ordinal="0" offset="24" sl="52" sc="50" el="52" ec="50" bec="0" bev="0" fileid="16" />
                <SequencePoint vc="8" uspid="4962" ordinal="0" offset="36" sl="52" sc="81" el="52" ec="81" bec="0" bev="0" fileid="16" />
                <SequencePoint vc="1" uspid="4963" ordinal="0" offset="39" sl="53" sc="14" el="53" ec="14" bec="0" bev="0" fileid="16" />
                <SequencePoint vc="1" uspid="4964" ordinal="0" offset="40" sl="53" sc="16" el="53" ec="16" bec="0" bev="0" fileid="16" />
                <SequencePoint vc="1" uspid="4965" ordinal="0" offset="52" sl="53" sc="37" el="53" ec="37" bec="0" bev="0" fileid="16" />
                <SequencePoint vc="9" uspid="4966" ordinal="0" offset="53" sl="54" sc="5" el="54" ec="5" bec="0" bev="0" fileid="16" />
              </SequencePoints>
              <BranchPoints />
            </Method>
            <Method visited="true" cyclomaticComplexity="0" nPathComplexity="0" sequenceCoverage="62.50" branchCoverage="0" crapScore="0" isConstructor="false" isStatic="false" isGetter="false" isSetter="false">
              <Summary numSequencePoints="8" visitedSequencePoints="5" numBranchPoints="0" visitedBranchPoints="0" sequenceCoverage="62.50" branchCoverage="0" maxCyclomaticComplexity="0" minCyclomaticComplexity="0" maxCrapScore="0" minCrapScore="0" visitedClasses="0" numClasses="0" visitedMethods="1" numMethods="1" />
              <MetadataToken>100663459</MetadataToken>
              <Name>System.Void SessionManager::Start()</Name>
              <FileRef uid="16" />
              <SequencePoints>
                <SequencePoint vc="8" uspid="4967" ordinal="0" offset="0" sl="57" sc="5" el="57" ec="5" bec="0" bev="0" fileid="16" />
                <SequencePoint vc="8" uspid="4968" ordinal="0" offset="1" sl="58" sc="9" el="58" ec="9" bec="0" bev="0" fileid="16" />
                <SequencePoint vc="8" uspid="4969" ordinal="0" offset="7" sl="59" sc="9" el="59" ec="9" bec="0" bev="0" fileid="16" />
                <SequencePoint vc="8" uspid="4970" ordinal="0" offset="34" sl="61" sc="9" el="61" ec="9" bec="0" bev="0" fileid="16" />
                <SequencePoint vc="0" uspid="4971" ordinal="0" offset="41" sl="62" sc="9" el="62" ec="9" bec="0" bev="0" fileid="16" />
                <SequencePoint vc="0" uspid="4972" ordinal="0" offset="42" sl="63" sc="13" el="63" ec="13" bec="0" bev="0" fileid="16" />
                <SequencePoint vc="0" uspid="4973" ordinal="0" offset="49" sl="64" sc="9" el="64" ec="9" bec="0" bev="0" fileid="16" />
                <SequencePoint vc="8" uspid="4974" ordinal="0" offset="50" sl="65" sc="5" el="65" ec="5" bec="0" bev="0" fileid="16" />
              </SequencePoints>
              <BranchPoints />
            </Method>
            <Method visited="true" cyclomaticComplexity="0" nPathComplexity="0" sequenceCoverage="100.0" branchCoverage="0" crapScore="0" isConstructor="false" isStatic="false" isGetter="false" isSetter="false">
              <Summary numSequencePoints="5" visitedSequencePoints="5" numBranchPoints="0" visitedBranchPoints="0" sequenceCoverage="100.0" branchCoverage="0" maxCyclomaticComplexity="0" minCyclomaticComplexity="0" maxCrapScore="0" minCrapScore="0" visitedClasses="0" numClasses="0" visitedMethods="1" numMethods="1" />
              <MetadataToken>100663471</MetadataToken>
              <Name>System.String SessionManager::FormatTime(System.Single)</Name>
              <FileRef uid="16" />
              <SequencePoints>
                <SequencePoint vc="1" uspid="5019" ordinal="0" offset="0" sl="370" sc="5" el="370" ec="5" bec="0" bev="0" fileid="16" />
                <SequencePoint vc="1" uspid="5020" ordinal="0" offset="1" sl="371" sc="9" el="371" ec="9" bec="0" bev="0" fileid="16" />
                <SequencePoint vc="1" uspid="5021" ordinal="0" offset="14" sl="372" sc="9" el="372" ec="9" bec="0" bev="0" fileid="16" />
                <SequencePoint vc="1" uspid="5022" ordinal="0" offset="27" sl="373" sc="9" el="373" ec="9" bec="0" bev="0" fileid="16" />
                <SequencePoint vc="1" uspid="5023" ordinal="0" offset="52" sl="374" sc="5" el="374" ec="5" bec="0" bev="0" fileid="16" />
              </SequencePoints>
              <BranchPoints />
            </Method>
            <Method visited="true" cyclomaticComplexity="0" nPathComplexity="0" sequenceCoverage="88.89" branchCoverage="0" crapScore="0" isConstructor="false" isStatic="false" isGetter="false" isSetter="false">
              <Summary numSequencePoints="9" visitedSequencePoints="8" numBranchPoints="0" visitedBranchPoints="0" sequenceCoverage="88.89" branchCoverage="0" maxCyclomaticComplexity="0" minCyclomaticComplexity="0" maxCrapScore="0" minCrapScore="0" visitedClasses="0" numClasses="0" visitedMethods="1" numMethods="1" />
              <MetadataToken>100663473</MetadataToken>
              <Name>System.String SessionManager::GetArg(System.String, System.String)</Name>
              <FileRef uid="16" />
              <SequencePoints>
                <SequencePoint vc="8" uspid="5050" ordinal="0" offset="0" sl="401" sc="5" el="401" ec="5" bec="0" bev="0" fileid="16" />
                <SequencePoint vc="8" uspid="5051" ordinal="0" offset="1" sl="402" sc="9" el="402" ec="9" bec="0" bev="0" fileid="16" />
                <SequencePoint vc="8" uspid="5052" ordinal="0" offset="7" sl="403" sc="14" el="403" ec="14" bec="0" bev="0" fileid="16" />
                <SequencePoint vc="112" uspid="5053" ordinal="0" offset="11" sl="404" sc="13" el="404" ec="13" bec="0" bev="0" fileid="16" />
                <SequencePoint vc="0" uspid="5054" ordinal="0" offset="37" sl="404" sc="57" el="404" ec="57" bec="0" bev="0" fileid="16" />
                <SequencePoint vc="112" uspid="5055" ordinal="0" offset="45" sl="403" sc="42" el="403" ec="42" bec="0" bev="0" fileid="16" />
                <SequencePoint vc="120" uspid="5056" ordinal="0" offset="49" sl="403" sc="25" el="403" ec="25" bec="0" bev="0" fileid="16" />
[...]
                <SequencePoint vc="262" uspid="8118" ordinal="0" offset="1" sl="43" sc="9" el="43" ec="9" bec="0" bev="0" fileid="53" />
                <SequencePoint vc="262" uspid="8119" ordinal="0" offset="14" sl="43" sc="29" el="43" ec="29" bec="0" bev="0" fileid="53" />
                <SequencePoint vc="0" uspid="8120" ordinal="0" offset="19" sl="45" sc="9" el="45" ec="9" bec="0" bev="0" fileid="53" />
                <SequencePoint vc="0" uspid="8121" ordinal="0" offset="28" sl="45" sc="43" el="45" ec="43" bec="0" bev="0" fileid="53" />
                <SequencePoint vc="0" uspid="8122" ordinal="0" offset="33" sl="47" sc="9" el="47" ec="9" bec="0" bev="0" fileid="53" />
                <SequencePoint vc="0" uspid="8123" ordinal="0" offset="54" sl="47" sc="47" el="47" ec="47" bec="0" bev="0" fileid="53" />
                <SequencePoint vc="0" uspid="8124" ordinal="0" offset="59" sl="49" sc="9" el="49" ec="9" bec="0" bev="0" fileid="53" />
                <SequencePoint vc="0" uspid="8125" ordinal="0" offset="80" sl="49" sc="49" el="49" ec="49" bec="0" bev="0" fileid="53" />
                <SequencePoint vc="0" uspid="8126" ordinal="0" offset="87" sl="50" sc="9" el="50" ec="9" bec="0" bev="0" fileid="53" />
                <SequencePoint vc="0" uspid="8127" ordinal="0" offset="99" sl="50" sc="27" el="50" ec="27" bec="0" bev="0" fileid="53" />
                <SequencePoint vc="0" uspid="8128" ordinal="0" offset="104" sl="52" sc="9" el="52" ec="9" bec="0" bev="0" fileid="53" />
                <SequencePoint vc="0" uspid="8129" ordinal="0" offset="122" sl="53" sc="9" el="53" ec="9" bec="0" bev="0" fileid="53" />
                <SequencePoint vc="0" uspid="8130" ordinal="0" offset="123" sl="54" sc="13" el="54" ec="13" bec="0" bev="0" fileid="53" />
                <SequencePoint vc="0" uspid="8131" ordinal="0" offset="136" sl="55" sc="13" el="55" ec="13" bec="0" bev="0" fileid="53" />
                <SequencePoint vc="0" uspid="8132" ordinal="0" offset="141" sl="58" sc="9" el="58" ec="9" bec="0" bev="0" fileid="53" />
                <SequencePoint vc="0" uspid="8133" ordinal="0" offset="178" sl="59" sc="9" el="59" ec="9" bec="0" bev="0" fileid="53" />
                <SequencePoint vc="0" uspid="8134" ordinal="0" offset="179" sl="60" sc="13" el="60" ec="13" bec="0" bev="0" fileid="53" />
                <SequencePoint vc="0" uspid="8135" ordinal="0" offset="192" sl="61" sc="13" el="61" ec="13" bec="0" bev="0" fileid="53" />
                <SequencePoint vc="0" uspid="8136" ordinal="0" offset="197" sl="64" sc="9" el="64" ec="9" bec="0" bev="0" fileid="53" />
                <SequencePoint vc="0" uspid="8137" ordinal="0" offset="216" sl="65" sc="9" el="65" ec="9" bec="0" bev="0" fileid="53" />
                <SequencePoint vc="0" uspid="8138" ordinal="0" offset="217" sl="66" sc="13" el="66" ec="13" bec="0" bev="0" fileid="53" />
                <SequencePoint vc="0" uspid="8139" ordinal="0" offset="255" sl="68" sc="13" el="68" ec="13" bec="0" bev="0" fileid="53" />
                <SequencePoint vc="0" uspid="8140" ordinal="0" offset="286" sl="69" sc="13" el="69" ec="13" bec="0" bev="0" fileid="53" />
                <SequencePoint vc="0" uspid="8141" ordinal="0" offset="287" sl="70" sc="17" el="70" ec="17" bec="0" bev="0" fileid="53" />
                <SequencePoint vc="0" uspid="8142" ordinal="0" offset="305" sl="70" sc="43" el="70" ec="43" bec="0" bev="0" fileid="53" />
                <SequencePoint vc="0" uspid="8143" ordinal="0" offset="312" sl="72" sc="17" el="72" ec="17" bec="0" bev="0" fileid="53" />
                <SequencePoint vc="0" uspid="8144" ordinal="0" offset="323" sl="73" sc="17" el="73" ec="17" bec="0" bev="0" fileid="53" />
                <SequencePoint vc="0" uspid="8145" ordinal="0" offset="337" sl="75" sc="17" el="75" ec="17" bec="0" bev="0" fileid="53" />
                <SequencePoint vc="0" uspid="8146" ordinal="0" offset="345" sl="76" sc="17" el="76" ec="17" bec="0" bev="0" fileid="53" />
                <SequencePoint vc="0" uspid="8147" ordinal="0" offset="384" sl="77" sc="17" el="77" ec="17" bec="0" bev="0" fileid="53" />
                <SequencePoint vc="0" uspid="8148" ordinal="0" offset="404" sl="78" sc="13" el="78" ec="13" bec="0" bev="0" fileid="53" />
                <SequencePoint vc="0" uspid="8149" ordinal="0" offset="405" sl="79" sc="9" el="79" ec="9" bec="0" bev="0" fileid="53" />
                <SequencePoint vc="262" uspid="8150" ordinal="0" offset="406" sl="80" sc="5" el="80" ec="5" bec="0" bev="0" fileid="53" />
              </SequencePoints>
              <BranchPoints />
            </Method>
            <Method visited="true" cyclomaticComplexity="0" nPathComplexity="0" sequenceCoverage="47.06" branchCoverage="0" crapScore="0" isConstructor="false" isStatic="false" isGetter="false" isSetter="false">
              <Summary numSequencePoints="17" visitedSequencePoints="8" numBranchPoints="0" visitedBranchPoints="0" sequenceCoverage="47.06" branchCoverage="0" maxCyclomaticComplexity="0" minCyclomaticComplexity="0" maxCrapScore="0" minCrapScore="0" visitedClasses="0" numClasses="0" visitedMethods="1" numMethods="1" />
              <MetadataToken>100664094</MetadataToken>
              <Name>UnityEngine.Vector3 ShipShooting::GetTargetPoint(UnityEngine.Ray)</Name>
              <FileRef uid="53" />
              <SequencePoints>
                <SequencePoint vc="1" uspid="8159" ordinal="0" offset="0" sl="94" sc="5" el="94" ec="5" bec="0" bev="0" fileid="53" />
                <SequencePoint vc="1" uspid="8160" ordinal="0" offset="1" sl="95" sc="9" el="95" ec="9" bec="0" bev="0" fileid="53" />
                <SequencePoint vc="1" uspid="8161" ordinal="0" offset="13" sl="96" sc="9" el="96" ec="9" bec="0" bev="0" fileid="53" />
                <SequencePoint vc="1" uspid="8162" ordinal="0" offset="51" sl="98" sc="9" el="98" ec="9" bec="0" bev="0" fileid="53" />
                <SequencePoint vc="1" uspid="8163" ordinal="0" offset="52" sl="98" sc="29" el="98" ec="29" bec="0" bev="0" fileid="53" />
                <SequencePoint vc="0" uspid="8164" ordinal="0" offset="58" sl="98" sc="18" el="98" ec="18" bec="0" bev="0" fileid="53" />
                <SequencePoint vc="0" uspid="8165" ordinal="0" offset="66" sl="99" sc="9" el="99" ec="9" bec="0" bev="0" fileid="53" />
                <SequencePoint vc="0" uspid="8166" ordinal="0" offset="67" sl="100" sc="13" el="100" ec="13" bec="0" bev="0" fileid="53" />
                <SequencePoint vc="0" uspid="8167" ordinal="0" offset="101" sl="100" sc="59" el="100" ec="59" bec="0" bev="0" fileid="53" />
                <SequencePoint vc="0" uspid="8168" ordinal="0" offset="103" sl="102" sc="13" el="102" ec="13" bec="0" bev="0" fileid="53" />
                <SequencePoint vc="0" uspid="8169" ordinal="0" offset="128" sl="103" sc="13" el="103" ec="13" bec="0" bev="0" fileid="53" />
                <SequencePoint vc="0" uspid="8170" ordinal="0" offset="164" sl="104" sc="13" el="104" ec="13" bec="0" bev="0" fileid="53" />
                <SequencePoint vc="0" uspid="8171" ordinal="0" offset="165" sl="105" sc="17" el="105" ec="17" bec="0" bev="0" fileid="53" />
                <SequencePoint vc="0" uspid="8172" ordinal="0" offset="176" sl="107" sc="9" el="107" ec="9" bec="0" bev="0" fileid="53" />
                <SequencePoint vc="1" uspid="8173" ordinal="0" offset="181" sl="98" sc="26" el="98" ec="26" bec="0" bev="0" fileid="53" />
                <SequencePoint vc="1" uspid="8174" ordinal="0" offset="190" sl="108" sc="9" el="108" ec="9" bec="0" bev="0" fileid="53" />
                <SequencePoint vc="1" uspid="8175" ordinal="0" offset="206" sl="109" sc="5" el="109" ec="5" bec="0" bev="0" fileid="53" />
              </SequencePoints>
              <BranchPoints />
            </Method>
            <Method visited="true" cyclomaticComplexity="0" nPathComplexity="0" sequenceCoverage="100.0" branchCoverage="0" crapScore="0" isConstructor="false" isStatic="false" isGetter="false" isSetter="false">
              <Summary numSequencePoints="10" visitedSequencePoints="10" numBranchPoints="0" visitedBranchPoints="0" sequenceCoverage="100.0" branchCoverage="0" maxCyclomaticComplexity="0" minCyclomaticComplexity="0" maxCrapScore="0" minCrapScore="0" visitedClasses="0" numClasses="0" visitedMethods="1" numMethods="1" />
              <MetadataToken>100664095</MetadataToken>
              <Name>System.Void ShipShooting::ResetWeaponState()</Name>
              <FileRef uid="53" />
              <SequencePoints>
                <SequencePoint vc="4" uspid="8176" ordinal="0" offset="0" sl="112" sc="5" el="112" ec="5" bec="0" bev="0" fileid="53" />
                <SequencePoint vc="4" uspid="8177" ordinal="0" offset="1" sl="113" sc="9" el="113" ec="9" bec="0" bev="0" fileid="53" />
                <SequencePoint vc="4" uspid="8178" ordinal="0" offset="13" sl="114" sc="9" el="114" ec="9" bec="0" bev="0" fileid="53" />
                <SequencePoint vc="4" uspid="8179" ordinal="0" offset="20" sl="115" sc="9" el="115" ec="9" bec="0" bev="0" fileid="53" />
                <SequencePoint vc="4" uspid="8180" ordinal="0" offset="27" sl="116" sc="9" el="116" ec="9" bec="0" bev="0" fileid="53" />
                <SequencePoint vc="3" uspid="8181" ordinal="0" offset="43" sl="117" sc="9" el="117" ec="9" bec="0" bev="0" fileid="53" />
                <SequencePoint vc="3" uspid="8182" ordinal="0" offset="44" sl="118" sc="13" el="118" ec="13" bec="0" bev="0" fileid="53" />
                <SequencePoint vc="3" uspid="8183" ordinal="0" offset="61" sl="119" sc="13" el="119" ec="13" bec="0" bev="0" fileid="53" />
                <SequencePoint vc="3" uspid="8184" ordinal="0" offset="68" sl="120" sc="9" el="120" ec="9" bec="0" bev="0" fileid="53" />
                <SequencePoint vc="4" uspid="8185" ordinal="0" offset="69" sl="121" sc="5" el="121" ec="5" bec="0" bev="0" fileid="53" />
              </SequencePoints>
              <BranchPoints />
            </Method>
            <Method visited="true" cyclomaticComplexity="0" nPathComplexity="0" sequenceCoverage="88.89" branchCoverage="0" crapScore="0" isConstructor="false" isStatic="false" isGetter="false" isSetter="false">
              <Summary numSequencePoints="27" visitedSequencePoints="24" numBranchPoints="0" visitedBranchPoints="0" sequenceCoverage="88.89" branchCoverage="0" maxCyclomaticComplexity="0" minCyclomaticComplexity="0" maxCrapScore="0" minCrapScore="0" visitedClasses="0" numClasses="0" visitedMethods="1" numMethods="1" />
              <MetadataToken>100664097</MetadataToken>
              <Name>System.Void ShipShooting::RefreshMuzzlePoint()</Name>
              <FileRef uid="53" />
              <SequencePoints>
                <SequencePoint vc="6" uspid="8186" ordinal="0" offset="0" sl="132" sc="5" el="132" ec="5" bec="0" bev="0" fileid="53" />
                <SequencePoint vc="6" uspid="8187" ordinal="0" offset="1" sl="133" sc="9" el="133" ec="9" bec="0" bev="0" fileid="53" />
                <SequencePoint vc="2" uspid="8188" ordinal="0" offset="25" sl="134" sc="9" el="134" ec="9" bec="0" bev="0" fileid="53" />
                <SequencePoint vc="2" uspid="8189" ordinal="0" offset="26" sl="135" sc="13" el="135" ec="13" bec="0" bev="0" fileid="53" />
                <SequencePoint vc="2" uspid="8190" ordinal="0" offset="58" sl="137" sc="13" el="137" ec="13" bec="0" bev="0" fileid="53" />
                <SequencePoint vc="1" uspid="8191" ordinal="0" offset="74" sl="138" sc="13" el="138" ec="13" bec="0" bev="0" fileid="53" />
                <SequencePoint vc="1" uspid="8192" ordinal="0" offset="75" sl="139" sc="17" el="139" ec="17" bec="0" bev="0" fileid="53" />
                <SequencePoint vc="1" uspid="8193" ordinal="0" offset="92" sl="140" sc="17" el="140" ec="17" bec="0" bev="0" fileid="53" />
                <SequencePoint vc="1" uspid="8194" ordinal="0" offset="93" sl="140" sc="35" el="140" ec="35" bec="0" bev="0" fileid="53" />
                <SequencePoint vc="1" uspid="8195" ordinal="0" offset="100" sl="140" sc="26" el="140" ec="26" bec="0" bev="0" fileid="53" />
                <SequencePoint vc="1" uspid="8196" ordinal="0" offset="106" sl="141" sc="17" el="141" ec="17" bec="0" bev="0" fileid="53" />
                <SequencePoint vc="1" uspid="8197" ordinal="0" offset="107" sl="142" sc="21" el="142" ec="21" bec="0" bev="0" fileid="53" />
                <SequencePoint vc="0" uspid="8198" ordinal="0" offset="130" sl="143" sc="21" el="143" ec="21" bec="0" bev="0" fileid="53" />
                <SequencePoint vc="0" uspid="8199" ordinal="0" offset="131" sl="144" sc="25" el="144" ec="25" bec="0" bev="0" fileid="53" />
                <SequencePoint vc="0" uspid="8200" ordinal="0" offset="139" sl="145" sc="25" el="145" ec="25" bec="0" bev="0" fileid="53" />
                <SequencePoint vc="1" uspid="8201" ordinal="0" offset="141" sl="147" sc="17" el="147" ec="17" bec="0" bev="0" fileid="53" />
                <SequencePoint vc="2" uspid="8202" ordinal="0" offset="148" sl="140" sc="32" el="140" ec="32" bec="0" bev="0" fileid="53" />
                <SequencePoint vc="1" uspid="8203" ordinal="0" offset="155" sl="148" sc="13" el="148" ec="13" bec="0" bev="0" fileid="53" />
                <SequencePoint vc="2" uspid="8204" ordinal="0" offset="156" sl="149" sc="9" el="149" ec="9" bec="0" bev="0" fileid="53" />
                <SequencePoint vc="6" uspid="8205" ordinal="0" offset="157" sl="151" sc="9" el="151" ec="9" bec="0" bev="0" fileid="53" />
                <SequencePoint vc="1" uspid="8206" ordinal="0" offset="175" sl="152" sc="9" el="152" ec="9" bec="0" bev="0" fileid="53" />
                <SequencePoint vc="1" uspid="8207" ordinal="0" offset="176" sl="153" sc="13" el="153" ec="13" bec="0" bev="0" fileid="53" />
                <SequencePoint vc="1" uspid="8208" ordinal="0" offset="208" sl="154" sc="9" el="154" ec="9" bec="0" bev="0" fileid="53" />
                <SequencePoint vc="5" uspid="8209" ordinal="0" offset="211" sl="156" sc="9" el="156" ec="9" bec="0" bev="0" fileid="53" />
                <SequencePoint vc="5" uspid="8210" ordinal="0" offset="212" sl="157" sc="13" el="157" ec="13" bec="0" bev="0" fileid="53" />
                <SequencePoint vc="5" uspid="8211" ordinal="0" offset="224" sl="158" sc="9" el="158" ec="9" bec="0" bev="0" fileid="53" />
                <SequencePoint vc="6" uspid="8212" ordinal="0" offset="225" sl="159" sc="5" el="159" ec="5" bec="0" bev="0" fileid="53" />
              </SequencePoints>
              <BranchPoints />
            </Method>
            <Method visited="true" cyclomaticComplexity="0" nPathComplexity="0" sequenceCoverage="100.0" branchCoverage="0" crapScore="0" isConstructor="true" isStatic="false" isGetter="false" isSetter="false">
              <Summary numSequencePoints="2" visitedSequencePoints="2" numBranchPoints="0" visitedBranchPoints="0" sequenceCoverage="100.0" branchCoverage="0" maxCyclomaticComplexity="0" minCyclomaticComplexity="0" maxCrapScore="0" minCrapScore="0" visitedClasses="0" numClasses="0" visitedMethods="1" numMethods="1" />
              <MetadataToken>100664103</MetadataToken>
              <Name>ShipShooting::ShipShooting()</Name>
              <FileRef uid="53" />
              <SequencePoints>
                <SequencePoint vc="103" uspid="8235" ordinal="0" offset="0" sl="10" sc="5" el="10" ec="5" bec="0" bev="0" fileid="53" />
                <SequencePoint vc="103" uspid="8236" ordinal="0" offset="11" sl="14" sc="5" el="14" ec="5" bec="0" bev="0" fileid="53" />
              </SequencePoints>
              <BranchPoints />
            </Method>
          </Methods>
        </Class>
        <Class>
          <Summary numSequencePoints="7" visitedSequencePoints="7" numBranchPoints="0" visitedBranchPoints="0" sequenceCoverage="100.0" branchCoverage="0.0" maxCyclomaticComplexity="0" minCyclomaticComplexity="0" maxCrapScore="0" minCrapScore="0" visitedClasses="1" numClasses="1" visitedMethods="1" numMethods="1" />
          <FullName>ShipShooting/&lt;ReloadCoroutine&gt;d__22</FullName>
          <Methods>
            <Method visited="true" cyclomaticComplexity="0" nPathComplexity="0" sequenceCoverage="100.0" branchCoverage="0" crapScore="0" isConstructor="false" isStatic="false" isGetter="false" isSetter="false">
              <Summary numSequencePoints="7" visitedSequencePoints="7" numBranchPoints="0" visitedBranchPoints="0" sequenceCoverage="100.0" branchCoverage="0" maxCyclomaticComplexity="0" minCyclomaticComplexity="0" maxCrapScore="0" minCrapScore="0" visitedClasses="0" numClasses="0" visitedMethods="1" numMethods="1" />
              <MetadataToken>100664119</MetadataToken>
              <Name>System.Boolean ShipShooting/&lt;ReloadCoroutine&gt;d__22::MoveNext()</Name>
              <FileRef uid="53" />
              <SequencePoints>
                <SequencePoint vc="2" uspid="8238" ordinal="0" offset="31" sl="124" sc="5" el="124" ec="5" bec="0" bev="0" fileid="53" />
                <SequencePoint vc="2" uspid="8239" ordinal="0" offset="32" sl="125" sc="9" el="125" ec="9" bec="0" bev="0" fileid="53" />
                <SequencePoint vc="2" uspid="8240" ordinal="0" offset="44" sl="126" sc="9" el="126" ec="9" bec="0" bev="0" fileid="53" />
                <SequencePoint vc="1" uspid="8241" ordinal="0" offset="87" sl="127" sc="9" el="127" ec="9" bec="0" bev="0" fileid="53" />
                <SequencePoint vc="1" uspid="8242" ordinal="0" offset="108" sl="127" sc="40" el="127" ec="40" bec="0" bev="0" fileid="53" />
                <SequencePoint vc="1" uspid="8243" ordinal="0" offset="135" sl="128" sc="9" el="128" ec="9" bec="0" bev="0" fileid="53" />
                <SequencePoint vc="1" uspid="8244" ordinal="0" offset="147" sl="129" sc="5" el="129" ec="5" bec="0" bev="0" fileid="53" />
              </SequencePoints>
              <BranchPoints />
            </Method>
          </Methods>
        </Class>
        <Class>
          <Summary numSequencePoints="5" visitedSequencePoints="4" numBranchPoints="0" visitedBranchPoints="0" sequenceCoverage="80.00" branchCoverage="0.0" maxCyclomaticComplexity="0" minCyclomaticComplexity="0" maxCrapScore="0" minCrapScore="0" visitedClasses="1" numClasses="1" visitedMethods="1" numMethods="1" />
          <FullName>GameResources</FullName>
          <Methods>
            <Method visited="true" cyclomaticComplexity="0" nPathComplexity="0" sequenceCoverage="80.00" branchCoverage="0" crapScore="0" isConstructor="false" isStatic="false" isGetter="false" isSetter="false">
              <Summary numSequencePoints="5" visitedSequencePoints="4" numBranchPoints="0" visitedBranchPoints="0" sequenceCoverage="80.00" branchCoverage="0" maxCyclomaticComplexity="0" minCyclomaticComplexity="0" maxCrapScore="0" minCrapScore="0" visitedClasses="0" numClasses="0" visitedMethods="1" numMethods="1" />
              <MetadataToken>100664178</MetadataToken>
              <Name>System.Void GameResources::Awake()</Name>
              <FileRef uid="56" />
              <SequencePoints>
                <SequencePoint vc="8" uspid="8730" ordinal="0" offset="0" sl="9" sc="5" el="9" ec="5" bec="0" bev="0" fileid="56" />
                <SequencePoint vc="8" uspid="8731" ordinal="0" offset="1" sl="10" sc="9" el="10" ec="9" bec="0" bev="0" fileid="56" />
                <SequencePoint vc="8" uspid="8732" ordinal="0" offset="16" sl="10" sc="31" el="10" ec="31" bec="0" bev="0" fileid="56" />
                <SequencePoint vc="0" uspid="8733" ordinal="0" offset="24" sl="11" sc="14" el="11" ec="14" bec="0" bev="0" fileid="56" />
                <SequencePoint vc="8" uspid="8734" ordinal="0" offset="36" sl="12" sc="5" el="12" ec="5" bec="0" bev="0" fileid="56" />
              </SequencePoints>
              <BranchPoints />
            </Method>
          </Methods>
        </Class>
      </Classes>
    </Module>
  </Modules>
</CoverageSession>