<?xml version="1.0" encoding="utf-8"?>
<CoverageSession xmlns:xsd="http://www.w3.org/2001/XMLSchema" xmlns:xsi="http://www.w3.org/2001/XMLSchema-instance" Version="0.0.0.0">
  <Summary numSequencePoints="1616" visitedSequencePoints="1157" numBranchPoints="0" visitedBranchPoints="0" sequenceCoverage="71.60" branchCoverage="0.0" maxCyclomaticComplexity="0" minCyclomaticComplexity="0" maxCrapScore="0" minCrapScore="0" visitedClasses="45" numClasses="48" visitedMethods="175" numMethods="179" />
  <Modules>
    <Module>
      <Summary numSequencePoints="1616" visitedSequencePoints="1157" numBranchPoints="0" visitedBranchPoints="0" sequenceCoverage="71.60" branchCoverage="0.0" maxCyclomaticComplexity="0" minCyclomaticComplexity="0" maxCrapScore="0" minCrapScore="0" visitedClasses="45" numClasses="48" visitedMethods="175" numMethods="179" />
      <ModuleTime>0001-01-01T00:00:00</ModuleTime>
      <ModuleName>Game</ModuleName>
      <Files>
        <File uid="1" fullPath="C:/SpaceCarnage/Assets/Scripts/Asteroid/Asteroid.cs" />
        <File uid="2" fullPath="C:/SpaceCarnage/Assets/Scripts/Asteroid/AsteroidCollisionDamage.cs" />
        <File uid="3" fullPath="C:/SpaceCarnage/Assets/Scripts/Asteroid/AsteroidMovement.cs" />
        <File uid="4" fullPath="C:/SpaceCarnage/Assets/Scripts/Asteroid/AsteroidsPlacer.cs" />
        <File uid="5" fullPath="C:/SpaceCarnage/Assets/Scripts/Asteroid/AsteroidsSpawnManager.cs" />
        <File uid="6" fullPath="C:/SpaceCarnage/Assets/Scripts/Border/BorderConfiguration.cs" />
        <File uid="7" fullPath="C:/SpaceCarnage/Assets/Scripts/Border/BorderDamage.cs" />
        <File uid="8" fullPath="C:/SpaceCarnage/Assets/Scripts/Border/DeathSphereSize.cs" />
        <File uid="9" fullPath="C:/SpaceCarnage/Assets/Scripts/Config/LoginConfigData.cs" />
        <File uid="10" fullPath="C:/SpaceCarnage/Assets/Scripts/Config/ShipConfigData.cs" />
        <File uid="11" fullPath="C:/SpaceCarnage/Assets/Scripts/Editor/BuildScript.cs" />
        <File uid="12" fullPath="C:/SpaceCarnage/Assets/Scripts/Editor/SpawnPointScatterer.cs" />
        <File uid="13" fullPath="C:/SpaceCarnage/Assets/Scripts/Effects/EffectDestroyer.cs" />
        <File uid="14" fullPath="C:/SpaceCarnage/Assets/Scripts/Effects/VFXAutoDestroy.cs" />
        <File uid="15" fullPath="C:/SpaceCarnage/Assets/Scripts/Game/MatchState.cs" />
        <File uid="16" fullPath="C:/SpaceCarnage/Assets/Scripts/Game/SessionManager.cs" />
        <File uid="17" fullPath="C:/SpaceCarnage/Assets/Scripts/GameUI/BorderWarningController.cs" />
        <File uid="18" fullPath="C:/SpaceCarnage/Assets/Scripts/GameUI/DeathScreenController.cs" />
        <File uid="19" fullPath="C:/SpaceCarnage/Assets/Scripts/GameUI/HUDController.cs" />
        <File uid="20" fullPath="C:/SpaceCarnage/Assets/Scripts/GameUI/PauseMenuController.cs" />
        <File uid="21" fullPath="C:/SpaceCarnage/Assets/Scripts/GameUI/SettingsController.cs" />
        <File uid="22" fullPath="C:/SpaceCarnage/Assets/Scripts/GameUI/UIManager.cs" />
        <File uid="23" fullPath="C:/SpaceCarnage/Assets/Scripts/HealthSystem/DamageContext.cs" />
        <File uid="24" fullPath="C:/SpaceCarnage/Assets/Scripts/HealthSystem/Health.cs" />
        <File uid="25" fullPath="C:/SpaceCarnage/Assets/Scripts/Leaderboard/GlobalLeaderboardManager.cs" />
        <File uid="26" fullPath="C:/SpaceCarnage/Assets/Scripts/LoginScene/LoginController.cs" />
        <File uid="27" fullPath="C:/SpaceCarnage/Assets/Scripts/LoginScene/LoginSceneCamera.cs" />
        <File uid="28" fullPath="C:/SpaceCarnage/Assets/Scripts/LoginScene/TabToNextController.cs" />
        <File uid="29" fullPath="C:/SpaceCarnage/Assets/Scripts/Network/APINetworkManager.cs" />
        <File uid="30" fullPath="C:/SpaceCarnage/Assets/Scripts/Network/GameData.cs" />
        <File uid="31" fullPath="C:/SpaceCarnage/Assets/Scripts/Network/SessionAuthenticator.cs" />
        <File uid="32" fullPath="C:/SpaceCarnage/Assets/Scripts/Network/ShipNetworkSync.cs" />
        <File uid="33" fullPath="C:/SpaceCarnage/Assets/Scripts/Parts/Abilities/AbilityRuntime.cs" />
        <File uid="34" fullPath="C:/SpaceCarnage/Assets/Scripts/Parts/Abilities/DashAbility.cs" />
        <File uid="35" fullPath="C:/SpaceCarnage/Assets/Scripts/Parts/Abilities/InvisAbility.cs" />
        <File uid="36" fullPath="C:/SpaceCarnage/Assets/Scripts/Parts/Abilities/InvisManager.cs" />
        <File uid="37" fullPath="C:/SpaceCarnage/Assets/Scripts/Parts/Abilities/ShieldAbility.cs" />
        <File uid="38" fullPath="C:/SpaceCarnage/Assets/Scripts/Parts/ShipPartDatabase.cs" />
        <File uid="39" fullPath="C:/SpaceCarnage/Assets/Scripts/Parts/Shooting/Projectile.cs" />
        <File uid="40" fullPath="C:/SpaceCarnage/Assets/Scripts/Parts/Shooting/ProjectileStrategy.cs" />
        <File uid="41" fullPath="C:/SpaceCarnage/Assets/Scripts/Parts/Shooting/RaycastStrategy.cs" />
        <File uid="42" fullPath="C:/SpaceCarnage/Assets/Scripts/Parts/Shooting/Rocket.cs" />
        <File uid="43" fullPath="C:/SpaceCarnage/Assets/Scripts/Physics/CollisionDamage.cs" />
        <File uid="44" fullPath="C:/SpaceCarnage/Assets/Scripts/Player/Player.cs" />
        <File uid="45" fullPath="C:/SpaceCarnage/Assets/Scripts/Player/PlayerCamera.cs" />
        <File uid="46" fullPath="C:/SpaceCarnage/Assets/Scripts/Player/PlayerController.cs" />
        <File uid="47" fullPath="C:/SpaceCarnage/Assets/Scripts/SFX/AudioManager.cs" />
        <File uid="48" fullPath="C:/SpaceCarnage/Assets/Scripts/SFX/NetworkAudio.cs" />
        <File uid="49" fullPath="C:/SpaceCarnage/Assets/Scripts/SFX/NetworkAudioManager.cs" />
        <File uid="50" fullPath="C:/SpaceCarnage/Assets/Scripts/SFX/Sound.cs" />
        <File uid="51" fullPath="C:/SpaceCarnage/Assets/Scripts/Ship/ShipAssembler.cs" />
        <File uid="52" fullPath="C:/SpaceCarnage/Assets/Scripts/Ship/ShipEngineFX.cs" />
        <File uid="53" fullPath="C:/SpaceCarnage/Assets/Scripts/Ship/ShipShooting.cs" />
        <File uid="54" fullPath="C:/SpaceCarnage/Assets/Scripts/ShipEditor/ShipEditorUI.cs" />
        <File uid="55" fullPath="C:/SpaceCarnage/Assets/Scripts/ShipEditor/ShowContextPanel.cs" />
        <File uid="56" fullPath="C:/SpaceCarnage/Assets/Scripts/System/GameResources.cs" />
      </Files>
      <Classes>
        <Class>
          <Summary numSequencePoints="29" visitedSequencePoints="29" numBranchPoints="0" visitedBranchPoints="0" sequenceCoverage="100.0" branchCoverage="0.0" maxCyclomaticComplexity="0" minCyclomaticComplexity="0" maxCrapScore="0" minCrapScore="0" visitedClasses="1" numClasses="1" visitedMethods="6" numMethods="6" />
          <FullName>Asteroid</FullName>
          <Methods>
            <Method visited="true" cyclomaticComplexity="0" nPathComplexity="0" sequenceCoverage="100.0" branchCoverage="0" crapScore="0" isConstructor="false" isStatic="false" isGetter="false" isSetter="false">
              <Summary numSequencePoints="4" visitedSequencePoints="4" numBranchPoints="0" visitedBranchPoints="0" sequenceCoverage="100.0" branchCoverage="0" maxCyclomaticComplexity="0" minCyclomaticComplexity="0" maxCrapScore="0" minCrapScore="0" visitedClasses="0" numClasses="0" visitedMethods="1" numMethods="1" />
              <MetadataToken>100663298</MetadataToken>
              <Name>System.Void Asteroid::Awake()</Name>
              <FileRef uid="1" />
              <SequencePoints>
                <SequencePoint vc="100" uspid="4370" ordinal="0" offset="0" sl="23" sc="5" el="23" ec="5" bec="0" bev="0" fileid="1" />
                <SequencePoint vc="100" uspid="4371" ordinal="0" offset="1" sl="24" sc="9" el="24" ec="9" bec="0" bev="0" fileid="1" />
                <SequencePoint vc="100" uspid="4372" ordinal="0" offset="13" sl="25" sc="9" el="25" ec="9" bec="0" bev="0" fileid="1" />
                <SequencePoint vc="100" uspid="4373" ordinal="0" offset="25" sl="26" sc="5" el="26" ec="5" bec="0" bev="0" fileid="1" />
              </SequencePoints>
              <BranchPoints />
            </Method>
            <Method visited="true" cyclomaticComplexity="0" nPathComplexity="0" sequenceCoverage="100.0" branchCoverage="0" crapScore="0" isConstructor="false" isStatic="false" isGetter="false" isSetter="false">
              <Summary numSequencePoints="5" visitedSequencePoints="5" numBranchPoints="0" visitedBranchPoints="0" sequenceCoverage="100.0" branchCoverage="0" maxCyclomaticComplexity="0" minCyclomaticComplexity="0" maxCrapScore="0" minCrapScore="0" visitedClasses="0" numClasses="0" visitedMethods="1" numMethods="1" />
              <MetadataToken>100663299</MetadataToken>
              <Name>System.Void Asteroid::OnStartServer()</Name>
              <FileRef uid="1" />
              <SequencePoints>
                <SequencePoint vc="100" uspid="4374" ordinal="0" offset="0" sl="29" sc="5" el="29" ec="5" bec="0" bev="0" fileid="1" />
                <SequencePoint vc="100" uspid="4375" ordinal="0" offset="1" sl="30" sc="9" el="30" ec="9" bec="0" bev="0" fileid="1" />
                <SequencePoint vc="100" uspid="4376" ordinal="0" offset="8" sl="31" sc="9" el="31" ec="9" bec="0" bev="0" fileid="1" />
                <SequencePoint vc="100" uspid="4377" ordinal="0" offset="32" sl="32" sc="9" el="32" ec="9" bec="0" bev="0" fileid="1" />
                <SequencePoint vc="100" uspid="4378" ordinal="0" offset="52" sl="33" sc="5" el="33" ec="5" bec="0" bev="0" fileid="1" />
              </SequencePoints>
              <BranchPoints />
            </Method>
            <Method visited="true" cyclomaticComplexity="0" nPathComplexity="0" sequenceCoverage="100.0" branchCoverage="0" crapScore="0" isConstructor="false" isStatic="false" isGetter="false" isSetter="false">
              <Summary numSequencePoints="4" visitedSequencePoints="4" numBranchPoints="0" visitedBranchPoints="0" sequenceCoverage="100.0" branchCoverage="0" maxCyclomaticComplexity="0" minCyclomaticComplexity="0" maxCrapScore="0" minCrapScore="0" visitedClasses="0" numClasses="0" visitedMethods="1" numMethods="1" />
              <MetadataToken>100663300</MetadataToken>
              <Name>System.Void Asteroid::SetSize(System.Single)</Name>
              <FileRef uid="1" />
              <SequencePoints>
                <SequencePoint vc="100" uspid="4379" ordinal="0" offset="21" sl="37" sc="5" el="37" ec="5" bec="0" bev="0" fileid="1" />
                <SequencePoint vc="100" uspid="4380" ordinal="0" offset="22" sl="38" sc="9" el="38" ec="9" bec="0" bev="0" fileid="1" />
                <SequencePoint vc="100" uspid="4381" ordinal="0" offset="44" sl="39" sc="9" el="39" ec="9" bec="0" bev="0" fileid="1" />
                <SequencePoint vc="100" uspid="4382" ordinal="0" offset="64" sl="40" sc="5" el="40" ec="5" bec="0" bev="0" fileid="1" />
              </SequencePoints>
              <BranchPoints />
            </Method>
            <Method visited="true" cyclomaticComplexity="0" nPathComplexity="0" sequenceCoverage="100.0" branchCoverage="0" crapScore="0" isConstructor="false" isStatic="false" isGetter="false" isSetter="false">
              <Summary numSequencePoints="7" visitedSequencePoints="7" numBranchPoints="0" visitedBranchPoints="0" sequenceCoverage="100.0" branchCoverage="0" maxCyclomaticComplexity="0" minCyclomaticComplexity="0" maxCrapScore="0" minCrapScore="0" visitedClasses="0" numClasses="0" visitedMethods="1" numMethods="1" />
              <MetadataToken>100663301</MetadataToken>
              <Name>System.Void Asteroid::ApplySizeServer(System.Single)</Name>
              <FileRef uid="1" />
              <SequencePoints>
                <SequencePoint vc="200" uspid="4383" ordinal="0" offset="21" sl="44" sc="5" el="44" ec="5" bec="0" bev="0" fileid="1" />
                <SequencePoint vc="200" uspid="4384" ordinal="0" offset="22" sl="45" sc="9" el="45" ec="9" bec="0" bev="0" fileid="1" />
                <SequencePoint vc="200" uspid="4385" ordinal="0" offset="45" sl="47" sc="9" el="47" ec="9" bec="0" bev="0" fileid="1" />
                <SequencePoint vc="200" uspid="4386" ordinal="0" offset="72" sl="48" sc="9" el="48" ec="9" bec="0" bev="0" fileid="1" />
                <SequencePoint vc="200" uspid="4387" ordinal="0" offset="85" sl="50" sc="9" el="50" ec="9" bec="0" bev="0" fileid="1" />
                <SequencePoint vc="200" uspid="4388" ordinal="0" offset="101" sl="51" sc="13" el="51" ec="13" bec="0" bev="0" fileid="1" />
                <SequencePoint vc="200" uspid="4389" ordinal="0" offset="139" sl="52" sc="5" el="52" ec="5" bec="0" bev="0" fileid="1" />
              </SequencePoints>
              <BranchPoints />
            </Method>
            <Method visited="true" cyclomaticComplexity="0" nPathComplexity="0" sequenceCoverage="100.0" branchCoverage="0" crapScore="0" isConstructor="false" isStatic="false" isGetter="false" isSetter="false">
              <Summary numSequencePoints="3" visitedSequencePoints="3" numBranchPoints="0" visitedBranchPoints="0" sequenceCoverage="100.0" branchCoverage="0" maxCyclomaticComplexity="0" minCyclomaticComplexity="0" maxCrapScore="0" minCrapScore="0" visitedClasses="0" numClasses="0" visitedMethods="1" numMethods="1" />
              <MetadataToken>100663302</MetadataToken>
              <Name>System.Void Asteroid::OnSizeChanged(System.Single, System.Single)</Name>
              <FileRef uid="1" />
              <SequencePoints>
                <SequencePoint vc="100" uspid="4390" ordinal="0" offset="0" sl="55" sc="5" el="55" ec="5" bec="0" bev="0" fileid="1" />
                <SequencePoint vc="100" uspid="4391" ordinal="0" offset="1" sl="56" sc="9" el="56" ec="9" bec="0" bev="0" fileid="1" />
                <SequencePoint vc="100" uspid="4392" ordinal="0" offset="35" sl="57" sc="5" el="57" ec="5" bec="0" bev="0" fileid="1" />
              </SequencePoints>
              <BranchPoints />
            </Method>
            <Method visited="true" cyclomaticComplexity="0" nPathComplexity="0" sequenceCoverage="100.0" branchCoverage="0" crapScore="0" isConstructor="true" isStatic="false" isGetter="false" isSetter="false">
              <Summary numSequencePoints="6" visitedSequencePoints="6" numBranchPoints="0" visitedBranchPoints="0" sequenceCoverage="100.0" branchCoverage="0" maxCyclomaticComplexity="0" minCyclomaticComplexity="0" maxCrapScore="0" minCrapScore="0" visitedClasses="0" numClasses="0" visitedMethods="1" numMethods="1" />
              <MetadataToken>100663313</MetadataToken>
              <Name>Asteroid::Asteroid()</Name>
              <FileRef uid="1" />
              <SequencePoints>
                <SequencePoint vc="101" uspid="4411" ordinal="0" offset="0" sl="10" sc="22" el="10" ec="22" bec="0" bev="0" fileid="1" />
                <SequencePoint vc="101" uspid="4412" ordinal="0" offset="11" sl="11" sc="22" el="11" ec="22" bec="0" bev="0" fileid="1" />
                <SequencePoint vc="101" uspid="4413" ordinal="0" offset="22" sl="12" sc="22" el="12" ec="22" bec="0" bev="0" fileid="1" />
                <SequencePoint vc="101" uspid="4414" ordinal="0" offset="33" sl="13" sc="22" el="13" ec="22" bec="0" bev="0" fileid="1" />
                <SequencePoint vc="101" uspid="4415" ordinal="0" offset="44" sl="14" sc="22" el="14" ec="22" bec="0" bev="0" fileid="1" />
                <SequencePoint vc="101" uspid="4416" ordinal="0" offset="55" sl="18" sc="5" el="18" ec="5" bec="0" bev="0" fileid="1" />
              </SequencePoints>
              <BranchPoints />
            </Method>
          </Methods>
        </Class>
        <Class>
          <Summary numSequencePoints="11" visitedSequencePoints="11" numBranchPoints="0" visitedBranchPoints="0" sequenceCoverage="100.0" branchCoverage="0.0" maxCyclomaticComplexity="0" minCyclomaticComplexity="0" maxCrapScore="0" minCrapScore="0" visitedClasses="1" numClasses="1" visitedMethods="2" numMethods="2" />
          <FullName>AsteroidMovement</FullName>
          <Methods>
            <Method visited="true" cyclomaticComplexity="0" nPathComplexity="0" sequenceCoverage="100.0" branchCoverage="0" crapScore="0" isConstructor="false" isStatic="false" isGetter="false" isSetter="false">
              <Summary numSequencePoints="6" visitedSequencePoints="6" numBranchPoints="0" visitedBranchPoints="0" sequenceCoverage="100.0" branchCoverage="0" maxCyclomaticComplexity="0" minCyclomaticComplexity="0" maxCrapScore="0" minCrapScore="0" visitedClasses="0" numClasses="0" visitedMethods="1" numMethods="1" />
              <MetadataToken>100663326</MetadataToken>
              <Name>System.Void AsteroidMovement::OnStartServer()</Name>
              <FileRef uid="3" />
              <SequencePoints>
                <SequencePoint vc="100" uspid="4445" ordinal="0" offset="0" sl="14" sc="2" el="14" ec="2" bec="0" bev="0" fileid="3" />
                <SequencePoint vc="100" uspid="4446" ordinal="0" offset="1" sl="15" sc="3" el="15" ec="3" bec="0" bev="0" fileid="3" />
                <SequencePoint vc="100" uspid="4447" ordinal="0" offset="8" sl="16" sc="3" el="16" ec="3" bec="0" bev="0" fileid="3" />
                <SequencePoint vc="100" uspid="4448" ordinal="0" offset="20" sl="18" sc="3" el="18" ec="3" bec="0" bev="0" fileid="3" />
                <SequencePoint vc="100" uspid="4449" ordinal="0" offset="39" sl="19" sc="3" el="19" ec="3" bec="0" bev="0" fileid="3" />
                <SequencePoint vc="100" uspid="4450" ordinal="0" offset="58" sl="20" sc="2" el="20" ec="2" bec="0" bev="0" fileid="3" />
              </SequencePoints>
              <BranchPoints />
            </Method>
            <Method visited="true" cyclomaticComplexity="0" nPathComplexity="0" sequenceCoverage="100.0" branchCoverage="0" crapScore="0" isConstructor="false" isStatic="false" isGetter="false" isSetter="false">
              <Summary numSequencePoints="5" visitedSequencePoints="5" numBranchPoints="0" visitedBranchPoints="0" sequenceCoverage="100.0" branchCoverage="0" maxCyclomaticComplexity="0" minCyclomaticComplexity="0" maxCrapScore="0" minCrapScore="0" visitedClasses="0" numClasses="0" visitedMethods="1" numMethods="1" />
              <MetadataToken>100663327</MetadataToken>
              <Name>System.Void AsteroidMovement::SetMovementParameters(System.Single, UnityEngine.Vector3, UnityEngine.Vector3)</Name>
              <FileRef uid="3" />
              <SequencePoints>
                <SequencePoint vc="100" uspid="4451" ordinal="0" offset="21" sl="25" sc="5" el="25" ec="5" bec="0" bev="0" fileid="3" />
                <SequencePoint vc="100" uspid="4452" ordinal="0" offset="22" sl="26" sc="9" el="26" ec="9" bec="0" bev="0" fileid="3" />
                <SequencePoint vc="100" uspid="4453" ordinal="0" offset="29" sl="27" sc="9" el="27" ec="9" bec="0" bev="0" fileid="3" />
                <SequencePoint vc="100" uspid="4454" ordinal="0" offset="36" sl="28" sc="9" el="28" ec="9" bec="0" bev="0" fileid="3" />
                <SequencePoint vc="100" uspid="4455" ordinal="0" offset="43" sl="29" sc="5" el="29" ec="5" bec="0" bev="0" fileid="3" />
              </SequencePoints>
              <BranchPoints />
            </Method>
          </Methods>
        </Class>
        <Class>
          <Summary numSequencePoints="65" visitedSequencePoints="59" numBranchPoints="0" visitedBranchPoints="0" sequenceCoverage="90.77" branchCoverage="0.0" maxCyclomaticComplexity="0" minCyclomaticComplexity="0" maxCrapScore="0" minCrapScore="0" visitedClasses="1" numClasses="1" visitedMethods="6" numMethods="6" />
          <FullName>AsteroidSpawnManager</FullName>
          <Methods>
            <Method visited="true" cyclomaticComplexity="0" nPathComplexity="0" sequenceCoverage="100.0" branchCoverage="0" crapScore="0" isConstructor="false" isStatic="false" isGetter="false" isSetter="false">
              <Summary numSequencePoints="6" visitedSequencePoints="6" numBranchPoints="0" visitedBranchPoints="0" sequenceCoverage="100.0" branchCoverage="0" maxCyclomaticComplexity="0" minCyclomaticComplexity="0" maxCrapScore="0" minCrapScore="0" visitedClasses="0" numClasses="0" visitedMethods="1" numMethods="1" />
              <MetadataToken>100663341</MetadataToken>
              <Name>System.Void AsteroidSpawnManager::OnStartServer()</Name>
              <FileRef uid="5" />
              <SequencePoints>
                <SequencePoint vc="1" uspid="4468" ordinal="0" offset="0" sl="41" sc="5" el="41" ec="5" bec="0" bev="0" fileid="5" />
                <SequencePoint vc="1" uspid="4469" ordinal="0" offset="1" sl="42" sc="9" el="42" ec="9" bec="0" bev="0" fileid="5" />
                <SequencePoint vc="1" uspid="4470" ordinal="0" offset="8" sl="43" sc="9" el="43" ec="9" bec="0" bev="0" fileid="5" />
                <SequencePoint vc="1" uspid="4471" ordinal="0" offset="20" sl="44" sc="9" el="44" ec="9" bec="0" bev="0" fileid="5" />
                <SequencePoint vc="1" uspid="4472" ordinal="0" offset="30" sl="45" sc="13" el="45" ec="13" bec="0" bev="0" fileid="5" />
                <SequencePoint vc="1" uspid="4473" ordinal="0" offset="43" sl="46" sc="5" el="46" ec="5" bec="0" bev="0" fileid="5" />
              </SequencePoints>
              <BranchPoints />
            </Method>
            <Method visited="true" cyclomaticComplexity="0" nPathComplexity="0" sequenceCoverage="100.0" branchCoverage="0" crapScore="0" isConstructor="false" isStatic="false" isGetter="false" isSetter="false">
              <Summary numSequencePoints="2" visitedSequencePoints="2" numBranchPoints="0" visitedBranchPoints="0" sequenceCoverage="100.0" branchCoverage="0" maxCyclomaticComplexity="0" minCyclomaticComplexity="0" maxCrapScore="0" minCrapScore="0" visitedClasses="0" numClasses="0" visitedMethods="1" numMethods="1" />
              <MetadataToken>100663342</MetadataToken>
              <Name>System.Void AsteroidSpawnManager::Update()</Name>
              <FileRef uid="5" />
              <SequencePoints>
                <SequencePoint vc="392" uspid="4474" ordinal="0" offset="21" sl="50" sc="5" el="50" ec="5" bec="0" bev="0" fileid="5" />
                <SequencePoint vc="392" uspid="4475" ordinal="0" offset="22" sl="52" sc="5" el="52" ec="5" bec="0" bev="0" fileid="5" />
              </SequencePoints>
              <BranchPoints />
            </Method>
            <Method visited="true" cyclomaticComplexity="0" nPathComplexity="0" sequenceCoverage="55.56" branchCoverage="0" crapScore="0" isConstructor="false" isStatic="false" isGetter="false" isSetter="false">
              <Summary numSequencePoints="9" visitedSequencePoints="5" numBranchPoints="0" visitedBranchPoints="0" sequenceCoverage="55.56" branchCoverage="0" maxCyclomaticComplexity="0" minCyclomaticComplexity="0" maxCrapScore="0" minCrapScore="0" visitedClasses="0" numClasses="0" visitedMethods="1" numMethods="1" />
              <MetadataToken>100663343</MetadataToken>
              <Name>System.Void AsteroidSpawnManager::FixedUpdate()</Name>
              <FileRef uid="5" />
              <SequencePoints>
                <SequencePoint vc="152" uspid="4476" ordinal="0" offset="21" sl="56" sc="2" el="56" ec="2" bec="0" bev="0" fileid="5" />
                <SequencePoint vc="152" uspid="4477" ordinal="0" offset="22" sl="59" sc="9" el="59" ec="9" bec="0" bev="0" fileid="5" />
                <SequencePoint vc="152" uspid="4478" ordinal="0" offset="40" sl="61" sc="9" el="61" ec="9" bec="0" bev="0" fileid="5" />
                <SequencePoint vc="0" uspid="4479" ordinal="0" offset="79" sl="62" sc="9" el="62" ec="9" bec="0" bev="0" fileid="5" />
                <SequencePoint vc="0" uspid="4480" ordinal="0" offset="80" sl="63" sc="13" el="63" ec="13" bec="0" bev="0" fileid="5" />
                <SequencePoint vc="0" uspid="4481" ordinal="0" offset="87" sl="64" sc="13" el="64" ec="13" bec="0" bev="0" fileid="5" />
                <SequencePoint vc="0" uspid="4482" ordinal="0" offset="99" sl="65" sc="9" el="65" ec="9" bec="0" bev="0" fileid="5" />
                <SequencePoint vc="152" uspid="4483" ordinal="0" offset="100" sl="68" sc="9" el="68" ec="9" bec="0" bev="0" fileid="5" />
                <SequencePoint vc="152" uspid="4484" ordinal="0" offset="143" sl="69" sc="2" el="69" ec="2" bec="0" bev="0" fileid="5" />
              </SequencePoints>
              <BranchPoints />
            </Method>
            <Method visited="true" cyclomaticComplexity="0" nPathComplexity="0" sequenceCoverage="100.0" branchCoverage="0" crapScore="0" isConstructor="false" isStatic="false" isGetter="false" isSetter="false">
              <Summary numSequencePoints="13" visitedSequencePoints="13" numBranchPoints="0" visitedBranchPoints="0" sequenceCoverage="100.0" branchCoverage="0" maxCyclomaticComplexity="0" minCyclomaticComplexity="0" maxCrapScore="0" minCrapScore="0" visitedClasses="0" numClasses="0" visitedMethods="1" numMethods="1" />
              <MetadataToken>100663344</MetadataToken>
              <Name>System.Void AsteroidSpawnManager::SpawnAsteroid()</Name>
              <FileRef uid="5" />
              <SequencePoints>
                <SequencePoint vc="100" uspid="4485" ordinal="0" offset="21" sl="73" sc="5" el="73" ec="5" bec="0" bev="0" fileid="5" />
                <SequencePoint vc="100" uspid="4486" ordinal="0" offset="22" sl="75" sc="9" el="75" ec="9" bec="0" bev="0" fileid="5" />
                <SequencePoint vc="100" uspid="4487" ordinal="0" offset="44" sl="77" sc="9" el="77" ec="9" bec="0" bev="0" fileid="5" />
                <SequencePoint vc="100" uspid="4488" ordinal="0" offset="62" sl="79" sc="9" el="79" ec="9" bec="0" bev="0" fileid="5" />
                <SequencePoint vc="100" uspid="4489" ordinal="0" offset="80" sl="80" sc="9" el="80" ec="9" bec="0" bev="0" fileid="5" />
                <SequencePoint vc="100" uspid="4490" ordinal="0" offset="87" sl="81" sc="9" el="81" ec="9" bec="0" bev="0" fileid="5" />
                <SequencePoint vc="100" uspid="4491" ordinal="0" offset="100" sl="82" sc="9" el="82" ec="9" bec="0" bev="0" fileid="5" />
                <SequencePoint vc="100" uspid="4492" ordinal="0" offset="101" sl="83" sc="13" el="83" ec="13" bec="0" bev="0" fileid="5" />
                <SequencePoint vc="100" uspid="4493" ordinal="0" offset="109" sl="84" sc="9" el="84" ec="9" bec="0" bev="0" fileid="5" />
                <SequencePoint vc="100" uspid="4494" ordinal="0" offset="110" sl="88" sc="9" el="88" ec="9" bec="0" bev="0" fileid="5" />
                <SequencePoint vc="100" uspid="4495" ordinal="0" offset="119" sl="90" sc="9" el="90" ec="9" bec="0" bev="0" fileid="5" />
                <SequencePoint vc="100" uspid="4496" ordinal="0" offset="127" sl="91" sc="9" el="91" ec="9" bec="0" bev="0" fileid="5" />
                <SequencePoint vc="100" uspid="4497" ordinal="0" offset="140" sl="92" sc="5" el="92" ec="5" bec="0" bev="0" fileid="5" />
              </SequencePoints>
              <BranchPoints />
            </Method>
            <Method visited="true" cyclomaticComplexity="0" nPathComplexity="0" sequenceCoverage="90.00" branchCoverage="0" crapScore="0" isConstructor="false" isStatic="false" isGetter="false" isSetter="false">
              <Summary numSequencePoints="20" visitedSequencePoints="18" numBranchPoints="0" visitedBranchPoints="0" sequenceCoverage="90.00" branchCoverage="0" maxCyclomaticComplexity="0" minCyclomaticComplexity="0" maxCrapScore="0" minCrapScore="0" visitedClasses="0" numClasses="0" visitedMethods="1" numMethods="1" />
              <MetadataToken>100663345</MetadataToken>
              <Name>System.Void AsteroidSpawnManager::SetupAsteroidMovement(UnityEngine.GameObject, System.Single)</Name>
              <FileRef uid="5" />
              <SequencePoints>
                <SequencePoint vc="100" uspid="4498" ordinal="0" offset="21" sl="96" sc="5" el="96" ec="5" bec="0" bev="0" fileid="5" />
                <SequencePoint vc="100" uspid="4499" ordinal="0" offset="22" sl="97" sc="9" el="97" ec="9" bec="0" bev="0" fileid="5" />
                <SequencePoint vc="100" uspid="4500" ordinal="0" offset="29" sl="98" sc="9" el="98" ec="9" bec="0" bev="0" fileid="5" />
                <SequencePoint vc="0" uspid="4501" ordinal="0" offset="42" sl="98" sc="31" el="98" ec="31" bec="0" bev="0" fileid="5" />
                <SequencePoint vc="100" uspid="4502" ordinal="0" offset="47" sl="101" sc="9" el="101" ec="9" bec="0" bev="0" fileid="5" />
                <SequencePoint vc="100" uspid="4503" ordinal="0" offset="65" sl="102" sc="9" el="102" ec="9" bec="0" bev="0" fileid="5" />
                <SequencePoint vc="100" uspid="4504" ordinal="0" offset="83" sl="104" sc="9" el="104" ec="9" bec="0" bev="0" fileid="5" />
                <SequencePoint vc="100" uspid="4505" ordinal="0" offset="95" sl="105" sc="9" el="105" ec="9" bec="0" bev="0" fileid="5" />
                <SequencePoint vc="100" uspid="4506" ordinal="0" offset="103" sl="106" sc="9" el="106" ec="9" bec="0" bev="0" fileid="5" />
                <SequencePoint vc="0" uspid="4507" ordinal="0" offset="123" sl="106" sc="46" el="106" ec="46" bec="0" bev="0" fileid="5" />
                <SequencePoint vc="100" uspid="4508" ordinal="0" offset="130" sl="107" sc="9" el="107" ec="9" bec="0" bev="0" fileid="5" />
                <SequencePoint vc="100" uspid="4509" ordinal="0" offset="138" sl="110" sc="9" el="110" ec="9" bec="0" bev="0" fileid="5" />
                <SequencePoint vc="100" uspid="4510" ordinal="0" offset="145" sl="111" sc="9" el="111" ec="9" bec="0" bev="0" fileid="5" />
                <SequencePoint vc="100" uspid="4511" ordinal="0" offset="159" sl="112" sc="9" el="112" ec="9" bec="0" bev="0" fileid="5" />
                <SequencePoint vc="100" uspid="4512" ordinal="0" offset="186" sl="113" sc="9" el="113" ec="9" bec="0" bev="0" fileid="5" />
                <SequencePoint vc="100" uspid="4513" ordinal="0" offset="213" sl="114" sc="9" el="114" ec="9" bec="0" bev="0" fileid="5" />
                <SequencePoint vc="100" uspid="4514" ordinal="0" offset="235" sl="116" sc="9" el="116" ec="9" bec="0" bev="0" fileid="5" />
                <SequencePoint vc="100" uspid="4515" ordinal="0" offset="245" sl="119" sc="9" el="119" ec="9" bec="0" bev="0" fileid="5" />
                <SequencePoint vc="100" uspid="4516" ordinal="0" offset="303" sl="125" sc="9" el="125" ec="9" bec="0" bev="0" fileid="5" />
                <SequencePoint vc="100" uspid="4517" ordinal="0" offset="315" sl="126" sc="5" el="126" ec="5" bec="0" bev="0" fileid="5" />
              </SequencePoints>
              <BranchPoints />
            </Method>
            <Method visited="true" cyclomaticComplexity="0" nPathComplexity="0" sequenceCoverage="100.0" branchCoverage="0" crapScore="0" isConstructor="true" isStatic="false" isGetter="false" isSetter="false">
              <Summary numSequencePoints="15" visitedSequencePoints="15" numBranchPoints="0" visitedBranchPoints="0" sequenceCoverage="100.0" branchCoverage="0" maxCyclomaticComplexity="0" minCyclomaticComplexity="0" maxCrapScore="0" minCrapScore="0" visitedClasses="0" numClasses="0" visitedMethods="1" numMethods="1" />
              <MetadataToken>100663349</MetadataToken>
              <Name>AsteroidSpawnManager::AsteroidSpawnManager()</Name>
              <FileRef uid="5" />
              <SequencePoints>
                <SequencePoint vc="1" uspid="4533" ordinal="0" offset="0" sl="9" sc="22" el="9" ec="22" bec="0" bev="0" fileid="5" />
                <SequencePoint vc="1" uspid="4534" ordinal="0" offset="7" sl="10" sc="30" el="10" ec="30" bec="0" bev="0" fileid="5" />
                <SequencePoint vc="1" uspid="4535" ordinal="0" offset="15" sl="11" sc="22" el="11" ec="22" bec="0" bev="0" fileid="5" />
                <SequencePoint vc="1" uspid="4536" ordinal="0" offset="26" sl="15" sc="22" el="15" ec="22" bec="0" bev="0" fileid="5" />
                <SequencePoint vc="1" uspid="4537" ordinal="0" offset="34" sl="16" sc="22" el="16" ec="22" bec="0" bev="0" fileid="5" />
                <SequencePoint vc="1" uspid="4538" ordinal="0" offset="45" sl="20" sc="5" el="20" ec="5" bec="0" bev="0" fileid="5" />
                <SequencePoint vc="1" uspid="4539" ordinal="0" offset="56" sl="22" sc="5" el="22" ec="5" bec="0" bev="0" fileid="5" />
                <SequencePoint vc="1" uspid="4540" ordinal="0" offset="67" sl="24" sc="5" el="24" ec="5" bec="0" bev="0" fileid="5" />
                <SequencePoint vc="1" uspid="4541" ordinal="0" offset="78" sl="26" sc="5" el="26" ec="5" bec="0" bev="0" fileid="5" />
                <SequencePoint vc="1" uspid="4542" ordinal="0" offset="89" sl="29" sc="22" el="29" ec="22" bec="0" bev="0" fileid="5" />
                <SequencePoint vc="1" uspid="4543" ordinal="0" offset="100" sl="30" sc="22" el="30" ec="22" bec="0" bev="0" fileid="5" />
                <SequencePoint vc="1" uspid="4544" ordinal="0" offset="111" sl="33" sc="37" el="33" ec="37" bec="0" bev="0" fileid="5" />
                <SequencePoint vc="1" uspid="4545" ordinal="0" offset="122" sl="34" sc="22" el="34" ec="22" bec="0" bev="0" fileid="5" />
                <SequencePoint vc="1" uspid="4546" ordinal="0" offset="133" sl="35" sc="22" el="35" ec="22" bec="0" bev="0" fileid="5" />
                <SequencePoint vc="1" uspid="4547" ordinal="0" offset="144" sl="37" sc="5" el="37" ec="5" bec="0" bev="0" fileid="5" />
              </SequencePoints>
              <BranchPoints />
            </Method>
          </Methods>
        </Class>
        <Class>
          <Summary numSequencePoints="1" visitedSequencePoints="1" numBranchPoints="0" visitedBranchPoints="0" sequenceCoverage="100.0" branchCoverage="0.0" maxCyclomaticComplexity="0" minCyclomaticComplexity="0" maxCrapScore="0" minCrapScore="0" visitedClasses="1" numClasses="1" visitedMethods="1" numMethods="1" />
          <FullName>AsteroidSpawnManager/&lt;&gt;c</FullName>
          <Methods>
            <Method visited="true" cyclomaticComplexity="0" nPathComplexity="0" sequenceCoverage="100.0" branchCoverage="0" crapScore="0" isConstructor="false" isStatic="false" isGetter="false" isSetter="false">
              <Summary numSequencePoints="1" visitedSequencePoints="1" numBranchPoints="0" visitedBranchPoints="0" sequenceCoverage="100.0" branchCoverage="0" maxCyclomaticComplexity="0" minCyclomaticComplexity="0" maxCrapScore="0" minCrapScore="0" visitedClasses="0" numClasses="0" visitedMethods="1" numMethods="1" />
              <MetadataToken>100663353</MetadataToken>
              <Name>System.Boolean AsteroidSpawnManager/&lt;&gt;c::&lt;FixedUpdate&gt;b__19_0(UnityEngine.GameObject)</Name>
              <FileRef uid="5" />
              <SequencePoints>
                <SequencePoint vc="14030" uspid="4548" ordinal="0" offset="0" sl="68" sc="49" el="68" ec="49" bec="0" bev="0" fileid="5" />
              </SequencePoints>
              <BranchPoints />
            </Method>
          </Methods>
        </Class>
        <Class>
          <Summary numSequencePoints="16" visitedSequencePoints="15" numBranchPoints="0" visitedBranchPoints="0" sequenceCoverage="93.75" branchCoverage="0.0" maxCyclomaticComplexity="0" minCyclomaticComplexity="0" maxCrapScore="0" minCrapScore="0" visitedClasses="1" numClasses="1" visitedMethods="1" numMethods="1" />
          <FullName>AsteroidSpawnManager/&lt;WarmupFillCoroutine&gt;d__23</FullName>
          <Methods>
            <Method visited="true" cyclomaticComplexity="0" nPathComplexity="0" sequenceCoverage="93.75" branchCoverage="0" crapScore="0" isConstructor="false" isStatic="false" isGetter="false" isSetter="false">
              <Summary numSequencePoints="16" visitedSequencePoints="15" numBranchPoints="0" visitedBranchPoints="0" sequenceCoverage="93.75" branchCoverage="0" maxCyclomaticComplexity="0" minCyclomaticComplexity="0" maxCrapScore="0" minCrapScore="0" visitedClasses="0" numClasses="0" visitedMethods="1" numMethods="1" />
              <MetadataToken>100663357</MetadataToken>
              <Name>System.Boolean AsteroidSpawnManager/&lt;WarmupFillCoroutine&gt;d__23::MoveNext()</Name>
              <FileRef uid="5" />
              <SequencePoints>
                <SequencePoint vc="1" uspid="4550" ordinal="0" offset="48" sl="141" sc="5" el="141" ec="5" bec="0" bev="0" fileid="5" />
                <SequencePoint vc="1" uspid="4551" ordinal="0" offset="49" sl="142" sc="9" el="142" ec="9" bec="0" bev="0" fileid="5" />
                <SequencePoint vc="10" uspid="4552" ordinal="0" offset="102" sl="145" sc="9" el="145" ec="9" bec="0" bev="0" fileid="5" />
                <SequencePoint vc="10" uspid="4553" ordinal="0" offset="103" sl="146" sc="13" el="146" ec="13" bec="0" bev="0" fileid="5" />
                <SequencePoint vc="10" uspid="4554" ordinal="0" offset="137" sl="147" sc="13" el="147" ec="13" bec="0" bev="0" fileid="5" />
                <SequencePoint vc="10" uspid="4555" ordinal="0" offset="165" sl="149" sc="18" el="149" ec="18" bec="0" bev="0" fileid="5" />
                <SequencePoint vc="100" uspid="4556" ordinal="0" offset="174" sl="150" sc="17" el="150" ec="17" bec="0" bev="0" fileid="5" />
                <SequencePoint vc="100" uspid="4557" ordinal="0" offset="186" sl="149" sc="40" el="149" ec="40" bec="0" bev="0" fileid="5" />
                <SequencePoint vc="110" uspid="4558" ordinal="0" offset="202" sl="149" sc="29" el="149" ec="29" bec="0" bev="0" fileid="5" />
                <SequencePoint vc="10" uspid="4559" ordinal="0" offset="220" sl="152" sc="13" el="152" ec="13" bec="0" bev="0" fileid="5" />
                <SequencePoint vc="10" uspid="4560" ordinal="0" offset="242" sl="153" sc="17" el="153" ec="17" bec="0" bev="0" fileid="5" />
                <SequencePoint vc="0" uspid="4561" ordinal="0" offset="282" sl="155" sc="17" el="155" ec="17" bec="0" bev="0" fileid="5" />
                <SequencePoint vc="10" uspid="4562" ordinal="0" offset="305" sl="156" sc="9" el="156" ec="9" bec="0" bev="0" fileid="5" />
                <SequencePoint vc="11" uspid="4563" ordinal="0" offset="306" sl="144" sc="9" el="144" ec="9" bec="0" bev="0" fileid="5" />
                <SequencePoint vc="1" uspid="4564" ordinal="0" offset="344" sl="158" sc="9" el="158" ec="9" bec="0" bev="0" fileid="5" />
                <SequencePoint vc="1" uspid="4565" ordinal="0" offset="366" sl="159" sc="5" el="159" ec="5" bec="0" bev="0" fileid="5" />
              </SequencePoints>
              <BranchPoints />
            </Method>
          </Methods>
        </Class>
        <Class>
          <Summary numSequencePoints="1" visitedSequencePoints="1" numBranchPoints="0" visitedBranchPoints="0" sequenceCoverage="100.0" branchCoverage="0.0" maxCyclomaticComplexity="0" minCyclomaticComplexity="0" maxCrapScore="0" minCrapScore="0" visitedClasses="1" numClasses="1" visitedMethods="1" numMethods="1" />
          <FullName>BorderConfiguration</FullName>
          <Methods>
            <Method visited="true" cyclomaticComplexity="0" nPathComplexity="0" sequenceCoverage="100.0" branchCoverage="0" crapScore="0" isConstructor="true" isStatic="true" isGetter="false" isSetter="false">
              <Summary numSequencePoints="1" visitedSequencePoints="1" numBranchPoints="0" visitedBranchPoints="0" sequenceCoverage="100.0" branchCoverage="0" maxCyclomaticComplexity="0" minCyclomaticComplexity="0" maxCrapScore="0" minCrapScore="0" visitedClasses="0" numClasses="0" visitedMethods="1" numMethods="1" />
              <MetadataToken>100663362</MetadataToken>
              <Name>static BorderConfiguration::BorderConfiguration()</Name>
              <FileRef uid="6" />
              <SequencePoints>
                <SequencePoint vc="1" uspid="4566" ordinal="0" offset="0" sl="5" sc="2" el="5" ec="2" bec="0" bev="0" fileid="6" />
              </SequencePoints>
              <BranchPoints />
            </Method>
          </Methods>
        </Class>
        <Class>
          <Summary numSequencePoints="27" visitedSequencePoints="17" numBranchPoints="0" visitedBranchPoints="0" sequenceCoverage="62.96" branchCoverage="0.0" maxCyclomaticComplexity="0" minCyclomaticComplexity="0" maxCrapScore="0" minCrapScore="0" visitedClasses="1" numClasses="1" visitedMethods="4" numMethods="4" />
          <FullName>BorderDamage</FullName>
          <Methods>
            <Method visited="true" cyclomaticComplexity="0" nPathComplexity="0" sequenceCoverage="100.0" branchCoverage="0" crapScore="0" isConstructor="false" isStatic="false" isGetter="false" isSetter="false">
              <Summary numSequencePoints="4" visitedSequencePoints="4" numBranchPoints="0" visitedBranchPoints="0" sequenceCoverage="100.0" branchCoverage="0" maxCyclomaticComplexity="0" minCyclomaticComplexity="0" maxCrapScore="0" minCrapScore="0" visitedClasses="0" numClasses="0" visitedMethods="1" numMethods="1" />
              <MetadataToken>100663363</MetadataToken>
              <Name>System.Void BorderDamage::Awake()</Name>
              <FileRef uid="7" />
              <SequencePoints>
                <SequencePoint vc="101" uspid="4567" ordinal="0" offset="0" sl="20" sc="5" el="20" ec="5" bec="0" bev="0" fileid="7" />
                <SequencePoint vc="101" uspid="4568" ordinal="0" offset="1" sl="21" sc="3" el="21" ec="3" bec="0" bev="0" fileid="7" />
                <SequencePoint vc="101" uspid="4569" ordinal="0" offset="13" sl="22" sc="9" el="22" ec="9" bec="0" bev="0" fileid="7" />
                <SequencePoint vc="101" uspid="4570" ordinal="0" offset="25" sl="23" sc="5" el="23" ec="5" bec="0" bev="0" fileid="7" />
              </SequencePoints>
              <BranchPoints />
            </Method>
            <Method visited="true" cyclomaticComplexity="0" nPathComplexity="0" sequenceCoverage="28.57" branchCoverage="0" crapScore="0" isConstructor="false" isStatic="false" isGetter="false" isSetter="false">
              <Summary numSequencePoints="14" visitedSequencePoints="4" numBranchPoints="0" visitedBranchPoints="0" sequenceCoverage="28.57" branchCoverage="0" maxCyclomaticComplexity="0" minCyclomaticComplexity="0" maxCrapScore="0" minCrapScore="0" visitedClasses="0" numClasses="0" visitedMethods="1" numMethods="1" />
              <MetadataToken>100663364</MetadataToken>
              <Name>System.Void BorderDamage::FixedUpdate()</Name>
              <FileRef uid="7" />
              <SequencePoints>
                <SequencePoint vc="14179" uspid="4571" ordinal="0" offset="11" sl="27" sc="5" el="27" ec="5" bec="0" bev="0" fileid="7" />
                <SequencePoint vc="14179" uspid="4572" ordinal="0" offset="12" sl="29" sc="9" el="29" ec="9" bec="0" bev="0" fileid="7" />
                <SequencePoint vc="14179" uspid="4573" ordinal="0" offset="19" sl="31" sc="9" el="31" ec="9" bec="0" bev="0" fileid="7" />
                <SequencePoint vc="0" uspid="4574" ordinal="0" offset="35" sl="32" sc="9" el="32" ec="9" bec="0" bev="0" fileid="7" />
                <SequencePoint vc="0" uspid="4575" ordinal="0" offset="36" sl="33" sc="13" el="33" ec="13" bec="0" bev="0" fileid="7" />
                <SequencePoint vc="0" uspid="4576" ordinal="0" offset="43" sl="35" sc="13" el="35" ec="13" bec="0" bev="0" fileid="7" />
                <SequencePoint vc="0" uspid="4577" ordinal="0" offset="53" sl="36" sc="13" el="36" ec="13" bec="0" bev="0" fileid="7" />
                <SequencePoint vc="0" uspid="4578" ordinal="0" offset="54" sl="37" sc="17" el="37" ec="17" bec="0" bev="0" fileid="7" />
                <SequencePoint vc="0" uspid="4579" ordinal="0" offset="61" sl="38" sc="13" el="38" ec="13" bec="0" bev="0" fileid="7" />
                <SequencePoint vc="0" uspid="4580" ordinal="0" offset="64" sl="40" sc="13" el="40" ec="13" bec="0" bev="0" fileid="7" />
                <SequencePoint vc="0" uspid="4581" ordinal="0" offset="65" sl="41" sc="17" el="41" ec="17" bec="0" bev="0" fileid="7" />
                <SequencePoint vc="0" uspid="4582" ordinal="0" offset="72" sl="42" sc="13" el="42" ec="13" bec="0" bev="0" fileid="7" />
                <SequencePoint vc="0" uspid="4583" ordinal="0" offset="73" sl="43" sc="9" el="43" ec="9" bec="0" bev="0" fileid="7" />
                <SequencePoint vc="14179" uspid="4584" ordinal="0" offset="74" sl="44" sc="5" el="44" ec="5" bec="0" bev="0" fileid="7" />
              </SequencePoints>
              <BranchPoints />
            </Method>
            <Method visited="true" cyclomaticComplexity="0" nPathComplexity="0" sequenceCoverage="100.0" branchCoverage="0" crapScore="0" isConstructor="false" isStatic="false" isGetter="false" isSetter="false">
              <Summary numSequencePoints="4" visitedSequencePoints="4" numBranchPoints="0" visitedBranchPoints="0" sequenceCoverage="100.0" branchCoverage="0" maxCyclomaticComplexity="0" minCyclomaticComplexity="0" maxCrapScore="0" minCrapScore="0" visitedClasses="0" numClasses="0" visitedMethods="1" numMethods="1" />
              <MetadataToken>100663365</MetadataToken>
              <Name>System.Boolean BorderDamage::IsOutsideBorder()</Name>
              <FileRef uid="7" />
              <SequencePoints>
                <SequencePoint vc="14179" uspid="4585" ordinal="0" offset="0" sl="46" sc="33" el="46" ec="33" bec="0" bev="0" fileid="7" />
                <SequencePoint vc="14179" uspid="4586" ordinal="0" offset="1" sl="47" sc="3" el="47" ec="3" bec="0" bev="0" fileid="7" />
                <SequencePoint vc="14179" uspid="4587" ordinal="0" offset="38" sl="48" sc="3" el="48" ec="3" bec="0" bev="0" fileid="7" />
                <SequencePoint vc="14179" uspid="4588" ordinal="0" offset="49" sl="49" sc="2" el="49" ec="2" bec="0" bev="0" fileid="7" />
              </SequencePoints>
              <BranchPoints />
            </Method>
            <Method visited="true" cyclomaticComplexity="0" nPathComplexity="0" sequenceCoverage="100.0" branchCoverage="0" crapScore="0" isConstructor="true" isStatic="false" isGetter="false" isSetter="false">
              <Summary numSequencePoints="5" visitedSequencePoints="5" numBranchPoints="0" visitedBranchPoints="0" sequenceCoverage="100.0" branchCoverage="0" maxCyclomaticComplexity="0" minCyclomaticComplexity="0" maxCrapScore="0" minCrapScore="0" visitedClasses="0" numClasses="0" visitedMethods="1" numMethods="1" />
              <MetadataToken>100663371</MetadataToken>
              <Name>BorderDamage::BorderDamage()</Name>
              <FileRef uid="7" />
              <SequencePoints>
                <SequencePoint vc="103" uspid="4622" ordinal="0" offset="0" sl="8" sc="22" el="8" ec="22" bec="0" bev="0" fileid="7" />
                <SequencePoint vc="103" uspid="4623" ordinal="0" offset="11" sl="9" sc="19" el="9" ec="19" bec="0" bev="0" fileid="7" />
                <SequencePoint vc="103" uspid="4624" ordinal="0" offset="22" sl="13" sc="5" el="13" ec="5" bec="0" bev="0" fileid="7" />
                <SequencePoint vc="103" uspid="4625" ordinal="0" offset="29" sl="16" sc="5" el="16" ec="5" bec="0" bev="0" fileid="7" />
                <SequencePoint vc="103" uspid="4626" ordinal="0" offset="36" sl="17" sc="5" el="17" ec="5" bec="0" bev="0" fileid="7" />
              </SequencePoints>
              <BranchPoints />
            </Method>
          </Methods>
        </Class>
        <Class>
          <Summary numSequencePoints="3" visitedSequencePoints="3" numBranchPoints="0" visitedBranchPoints="0" sequenceCoverage="100.0" branchCoverage="0.0" maxCyclomaticComplexity="0" minCyclomaticComplexity="0" maxCrapScore="0" minCrapScore="0" visitedClasses="1" numClasses="1" visitedMethods="1" numMethods="1" />
          <FullName>LoginConfigData</FullName>
          <Methods>
            <Method visited="true" cyclomaticComplexity="0" nPathComplexity="0" sequenceCoverage="100.0" branchCoverage="0" crapScore="0" isConstructor="true" isStatic="false" isGetter="false" isSetter="false">
              <Summary numSequencePoints="3" visitedSequencePoints="3" numBranchPoints="0" visitedBranchPoints="0" sequenceCoverage="100.0" branchCoverage="0" maxCyclomaticComplexity="0" minCyclomaticComplexity="0" maxCrapScore="0" minCrapScore="0" visitedClasses="0" numClasses="0" visitedMethods="1" numMethods="1" />
              <MetadataToken>100663388</MetadataToken>
              <Name>LoginConfigData::LoginConfigData()</Name>
              <FileRef uid="9" />
              <SequencePoints>
                <SequencePoint vc="1" uspid="4640" ordinal="0" offset="0" sl="8" sc="5" el="8" ec="5" bec="0" bev="0" fileid="9" />
                <SequencePoint vc="1" uspid="4641" ordinal="0" offset="11" sl="9" sc="5" el="9" ec="5" bec="0" bev="0" fileid="9" />
                <SequencePoint vc="1" uspid="4642" ordinal="0" offset="22" sl="10" sc="5" el="10" ec="5" bec="0" bev="0" fileid="9" />
              </SequencePoints>
              <BranchPoints />
            </Method>
          </Methods>
        </Class>
        <Class>
          <Summary numSequencePoints="14" visitedSequencePoints="8" numBranchPoints="0" visitedBranchPoints="0" sequenceCoverage="57.14" branchCoverage="0.0" maxCyclomaticComplexity="0" minCyclomaticComplexity="0" maxCrapScore="0" minCrapScore="0" visitedClasses="1" numClasses="1" visitedMethods="2" numMethods="2" />
          <FullName>ConfigManager</FullName>
          <Methods>
            <Method visited="true" cyclomaticComplexity="0" nPathComplexity="0" sequenceCoverage="53.85" branchCoverage="0" crapScore="0" isConstructor="false" isStatic="true" isGetter="false" isSetter="false">
              <Summary numSequencePoints="13" visitedSequencePoints="7" numBranchPoints="0" visitedBranchPoints="0" sequenceCoverage="53.85" branchCoverage="0" maxCyclomaticComplexity="0" minCyclomaticComplexity="0" maxCrapScore="0" minCrapScore="0" visitedClasses="0" numClasses="0" visitedMethods="1" numMethods="1" />
              <MetadataToken>100663390</MetadataToken>
              <Name>static LoginConfigData ConfigManager::LoadConfig()</Name>
              <FileRef uid="9" />
              <SequencePoints>
                <SequencePoint vc="1" uspid="4654" ordinal="0" offset="0" sl="32" sc="5" el="32" ec="5" bec="0" bev="0" fileid="9" />
                <SequencePoint vc="1" uspid="4655" ordinal="0" offset="1" sl="33" sc="9" el="33" ec="9" bec="0" bev="0" fileid="9" />
                <SequencePoint vc="0" uspid="4656" ordinal="0" offset="18" sl="34" sc="9" el="34" ec="9" bec="0" bev="0" fileid="9" />
                <SequencePoint vc="0" uspid="4657" ordinal="0" offset="19" sl="35" sc="13" el="35" ec="13" bec="0" bev="0" fileid="9" />
                <SequencePoint vc="1" uspid="4658" ordinal="0" offset="28" sl="39" sc="9" el="39" ec="9" bec="0" bev="0" fileid="9" />
                <SequencePoint vc="1" uspid="4659" ordinal="0" offset="29" sl="40" sc="13" el="40" ec="13" bec="0" bev="0" fileid="9" />
                <SequencePoint vc="1" uspid="4660" ordinal="0" offset="40" sl="41" sc="13" el="41" ec="13" bec="0" bev="0" fileid="9" />
                <SequencePoint vc="1" uspid="4661" ordinal="0" offset="51" sl="42" sc="13" el="42" ec="13" bec="0" bev="0" fileid="9" />
                <SequencePoint vc="0" uspid="4662" ordinal="0" offset="60" sl="44" sc="9" el="44" ec="9" bec="0" bev="0" fileid="9" />
                <SequencePoint vc="0" uspid="4663" ordinal="0" offset="61" sl="45" sc="9" el="45" ec="9" bec="0" bev="0" fileid="9" />
                <SequencePoint vc="0" uspid="4664" ordinal="0" offset="62" sl="46" sc="13" el="46" ec="13" bec="0" bev="0" fileid="9" />
                <SequencePoint vc="0" uspid="4665" ordinal="0" offset="84" sl="47" sc="13" el="47" ec="13" bec="0" bev="0" fileid="9" />
                <SequencePoint vc="1" uspid="4666" ordinal="0" offset="92" sl="49" sc="5" el="49" ec="5" bec="0" bev="0" fileid="9" />
              </SequencePoints>
              <BranchPoints />
            </Method>
            <Method visited="true" cyclomaticComplexity="0" nPathComplexity="0" sequenceCoverage="100.0" branchCoverage="0" crapScore="0" isConstructor="true" isStatic="true" isGetter="false" isSetter="false">
              <Summary numSequencePoints="1" visitedSequencePoints="1" numBranchPoints="0" visitedBranchPoints="0" sequenceCoverage="100.0" branchCoverage="0" maxCyclomaticComplexity="0" minCyclomaticComplexity="0" maxCrapScore="0" minCrapScore="0" visitedClasses="0" numClasses="0" visitedMethods="1" numMethods="1" />
              <MetadataToken>100663392</MetadataToken>
              <Name>static ConfigManager::ConfigManager()</Name>
              <FileRef uid="9" />
              <SequencePoints>
                <SequencePoint vc="1" uspid="4674" ordinal="0" offset="0" sl="15" sc="5" el="15" ec="5" bec="0" bev="0" fileid="9" />
              </SequencePoints>
              <BranchPoints />
            </Method>
          </Methods>
        </Class>
        <Class>
          <Summary numSequencePoints="3" visitedSequencePoints="3" numBranchPoints="0" visitedBranchPoints="0" sequenceCoverage="100.0" branchCoverage="0.0" maxCyclomaticComplexity="0" minCyclomaticComplexity="0" maxCrapScore="0" minCrapScore="0" visitedClasses="1" numClasses="1" visitedMethods="1" numMethods="1" />
          <FullName>ShipConfigData</FullName>
          <Methods>
            <Method visited="true" cyclomaticComplexity="0" nPathComplexity="0" sequenceCoverage="100.0" branchCoverage="0" crapScore="0" isConstructor="true" isStatic="false" isGetter="false" isSetter="false">
              <Summary numSequencePoints="3" visitedSequencePoints="3" numBranchPoints="0" visitedBranchPoints="0" sequenceCoverage="100.0" branchCoverage="0" maxCyclomaticComplexity="0" minCyclomaticComplexity="0" maxCrapScore="0" minCrapScore="0" visitedClasses="0" numClasses="0" visitedMethods="1" numMethods="1" />
              <MetadataToken>100663393</MetadataToken>
              <Name>ShipConfigData::ShipConfigData()</Name>
              <FileRef uid="10" />
              <SequencePoints>
                <SequencePoint vc="1" uspid="4675" ordinal="0" offset="0" sl="8" sc="5" el="8" ec="5" bec="0" bev="0" fileid="10" />
                <SequencePoint vc="1" uspid="4676" ordinal="0" offset="7" sl="9" sc="5" el="9" ec="5" bec="0" bev="0" fileid="10" />
                <SequencePoint vc="1" uspid="4677" ordinal="0" offset="14" sl="10" sc="5" el="10" ec="5" bec="0" bev="0" fileid="10" />
              </SequencePoints>
              <BranchPoints />
            </Method>
          </Methods>
        </Class>
        <Class>
          <Summary numSequencePoints="14" visitedSequencePoints="8" numBranchPoints="0" visitedBranchPoints="0" sequenceCoverage="57.14" branchCoverage="0.0" maxCyclomaticComplexity="0" minCyclomaticComplexity="0" maxCrapScore="0" minCrapScore="0" visitedClasses="1" numClasses="1" visitedMethods="2" numMethods="2" />
          <FullName>ShipConfigManager</FullName>
          <Methods>
            <Method visited="true" cyclomaticComplexity="0" nPathComplexity="0" sequenceCoverage="53.85" branchCoverage="0" crapScore="0" isConstructor="false" isStatic="true" isGetter="false" isSetter="false">
              <Summary numSequencePoints="13" visitedSequencePoints="7" numBranchPoints="0" visitedBranchPoints="0" sequenceCoverage="53.85" branchCoverage="0" maxCyclomaticComplexity="0" minCyclomaticComplexity="0" maxCrapScore="0" minCrapScore="0" visitedClasses="0" numClasses="0" visitedMethods="1" numMethods="1" />
              <MetadataToken>100663396</MetadataToken>
              <Name>static ShipConfigData ShipConfigManager::LoadConfig()</Name>
              <FileRef uid="10" />
              <SequencePoints>
                <SequencePoint vc="1" uspid="4692" ordinal="0" offset="0" sl="37" sc="5" el="37" ec="5" bec="0" bev="0" fileid="10" />
                <SequencePoint vc="1" uspid="4693" ordinal="0" offset="1" sl="38" sc="9" el="38" ec="9" bec="0" bev="0" fileid="10" />
                <SequencePoint vc="0" uspid="4694" ordinal="0" offset="18" sl="39" sc="9" el="39" ec="9" bec="0" bev="0" fileid="10" />
                <SequencePoint vc="0" uspid="4695" ordinal="0" offset="19" sl="40" sc="13" el="40" ec="13" bec="0" bev="0" fileid="10" />
                <SequencePoint vc="1" uspid="4696" ordinal="0" offset="28" sl="44" sc="9" el="44" ec="9" bec="0" bev="0" fileid="10" />
                <SequencePoint vc="1" uspid="4697" ordinal="0" offset="29" sl="45" sc="13" el="45" ec="13" bec="0" bev="0" fileid="10" />
                <SequencePoint vc="1" uspid="4698" ordinal="0" offset="40" sl="46" sc="13" el="46" ec="13" bec="0" bev="0" fileid="10" />
                <SequencePoint vc="1" uspid="4699" ordinal="0" offset="51" sl="47" sc="13" el="47" ec="13" bec="0" bev="0" fileid="10" />
                <SequencePoint vc="0" uspid="4700" ordinal="0" offset="60" sl="49" sc="9" el="49" ec="9" bec="0" bev="0" fileid="10" />
                <SequencePoint vc="0" uspid="4701" ordinal="0" offset="61" sl="50" sc="9" el="50" ec="9" bec="0" bev="0" fileid="10" />
                <SequencePoint vc="0" uspid="4702" ordinal="0" offset="62" sl="51" sc="13" el="51" ec="13" bec="0" bev="0" fileid="10" />
                <SequencePoint vc="0" uspid="4703" ordinal="0" offset="84" sl="52" sc="13" el="52" ec="13" bec="0" bev="0" fileid="10" />
                <SequencePoint vc="1" uspid="4704" ordinal="0" offset="92" sl="54" sc="5" el="54" ec="5" bec="0" bev="0" fileid="10" />
              </SequencePoints>
              <BranchPoints />
            </Method>
            <Method visited="true" cyclomaticComplexity="0" nPathComplexity="0" sequenceCoverage="100.0" branchCoverage="0" crapScore="0" isConstructor="true" isStatic="true" isGetter="false" isSetter="false">
              <Summary numSequencePoints="1" visitedSequencePoints="1" numBranchPoints="0" visitedBranchPoints="0" sequenceCoverage="100.0" branchCoverage="0" maxCyclomaticComplexity="0" minCyclomaticComplexity="0" maxCrapScore="0" minCrapScore="0" visitedClasses="0" numClasses="0" visitedMethods="1" numMethods="1" />
              <MetadataToken>100663397</MetadataToken>
              <Name>static ShipConfigManager::ShipConfigManager()</Name>
              <FileRef uid="10" />
              <SequencePoints>
                <SequencePoint vc="1" uspid="4705" ordinal="0" offset="0" sl="15" sc="5" el="15" ec="5" bec="0" bev="0" fileid="10" />
              </SequencePoints>
              <BranchPoints />
            </Method>
          </Methods>
        </Class>
        <Class>
          <Summary numSequencePoints="1" visitedSequencePoints="1" numBranchPoints="0" visitedBranchPoints="0" sequenceCoverage="100.0" branchCoverage="0.0" maxCyclomaticComplexity="0" minCyclomaticComplexity="0" maxCrapScore="0" minCrapScore="0" visitedClasses="1" numClasses="1" visitedMethods="1" numMethods="1" />
          <FullName>NetworkEffectDestroyer</FullName>
          <Methods>
            <Method visited="true" cyclomaticComplexity="0" nPathComplexity="0" sequenceCoverage="100.0" branchCoverage="0" crapScore="0" isConstructor="true" isStatic="false" isGetter="false" isSetter="false">
              <Summary numSequencePoints="1" visitedSequencePoints="1" numBranchPoints="0" visitedBranchPoints="0" sequenceCoverage="100.0" branchCoverage="0" maxCyclomaticComplexity="0" minCyclomaticComplexity="0" maxCrapScore="0" minCrapScore="0" visitedClasses="0" numClasses="0" visitedMethods="1" numMethods="1" />
              <MetadataToken>100663428</MetadataToken>
              <Name>NetworkEffectDestroyer::NetworkEffectDestroyer()</Name>
              <FileRef uid="13" />
              <SequencePoints>
                <SequencePoint vc="4" uspid="4924" ordinal="0" offset="0" sl="9" sc="5" el="9" ec="5" bec="0" bev="0" fileid="13" />
              </SequencePoints>
              <BranchPoints />
            </Method>
          </Methods>
        </Class>
        <Class>
          <Summary numSequencePoints="5" visitedSequencePoints="4" numBranchPoints="0" visitedBranchPoints="0" sequenceCoverage="80.00" branchCoverage="0.0" maxCyclomaticComplexity="0" minCyclomaticComplexity="0" maxCrapScore="0" minCrapScore="0" visitedClasses="1" numClasses="1" visitedMethods="1" numMethods="1" />
          <FullName>MatchState</FullName>
          <Methods>
            <Method visited="true" cyclomaticComplexity="0" nPathComplexity="0" sequenceCoverage="80.00" branchCoverage="0" crapScore="0" isConstructor="false" isStatic="false" isGetter="false" isSetter="false">
              <Summary numSequencePoints="5" visitedSequencePoints="4" numBranchPoints="0" visitedBranchPoints="0" sequenceCoverage="80.00" branchCoverage="0" maxCyclomaticComplexity="0" minCyclomaticComplexity="0" maxCrapScore="0" minCrapScore="0" visitedClasses="0" numClasses="0" visitedMethods="1" numMethods="1" />
              <MetadataToken>100663445</MetadataToken>
              <Name>System.Void MatchState::Awake()</Name>
              <FileRef uid="15" />
              <SequencePoints>
                <SequencePoint vc="1" uspid="4954" ordinal="0" offset="0" sl="13" sc="5" el="13" ec="5" bec="0" bev="0" fileid="15" />
                <SequencePoint vc="1" uspid="4955" ordinal="0" offset="1" sl="14" sc="9" el="14" ec="9" bec="0" bev="0" fileid="15" />
                <SequencePoint vc="1" uspid="4956" ordinal="0" offset="16" sl="14" sc="31" el="14" ec="31" bec="0" bev="0" fileid="15" />
                <SequencePoint vc="0" uspid="4957" ordinal="0" offset="24" sl="15" sc="14" el="15" ec="14" bec="0" bev="0" fileid="15" />
                <SequencePoint vc="1" uspid="4958" ordinal="0" offset="36" sl="16" sc="5" el="16" ec="5" bec="0" bev="0" fileid="15" />
              </SequencePoints>
              <BranchPoints />
            </Method>
          </Methods>
        </Class>
        <Class>
          <Summary numSequencePoints="84" visitedSequencePoints="63" numBranchPoints="0" visitedBranchPoints="0" sequenceCoverage="75.00" branchCoverage="0.0" maxCyclomaticComplexity="0" minCyclomaticComplexity="0" maxCrapScore="0" minCrapScore="0" visitedClasses="1" numClasses="1" visitedMethods="10" numMethods="10" />
          <FullName>SessionManager</FullName>
          <Methods>
            <Method visited="true" cyclomaticComplexity="0" nPathComplexity="0" sequenceCoverage="100.0" branchCoverage="0" crapScore="0" isConstructor="false" isStatic="true" isGetter="true" isSetter="false">
              <Summary numSequencePoints="1" visitedSequencePoints="1" numBranchPoints="0" visitedBranchPoints="0" sequenceCoverage="100.0" branchCoverage="0" maxCyclomaticComplexity="0" minCyclomaticComplexity="0" maxCrapScore="0" minCrapScore="0" visitedClasses="0" numClasses="0" visitedMethods="1" numMethods="1" />
              <MetadataToken>100663456</MetadataToken>
              <Name>static SessionManager SessionManager::get_Instance()</Name>
              <FileRef uid="16" />
              <SequencePoints>
                <SequencePoint vc="7" uspid="4959" ordinal="0" offset="0" sl="14" sc="45" el="14" ec="45" bec="0" bev="0" fileid="16" />
              </SequencePoints>
              <BranchPoints />
            </Method>
            <Method visited="true" cyclomaticComplexity="0" nPathComplexity="0" sequenceCoverage="100.0" branchCoverage="0" crapScore="0" isConstructor="false" isStatic="true" isGetter="false" isSetter="true">
              <Summary numSequencePoints="1" visitedSequencePoints="1" numBranchPoints="0" visitedBranchPoints="0" sequenceCoverage="100.0" branchCoverage="0" maxCyclomaticComplexity="0" minCyclomaticComplexity="0" maxCrapScore="0" minCrapScore="0" visitedClasses="0" numClasses="0" visitedMethods="1" numMethods="1" />
              <MetadataToken>100663457</MetadataToken>
              <Name>static System.Void SessionManager::set_Instance(SessionManager)</Name>
              <FileRef uid="16" />
              <SequencePoints>
                <SequencePoint vc="1" uspid="4960" ordinal="0" offset="0" sl="14" sc="50" el="14" ec="50" bec="0" bev="0" fileid="16" />
              </SequencePoints>
              <BranchPoints />
            </Method>
            <Method visited="true" cyclomaticComplexity="0" nPathComplexity="0" sequenceCoverage="70.00" branchCoverage="0" crapScore="0" isConstructor="false" isStatic="false" isGetter="false" isSetter="false">
              <Summary numSequencePoints="10" visitedSequencePoints="7" numBranchPoints="0" visitedBranchPoints="0" sequenceCoverage="70.00" branchCoverage="0" maxCyclomaticComplexity="0" minCyclomaticComplexity="0" maxCrapScore="0" minCrapScore="0" visitedClasses="0" numClasses="0" visitedMethods="1" numMethods="1" />
              <MetadataToken>100663458</MetadataToken>
              <Name>System.Void SessionManager::Awake()</Name>
              <FileRef uid="16" />
              <SequencePoints>
                <SequencePoint vc="1" uspid="4961" ordinal="0" offset="0" sl="51" sc="5" el="51" ec="5" bec="0" bev="0" fileid="16" />
                <SequencePoint vc="1" uspid="4962" ordinal="0" offset="1" sl="52" sc="9" el="52" ec="9" bec="0" bev="0" fileid="16" />
                <SequencePoint vc="1" uspid="4963" ordinal="0" offset="16" sl="52" sc="31" el="52" ec="31" bec="0" bev="0" fileid="16" />
                <SequencePoint vc="1" uspid="4964" ordinal="0" offset="17" sl="52" sc="33" el="52" ec="33" bec="0" bev="0" fileid="16" />
                <SequencePoint vc="1" uspid="4965" ordinal="0" offset="24" sl="52" sc="50" el="52" ec="50" bec="0" bev="0" fileid="16" />
                <SequencePoint vc="1" uspid="4966" ordinal="0" offset="36" sl="52" sc="81" el="52" ec="81" bec="0" bev="0" fileid="16" />
                <SequencePoint vc="0" uspid="4967" ordinal="0" offset="39" sl="53" sc="14" el="53" ec="14" bec="0" bev="0" fileid="16" />
                <SequencePoint vc="0" uspid="4968" ordinal="0" offset="40" sl="53" sc="16" el="53" ec="16" bec="0" bev="0" fileid="16" />
                <SequencePoint vc="0" uspid="4969" ordinal="0" offset="52" sl="53" sc="37" el="53" ec="37" bec="0" bev="0" fileid="16" />
                <SequencePoint vc="1" uspid="4970" ordinal="0" offset="53" sl="54" sc="5" el="54" ec="5" bec="0" bev="0" fileid="16" />
              </SequencePoints>
              <BranchPoints />
            </Method>
            <Method visited="true" cyclomaticComplexity="0" nPathComplexity="0" sequenceCoverage="62.50" branchCoverage="0" crapScore="0" isConstructor="false" isStatic="false" isGetter="false" isSetter="false">
              <Summary numSequencePoints="8" visitedSequencePoints="5" numBranchPoints="0" visitedBranchPoints="0" sequenceCoverage="62.50" branchCoverage="0" maxCyclomaticComplexity="0" minCyclomaticComplexity="0" maxCrapScore="0" minCrapScore="0" visitedClasses="0" numClasses="0" visitedMethods="1" numMethods="1" />
              <MetadataToken>100663459</MetadataToken>
              <Name>System.Void SessionManager::Start()</Name>
              <FileRef uid="16" />
              <SequencePoints>
                <SequencePoint vc="1" uspid="4971" ordinal="0" offset="0" sl="57" sc="5" el="57" ec="5" bec="0" bev="0" fileid="16" />
                <SequencePoint vc="1" uspid="4972" ordinal="0" offset="1" sl="58" sc="9" el="58" ec="9" bec="0" bev="0" fileid="16" />
                <SequencePoint vc="1" uspid="4973" ordinal="0" offset="7" sl="59" sc="9" el="59" ec="9" bec="0" bev="0" fileid="16" />
                <SequencePoint vc="1" uspid="4974" ordinal="0" offset="34" sl="61" sc="9" el="61" ec="9" bec="0" bev="0" fileid="16" />
                <SequencePoint vc="0" uspid="4975" ordinal="0" offset="41" sl="62" sc="9" el="62" ec="9" bec="0" bev="0" fileid="16" />
                <SequencePoint vc="0" uspid="4976" ordinal="0" offset="42" sl="63" sc="13" el="63" ec="13" bec="0" bev="0" fileid="16" />
                <SequencePoint vc="0" uspid="4977" ordinal="0" offset="49" sl="64" sc="9" el="64" ec="9" bec="0" bev="0" fileid="16" />
                <SequencePoint vc="1" uspid="4978" ordinal="0" offset="50" sl="65" sc="5" el="65" ec="5" bec="0" bev="0" fileid="16" />
              </SequencePoints>
              <BranchPoints />
            </Method>
            <Method visited="true" cyclomaticComplexity="0" nPathComplexity="0" sequenceCoverage="71.43" branchCoverage="0" crapScore="0" isConstructor="false" isStatic="false" isGetter="false" isSetter="false">
              <Summary numSequencePoints="21" visitedSequencePoints="15" numBranchPoints="0" visitedBranchPoints="0" sequenceCoverage="71.43" branchCoverage="0" maxCyclomaticComplexity="0" minCyclomaticComplexity="0" maxCrapScore="0" minCrapScore="0" visitedClasses="0" numClasses="0" visitedMethods="1" numMethods="1" />
              <MetadataToken>100663463</MetadataToken>
              <Name>System.Void SessionManager::ConnectPlayer(Player)</Name>
              <FileRef uid="16" />
              <SequencePoints>
                <SequencePoint vc="1" uspid="4979" ordinal="0" offset="21" sl="139" sc="5" el="139" ec="5" bec="0" bev="0" fileid="16" />
                <SequencePoint vc="1" uspid="4980" ordinal="0" offset="22" sl="140" sc="9" el="140" ec="9" bec="0" bev="0" fileid="16" />
                <SequencePoint vc="0" uspid="4981" ordinal="0" offset="33" sl="140" sc="29" el="140" ec="29" bec="0" bev="0" fileid="16" />
                <SequencePoint vc="1" uspid="4982" ordinal="0" offset="38" sl="141" sc="9" el="141" ec="9" bec="0" bev="0" fileid="16" />
                <SequencePoint vc="1" uspid="4983" ordinal="0" offset="64" sl="142" sc="9" el="142" ec="9" bec="0" bev="0" fileid="16" />
                <SequencePoint vc="1" uspid="4984" ordinal="0" offset="65" sl="143" sc="13" el="143" ec="13" bec="0" bev="0" fileid="16" />
                <SequencePoint vc="1" uspid="4985" ordinal="0" offset="138" sl="152" sc="13" el="152" ec="13" bec="0" bev="0" fileid="16" />
                <SequencePoint vc="1" uspid="4986" ordinal="0" offset="157" sl="153" sc="9" el="153" ec="9" bec="0" bev="0" fileid="16" />
                <SequencePoint vc="0" uspid="4987" ordinal="0" offset="160" sl="155" sc="9" el="155" ec="9" bec="0" bev="0" fileid="16" />
                <SequencePoint vc="0" uspid="4988" ordinal="0" offset="161" sl="156" sc="13" el="156" ec="13" bec="0" bev="0" fileid="16" />
                <SequencePoint vc="0" uspid="4989" ordinal="0" offset="173" sl="157" sc="13" el="157" ec="13" bec="0" bev="0" fileid="16" />
                <SequencePoint vc="0" uspid="4990" ordinal="0" offset="185" sl="158" sc="13" el="158" ec="13" bec="0" bev="0" fileid="16" />
                <SequencePoint vc="0" uspid="4991" ordinal="0" offset="192" sl="159" sc="9" el="159" ec="9" bec="0" bev="0" fileid="16" />
                <SequencePoint vc="1" uspid="4992" ordinal="0" offset="193" sl="161" sc="9" el="161" ec="9" bec="0" bev="0" fileid="16" />
                <SequencePoint vc="1" uspid="4993" ordinal="0" offset="237" sl="162" sc="9" el="162" ec="9" bec="0" bev="0" fileid="16" />
                <SequencePoint vc="1" uspid="4994" ordinal="0" offset="268" sl="163" sc="9" el="163" ec="9" bec="0" bev="0" fileid="16" />
                <SequencePoint vc="1" uspid="4995" ordinal="0" offset="297" sl="164" sc="9" el="164" ec="9" bec="0" bev="0" fileid="16" />
                <SequencePoint vc="1" uspid="4996" ordinal="0" offset="298" sl="165" sc="13" el="165" ec="13" bec="0" bev="0" fileid="16" />
                <SequencePoint vc="1" uspid="4997" ordinal="0" offset="311" sl="166" sc="13" el="166" ec="13" bec="0" bev="0" fileid="16" />
                <SequencePoint vc="1" uspid="4998" ordinal="0" offset="322" sl="167" sc="9" el="167" ec="9" bec="0" bev="0" fileid="16" />
                <SequencePoint vc="1" uspid="4999" ordinal="0" offset="323" sl="168" sc="5" el="168" ec="5" bec="0" bev="0" fileid="16" />
              </SequencePoints>
              <BranchPoints />
            </Method>
            <Method visited="true" cyclomaticComplexity="0" nPathComplexity="0" sequenceCoverage="53.85" branchCoverage="0" crapScore="0" isConstructor="false" isStatic="false" isGetter="false" isSetter="false">
              <Summary numSequencePoints="13" visitedSequencePoints="7" numBranchPoints="0" visitedBranchPoints="0" sequenceCoverage="53.85" branchCoverage="0" maxCyclomaticComplexity="0" minCyclomaticComplexity="0" maxCrapScore="0" minCrapScore="0" visitedClasses="0" numClasses="0" visitedMethods="1" numMethods="1" />
              <MetadataToken>100663464</MetadataToken>
              <Name>System.Void SessionManager::BindIdentity(Player)</Name>
              <FileRef uid="16" />
              <SequencePoints>
                <SequencePoint vc="1" uspid="5000" ordinal="0" offset="21" sl="172" sc="5" el="172" ec="5" bec="0" bev="0" fileid="16" />
                <SequencePoint vc="1" uspid="5001" ordinal="0" offset="22" sl="173" sc="9" el="173" ec="9" bec="0" bev="0" fileid="16" />
                <SequencePoint vc="0" uspid="5002" ordinal="0" offset="33" sl="173" sc="29" el="173" ec="29" bec="0" bev="0" fileid="16" />
                <SequencePoint vc="1" uspid="5003" ordinal="0" offset="35" sl="175" sc="9" el="175" ec="9" bec="0" bev="0" fileid="16" />
                <SequencePoint vc="0" uspid="5004" ordinal="0" offset="61" sl="176" sc="9" el="176" ec="9" bec="0" bev="0" fileid="16" />
                <SequencePoint vc="0" uspid="5005" ordinal="0" offset="62" sl="177" sc="13" el="177" ec="13" bec="0" bev="0" fileid="16" />
                <SequencePoint vc="0" uspid="5006" ordinal="0" offset="80" sl="178" sc="13" el="178" ec="13" bec="0" bev="0" fileid="16" />
                <SequencePoint vc="0" uspid="5007" ordinal="0" offset="99" sl="179" sc="9" el="179" ec="9" bec="0" bev="0" fileid="16" />
                <SequencePoint vc="1" uspid="5008" ordinal="0" offset="100" sl="181" sc="9" el="181" ec="9" bec="0" bev="0" fileid="16" />
                <SequencePoint vc="1" uspid="5009" ordinal="0" offset="112" sl="182" sc="9" el="182" ec="9" bec="0" bev="0" fileid="16" />
                <SequencePoint vc="1" uspid="5010" ordinal="0" offset="124" sl="184" sc="9" el="184" ec="9" bec="0" bev="0" fileid="16" />
                <SequencePoint vc="0" uspid="5011" ordinal="0" offset="137" sl="185" sc="13" el="185" ec="13" bec="0" bev="0" fileid="16" />
                <SequencePoint vc="1" uspid="5012" ordinal="0" offset="150" sl="186" sc="5" el="186" ec="5" bec="0" bev="0" fileid="16" />
              </SequencePoints>
              <BranchPoints />
            </Method>
            <Method visited="true" cyclomaticComplexity="0" nPathComplexity="0" sequenceCoverage="88.89" branchCoverage="0" crapScore="0" isConstructor="false" isStatic="false" isGetter="false" isSetter="false">
              <Summary numSequencePoints="9" visitedSequencePoints="8" numBranchPoints="0" visitedBranchPoints="0" sequenceCoverage="88.89" branchCoverage="0" maxCyclomaticComplexity="0" minCyclomaticComplexity="0" maxCrapScore="0" minCrapScore="0" visitedClasses="0" numClasses="0" visitedMethods="1" numMethods="1" />
              <MetadataToken>100663473</MetadataToken>
              <Name>System.String SessionManager::GetArg(System.String, System.String)</Name>
              <FileRef uid="16" />
              <SequencePoints>
                <SequencePoint vc="1" uspid="5054" ordinal="0" offset="0" sl="401" sc="5" el="401" ec="5" bec="0" bev="0" fileid="16" />
                <SequencePoint vc="1" uspid="5055" ordinal="0" offset="1" sl="402" sc="9" el="402" ec="9" bec="0" bev="0" fileid="16" />
                <SequencePoint vc="1" uspid="5056" ordinal="0" offset="7" sl="403" sc="14" el="403" ec="14" bec="0" bev="0" fileid="16" />
                <SequencePoint vc="14" uspid="5057" ordinal="0" offset="11" sl="404" sc="13" el="404" ec="13" bec="0" bev="0" fileid="16" />
                <SequencePoint vc="0" uspid="5058" ordinal="0" offset="37" sl="404" sc="57" el="404" ec="57" bec="0" bev="0" fileid="16" />
                <SequencePoint vc="14" uspid="5059" ordinal="0" offset="45" sl="403" sc="42" el="403" ec="42" bec="0" bev="0" fileid="16" />
                <SequencePoint vc="15" uspid="5060" ordinal="0" offset="49" sl="403" sc="25" el="403" ec="25" bec="0" bev="0" fileid="16" />
                <SequencePoint vc="1" uspid="5061" ordinal="0" offset="61" sl="405" sc="9" el="405" ec="9" bec="0" bev="0" fileid="16" />
                <SequencePoint vc="1" uspid="5062" ordinal="0" offset="65" sl="406" sc="5" el="406" ec="5" bec="0" bev="0" fileid="16" />
              </SequencePoints>
              <BranchPoints />
            </Method>
            <Method visited="true" cyclomaticComplexity="0" nPathComplexity="0" sequenceCoverage="100.0" branchCoverage="0" crapScore="0" isConstructor="false" isStatic="false" isGetter="false" isSetter="false">
              <Summary numSequencePoints="10" visitedSequencePoints="10" numBranchPoints="0" visitedBranchPoints="0" sequenceCoverage="100.0" branchCoverage="0" maxCyclomaticComplexity="0" minCyclomaticComplexity="0" maxCrapScore="0" minCrapScore="0" visitedClasses="0" numClasses="0" visitedMethods="1" numMethods="1" />
              <MetadataToken>100663475</MetadataToken>
              <Name>System.Void SessionManager::BroadcastTimer()</Name>
              <FileRef uid="16" />
              <SequencePoints>
                <SequencePoint vc="1" uspid="5069" ordinal="0" offset="0" sl="417" sc="5" el="417" ec="5" bec="0" bev="0" fileid="16" />
                <SequencePoint vc="1" uspid="5070" ordinal="0" offset="1" sl="418" sc="9" el="418" ec="9" bec="0" bev="0" fileid="16" />
                <SequencePoint vc="1" uspid="5071" ordinal="0" offset="2" sl="418" sc="27" el="418" ec="27" bec="0" bev="0" fileid="16" />
                <SequencePoint vc="1" uspid="5072" ordinal="0" offset="20" sl="418" sc="18" el="418" ec="18" bec="0" bev="0" fileid="16" />
                <SequencePoint vc="1" uspid="5073" ordinal="0" offset="28" sl="419" sc="9" el="419" ec="9" bec="0" bev="0" fileid="16" />
                <SequencePoint vc="1" uspid="5074" ordinal="0" offset="29" sl="420" sc="13" el="420" ec="13" bec="0" bev="0" fileid="16" />
                <SequencePoint vc="1" uspid="5075" ordinal="0" offset="40" sl="421" sc="17" el="421" ec="17" bec="0" bev="0" fileid="16" />
                <SequencePoint vc="1" uspid="5076" ordinal="0" offset="71" sl="422" sc="9" el="422" ec="9" bec="0" bev="0" fileid="16" />
                <SequencePoint vc="2" uspid="5077" ordinal="0" offset="72" sl="418" sc="24" el="418" ec="24" bec="0" bev="0" fileid="16" />
                <SequencePoint vc="1" uspid="5078" ordinal="0" offset="98" sl="423" sc="5" el="423" ec="5" bec="0" bev="0" fileid="16" />
              </SequencePoints>
              <BranchPoints />
            </Method>
            <Method visited="true" cyclomaticComplexity="0" nPathComplexity="0" sequenceCoverage="71.43" branchCoverage="0" crapScore="0" isConstructor="false" isStatic="false" isGetter="false" isSetter="false">
              <Summary numSequencePoints="7" visitedSequencePoints="5" numBranchPoints="0" visitedBranchPoints="0" sequenceCoverage="71.43" branchCoverage="0" maxCyclomaticComplexity="0" minCyclomaticComplexity="0" maxCrapScore="0" minCrapScore="0" visitedClasses="0" numClasses="0" visitedMethods="1" numMethods="1" />
              <MetadataToken>100663476</MetadataToken>
              <Name>System.Void SessionManager::SendTimerTo(Player)</Name>
              <FileRef uid="16" />
              <SequencePoints>
                <SequencePoint vc="1" uspid="5079" ordinal="0" offset="0" sl="426" sc="5" el="426" ec="5" bec="0" bev="0" fileid="16" />
                <SequencePoint vc="1" uspid="5080" ordinal="0" offset="1" sl="427" sc="9" el="427" ec="9" bec="0" bev="0" fileid="16" />
                <SequencePoint vc="0" uspid="5081" ordinal="0" offset="13" sl="427" sc="36" el="427" ec="36" bec="0" bev="0" fileid="16" />
[...]
              <MetadataToken>100664087</MetadataToken>
              <Name>System.Int32 ShipShooting::get_CurrentAmmo()</Name>
              <FileRef uid="53" />
              <SequencePoints>
                <SequencePoint vc="390" uspid="8100" ordinal="0" offset="0" sl="22" sc="31" el="22" ec="31" bec="0" bev="0" fileid="53" />
              </SequencePoints>
              <BranchPoints />
            </Method>
            <Method visited="true" cyclomaticComplexity="0" nPathComplexity="0" sequenceCoverage="100.0" branchCoverage="0" crapScore="0" isConstructor="false" isStatic="false" isGetter="true" isSetter="false">
              <Summary numSequencePoints="1" visitedSequencePoints="1" numBranchPoints="0" visitedBranchPoints="0" sequenceCoverage="100.0" branchCoverage="0" maxCyclomaticComplexity="0" minCyclomaticComplexity="0" maxCrapScore="0" minCrapScore="0" visitedClasses="0" numClasses="0" visitedMethods="1" numMethods="1" />
              <MetadataToken>100664088</MetadataToken>
              <Name>System.Boolean ShipShooting::get_IsReloading()</Name>
              <FileRef uid="53" />
              <SequencePoints>
                <SequencePoint vc="390" uspid="8101" ordinal="0" offset="0" sl="23" sc="32" el="23" ec="32" bec="0" bev="0" fileid="53" />
              </SequencePoints>
              <BranchPoints />
            </Method>
            <Method visited="true" cyclomaticComplexity="0" nPathComplexity="0" sequenceCoverage="100.0" branchCoverage="0" crapScore="0" isConstructor="false" isStatic="false" isGetter="true" isSetter="false">
              <Summary numSequencePoints="1" visitedSequencePoints="1" numBranchPoints="0" visitedBranchPoints="0" sequenceCoverage="100.0" branchCoverage="0" maxCyclomaticComplexity="0" minCyclomaticComplexity="0" maxCrapScore="0" minCrapScore="0" visitedClasses="0" numClasses="0" visitedMethods="1" numMethods="1" />
              <MetadataToken>100664089</MetadataToken>
              <Name>WeaponData ShipShooting::get_CurrentWeaponData()</Name>
              <FileRef uid="53" />
              <SequencePoints>
                <SequencePoint vc="784" uspid="8102" ordinal="0" offset="0" sl="24" sc="44" el="24" ec="44" bec="0" bev="0" fileid="53" />
              </SequencePoints>
              <BranchPoints />
            </Method>
            <Method visited="true" cyclomaticComplexity="0" nPathComplexity="0" sequenceCoverage="90.91" branchCoverage="0" crapScore="0" isConstructor="false" isStatic="false" isGetter="false" isSetter="false">
              <Summary numSequencePoints="11" visitedSequencePoints="10" numBranchPoints="0" visitedBranchPoints="0" sequenceCoverage="90.91" branchCoverage="0" maxCyclomaticComplexity="0" minCyclomaticComplexity="0" maxCrapScore="0" minCrapScore="0" visitedClasses="0" numClasses="0" visitedMethods="1" numMethods="1" />
              <MetadataToken>100664091</MetadataToken>
              <Name>System.Void ShipShooting::Awake()</Name>
              <FileRef uid="53" />
              <SequencePoints>
                <SequencePoint vc="1" uspid="8104" ordinal="0" offset="0" sl="28" sc="5" el="28" ec="5" bec="0" bev="0" fileid="53" />
                <SequencePoint vc="1" uspid="8105" ordinal="0" offset="1" sl="29" sc="9" el="29" ec="9" bec="0" bev="0" fileid="53" />
                <SequencePoint vc="1" uspid="8106" ordinal="0" offset="13" sl="30" sc="9" el="30" ec="9" bec="0" bev="0" fileid="53" />
                <SequencePoint vc="1" uspid="8107" ordinal="0" offset="25" sl="31" sc="9" el="31" ec="9" bec="0" bev="0" fileid="53" />
                <SequencePoint vc="0" uspid="8108" ordinal="0" offset="41" sl="32" sc="13" el="32" ec="13" bec="0" bev="0" fileid="53" />
                <SequencePoint vc="1" uspid="8109" ordinal="0" offset="53" sl="34" sc="9" el="34" ec="9" bec="0" bev="0" fileid="53" />
                <SequencePoint vc="1" uspid="8110" ordinal="0" offset="69" sl="35" sc="9" el="35" ec="9" bec="0" bev="0" fileid="53" />
                <SequencePoint vc="1" uspid="8111" ordinal="0" offset="70" sl="36" sc="13" el="36" ec="13" bec="0" bev="0" fileid="53" />
                <SequencePoint vc="1" uspid="8112" ordinal="0" offset="83" sl="37" sc="13" el="37" ec="13" bec="0" bev="0" fileid="53" />
                <SequencePoint vc="1" uspid="8113" ordinal="0" offset="96" sl="38" sc="9" el="38" ec="9" bec="0" bev="0" fileid="53" />
                <SequencePoint vc="1" uspid="8114" ordinal="0" offset="97" sl="39" sc="5" el="39" ec="5" bec="0" bev="0" fileid="53" />
              </SequencePoints>
              <BranchPoints />
            </Method>
            <Method visited="true" cyclomaticComplexity="0" nPathComplexity="0" sequenceCoverage="35.29" branchCoverage="0" crapScore="0" isConstructor="false" isStatic="false" isGetter="false" isSetter="false">
              <Summary numSequencePoints="34" visitedSequencePoints="12" numBranchPoints="0" visitedBranchPoints="0" sequenceCoverage="35.29" branchCoverage="0" maxCyclomaticComplexity="0" minCyclomaticComplexity="0" maxCrapScore="0" minCrapScore="0" visitedClasses="0" numClasses="0" visitedMethods="1" numMethods="1" />
              <MetadataToken>100664092</MetadataToken>
              <Name>System.Void ShipShooting::Update()</Name>
              <FileRef uid="53" />
              <SequencePoints>
                <SequencePoint vc="391" uspid="8115" ordinal="0" offset="0" sl="42" sc="5" el="42" ec="5" bec="0" bev="0" fileid="53" />
                <SequencePoint vc="391" uspid="8116" ordinal="0" offset="1" sl="43" sc="9" el="43" ec="9" bec="0" bev="0" fileid="53" />
                <SequencePoint vc="0" uspid="8117" ordinal="0" offset="14" sl="43" sc="29" el="43" ec="29" bec="0" bev="0" fileid="53" />
                <SequencePoint vc="391" uspid="8118" ordinal="0" offset="19" sl="45" sc="9" el="45" ec="9" bec="0" bev="0" fileid="53" />
                <SequencePoint vc="0" uspid="8119" ordinal="0" offset="28" sl="45" sc="43" el="45" ec="43" bec="0" bev="0" fileid="53" />
                <SequencePoint vc="391" uspid="8120" ordinal="0" offset="33" sl="47" sc="9" el="47" ec="9" bec="0" bev="0" fileid="53" />
                <SequencePoint vc="1" uspid="8121" ordinal="0" offset="54" sl="47" sc="47" el="47" ec="47" bec="0" bev="0" fileid="53" />
                <SequencePoint vc="390" uspid="8122" ordinal="0" offset="59" sl="49" sc="9" el="49" ec="9" bec="0" bev="0" fileid="53" />
                <SequencePoint vc="1" uspid="8123" ordinal="0" offset="80" sl="49" sc="49" el="49" ec="49" bec="0" bev="0" fileid="53" />
                <SequencePoint vc="390" uspid="8124" ordinal="0" offset="87" sl="50" sc="9" el="50" ec="9" bec="0" bev="0" fileid="53" />
                <SequencePoint vc="0" uspid="8125" ordinal="0" offset="99" sl="50" sc="27" el="50" ec="27" bec="0" bev="0" fileid="53" />
                <SequencePoint vc="390" uspid="8126" ordinal="0" offset="104" sl="52" sc="9" el="52" ec="9" bec="0" bev="0" fileid="53" />
                <SequencePoint vc="0" uspid="8127" ordinal="0" offset="122" sl="53" sc="9" el="53" ec="9" bec="0" bev="0" fileid="53" />
                <SequencePoint vc="0" uspid="8128" ordinal="0" offset="123" sl="54" sc="13" el="54" ec="13" bec="0" bev="0" fileid="53" />
                <SequencePoint vc="0" uspid="8129" ordinal="0" offset="136" sl="55" sc="13" el="55" ec="13" bec="0" bev="0" fileid="53" />
                <SequencePoint vc="390" uspid="8130" ordinal="0" offset="141" sl="58" sc="9" el="58" ec="9" bec="0" bev="0" fileid="53" />
                <SequencePoint vc="0" uspid="8131" ordinal="0" offset="178" sl="59" sc="9" el="59" ec="9" bec="0" bev="0" fileid="53" />
                <SequencePoint vc="0" uspid="8132" ordinal="0" offset="179" sl="60" sc="13" el="60" ec="13" bec="0" bev="0" fileid="53" />
                <SequencePoint vc="0" uspid="8133" ordinal="0" offset="192" sl="61" sc="13" el="61" ec="13" bec="0" bev="0" fileid="53" />
                <SequencePoint vc="390" uspid="8134" ordinal="0" offset="197" sl="64" sc="9" el="64" ec="9" bec="0" bev="0" fileid="53" />
                <SequencePoint vc="0" uspid="8135" ordinal="0" offset="216" sl="65" sc="9" el="65" ec="9" bec="0" bev="0" fileid="53" />
                <SequencePoint vc="0" uspid="8136" ordinal="0" offset="217" sl="66" sc="13" el="66" ec="13" bec="0" bev="0" fileid="53" />
                <SequencePoint vc="0" uspid="8137" ordinal="0" offset="255" sl="68" sc="13" el="68" ec="13" bec="0" bev="0" fileid="53" />
                <SequencePoint vc="0" uspid="8138" ordinal="0" offset="286" sl="69" sc="13" el="69" ec="13" bec="0" bev="0" fileid="53" />
                <SequencePoint vc="0" uspid="8139" ordinal="0" offset="287" sl="70" sc="17" el="70" ec="17" bec="0" bev="0" fileid="53" />
                <SequencePoint vc="0" uspid="8140" ordinal="0" offset="305" sl="70" sc="43" el="70" ec="43" bec="0" bev="0" fileid="53" />
                <SequencePoint vc="0" uspid="8141" ordinal="0" offset="312" sl="72" sc="17" el="72" ec="17" bec="0" bev="0" fileid="53" />
                <SequencePoint vc="0" uspid="8142" ordinal="0" offset="323" sl="73" sc="17" el="73" ec="17" bec="0" bev="0" fileid="53" />
                <SequencePoint vc="0" uspid="8143" ordinal="0" offset="337" sl="75" sc="17" el="75" ec="17" bec="0" bev="0" fileid="53" />
                <SequencePoint vc="0" uspid="8144" ordinal="0" offset="345" sl="76" sc="17" el="76" ec="17" bec="0" bev="0" fileid="53" />
                <SequencePoint vc="0" uspid="8145" ordinal="0" offset="384" sl="77" sc="17" el="77" ec="17" bec="0" bev="0" fileid="53" />
                <SequencePoint vc="0" uspid="8146" ordinal="0" offset="404" sl="78" sc="13" el="78" ec="13" bec="0" bev="0" fileid="53" />
                <SequencePoint vc="0" uspid="8147" ordinal="0" offset="405" sl="79" sc="9" el="79" ec="9" bec="0" bev="0" fileid="53" />
                <SequencePoint vc="391" uspid="8148" ordinal="0" offset="406" sl="80" sc="5" el="80" ec="5" bec="0" bev="0" fileid="53" />
              </SequencePoints>
              <BranchPoints />
            </Method>
            <Method visited="true" cyclomaticComplexity="0" nPathComplexity="0" sequenceCoverage="100.0" branchCoverage="0" crapScore="0" isConstructor="false" isStatic="false" isGetter="false" isSetter="false">
              <Summary numSequencePoints="10" visitedSequencePoints="10" numBranchPoints="0" visitedBranchPoints="0" sequenceCoverage="100.0" branchCoverage="0" maxCyclomaticComplexity="0" minCyclomaticComplexity="0" maxCrapScore="0" minCrapScore="0" visitedClasses="0" numClasses="0" visitedMethods="1" numMethods="1" />
              <MetadataToken>100664095</MetadataToken>
              <Name>System.Void ShipShooting::ResetWeaponState()</Name>
              <FileRef uid="53" />
              <SequencePoints>
                <SequencePoint vc="1" uspid="8174" ordinal="0" offset="0" sl="112" sc="5" el="112" ec="5" bec="0" bev="0" fileid="53" />
                <SequencePoint vc="1" uspid="8175" ordinal="0" offset="1" sl="113" sc="9" el="113" ec="9" bec="0" bev="0" fileid="53" />
                <SequencePoint vc="1" uspid="8176" ordinal="0" offset="13" sl="114" sc="9" el="114" ec="9" bec="0" bev="0" fileid="53" />
                <SequencePoint vc="1" uspid="8177" ordinal="0" offset="20" sl="115" sc="9" el="115" ec="9" bec="0" bev="0" fileid="53" />
                <SequencePoint vc="1" uspid="8178" ordinal="0" offset="27" sl="116" sc="9" el="116" ec="9" bec="0" bev="0" fileid="53" />
                <SequencePoint vc="1" uspid="8179" ordinal="0" offset="43" sl="117" sc="9" el="117" ec="9" bec="0" bev="0" fileid="53" />
                <SequencePoint vc="1" uspid="8180" ordinal="0" offset="44" sl="118" sc="13" el="118" ec="13" bec="0" bev="0" fileid="53" />
                <SequencePoint vc="1" uspid="8181" ordinal="0" offset="61" sl="119" sc="13" el="119" ec="13" bec="0" bev="0" fileid="53" />
                <SequencePoint vc="1" uspid="8182" ordinal="0" offset="68" sl="120" sc="9" el="120" ec="9" bec="0" bev="0" fileid="53" />
                <SequencePoint vc="1" uspid="8183" ordinal="0" offset="69" sl="121" sc="5" el="121" ec="5" bec="0" bev="0" fileid="53" />
              </SequencePoints>
              <BranchPoints />
            </Method>
            <Method visited="true" cyclomaticComplexity="0" nPathComplexity="0" sequenceCoverage="88.89" branchCoverage="0" crapScore="0" isConstructor="false" isStatic="false" isGetter="false" isSetter="false">
              <Summary numSequencePoints="27" visitedSequencePoints="24" numBranchPoints="0" visitedBranchPoints="0" sequenceCoverage="88.89" branchCoverage="0" maxCyclomaticComplexity="0" minCyclomaticComplexity="0" maxCrapScore="0" minCrapScore="0" visitedClasses="0" numClasses="0" visitedMethods="1" numMethods="1" />
              <MetadataToken>100664097</MetadataToken>
              <Name>System.Void ShipShooting::RefreshMuzzlePoint()</Name>
              <FileRef uid="53" />
              <SequencePoints>
                <SequencePoint vc="1" uspid="8184" ordinal="0" offset="0" sl="132" sc="5" el="132" ec="5" bec="0" bev="0" fileid="53" />
                <SequencePoint vc="1" uspid="8185" ordinal="0" offset="1" sl="133" sc="9" el="133" ec="9" bec="0" bev="0" fileid="53" />
                <SequencePoint vc="1" uspid="8186" ordinal="0" offset="25" sl="134" sc="9" el="134" ec="9" bec="0" bev="0" fileid="53" />
                <SequencePoint vc="1" uspid="8187" ordinal="0" offset="26" sl="135" sc="13" el="135" ec="13" bec="0" bev="0" fileid="53" />
                <SequencePoint vc="1" uspid="8188" ordinal="0" offset="58" sl="137" sc="13" el="137" ec="13" bec="0" bev="0" fileid="53" />
                <SequencePoint vc="1" uspid="8189" ordinal="0" offset="74" sl="138" sc="13" el="138" ec="13" bec="0" bev="0" fileid="53" />
                <SequencePoint vc="1" uspid="8190" ordinal="0" offset="75" sl="139" sc="17" el="139" ec="17" bec="0" bev="0" fileid="53" />
                <SequencePoint vc="1" uspid="8191" ordinal="0" offset="92" sl="140" sc="17" el="140" ec="17" bec="0" bev="0" fileid="53" />
                <SequencePoint vc="1" uspid="8192" ordinal="0" offset="93" sl="140" sc="35" el="140" ec="35" bec="0" bev="0" fileid="53" />
                <SequencePoint vc="5" uspid="8193" ordinal="0" offset="100" sl="140" sc="26" el="140" ec="26" bec="0" bev="0" fileid="53" />
                <SequencePoint vc="5" uspid="8194" ordinal="0" offset="106" sl="141" sc="17" el="141" ec="17" bec="0" bev="0" fileid="53" />
                <SequencePoint vc="5" uspid="8195" ordinal="0" offset="107" sl="142" sc="21" el="142" ec="21" bec="0" bev="0" fileid="53" />
                <SequencePoint vc="1" uspid="8196" ordinal="0" offset="130" sl="143" sc="21" el="143" ec="21" bec="0" bev="0" fileid="53" />
                <SequencePoint vc="1" uspid="8197" ordinal="0" offset="131" sl="144" sc="25" el="144" ec="25" bec="0" bev="0" fileid="53" />
                <SequencePoint vc="1" uspid="8198" ordinal="0" offset="139" sl="145" sc="25" el="145" ec="25" bec="0" bev="0" fileid="53" />
                <SequencePoint vc="4" uspid="8199" ordinal="0" offset="141" sl="147" sc="17" el="147" ec="17" bec="0" bev="0" fileid="53" />
                <SequencePoint vc="5" uspid="8200" ordinal="0" offset="148" sl="140" sc="32" el="140" ec="32" bec="0" bev="0" fileid="53" />
                <SequencePoint vc="1" uspid="8201" ordinal="0" offset="155" sl="148" sc="13" el="148" ec="13" bec="0" bev="0" fileid="53" />
                <SequencePoint vc="1" uspid="8202" ordinal="0" offset="156" sl="149" sc="9" el="149" ec="9" bec="0" bev="0" fileid="53" />
                <SequencePoint vc="1" uspid="8203" ordinal="0" offset="157" sl="151" sc="9" el="151" ec="9" bec="0" bev="0" fileid="53" />
                <SequencePoint vc="1" uspid="8204" ordinal="0" offset="175" sl="152" sc="9" el="152" ec="9" bec="0" bev="0" fileid="53" />
                <SequencePoint vc="1" uspid="8205" ordinal="0" offset="176" sl="153" sc="13" el="153" ec="13" bec="0" bev="0" fileid="53" />
                <SequencePoint vc="1" uspid="8206" ordinal="0" offset="208" sl="154" sc="9" el="154" ec="9" bec="0" bev="0" fileid="53" />
                <SequencePoint vc="0" uspid="8207" ordinal="0" offset="211" sl="156" sc="9" el="156" ec="9" bec="0" bev="0" fileid="53" />
                <SequencePoint vc="0" uspid="8208" ordinal="0" offset="212" sl="157" sc="13" el="157" ec="13" bec="0" bev="0" fileid="53" />
                <SequencePoint vc="0" uspid="8209" ordinal="0" offset="224" sl="158" sc="9" el="158" ec="9" bec="0" bev="0" fileid="53" />
                <SequencePoint vc="1" uspid="8210" ordinal="0" offset="225" sl="159" sc="5" el="159" ec="5" bec="0" bev="0" fileid="53" />
              </SequencePoints>
              <BranchPoints />
            </Method>
            <Method visited="true" cyclomaticComplexity="0" nPathComplexity="0" sequenceCoverage="100.0" branchCoverage="0" crapScore="0" isConstructor="true" isStatic="false" isGetter="false" isSetter="false">
              <Summary numSequencePoints="2" visitedSequencePoints="2" numBranchPoints="0" visitedBranchPoints="0" sequenceCoverage="100.0" branchCoverage="0" maxCyclomaticComplexity="0" minCyclomaticComplexity="0" maxCrapScore="0" minCrapScore="0" visitedClasses="0" numClasses="0" visitedMethods="1" numMethods="1" />
              <MetadataToken>100664103</MetadataToken>
              <Name>ShipShooting::ShipShooting()</Name>
              <FileRef uid="53" />
              <SequencePoints>
                <SequencePoint vc="2" uspid="8233" ordinal="0" offset="0" sl="10" sc="5" el="10" ec="5" bec="0" bev="0" fileid="53" />
                <SequencePoint vc="2" uspid="8234" ordinal="0" offset="11" sl="14" sc="5" el="14" ec="5" bec="0" bev="0" fileid="53" />
              </SequencePoints>
              <BranchPoints />
            </Method>
          </Methods>
        </Class>
        <Class>
          <Summary numSequencePoints="5" visitedSequencePoints="4" numBranchPoints="0" visitedBranchPoints="0" sequenceCoverage="80.00" branchCoverage="0.0" maxCyclomaticComplexity="0" minCyclomaticComplexity="0" maxCrapScore="0" minCrapScore="0" visitedClasses="1" numClasses="1" visitedMethods="1" numMethods="1" />
          <FullName>GameResources</FullName>
          <Methods>
            <Method visited="true" cyclomaticComplexity="0" nPathComplexity="0" sequenceCoverage="80.00" branchCoverage="0" crapScore="0" isConstructor="false" isStatic="false" isGetter="false" isSetter="false">
              <Summary numSequencePoints="5" visitedSequencePoints="4" numBranchPoints="0" visitedBranchPoints="0" sequenceCoverage="80.00" branchCoverage="0" maxCyclomaticComplexity="0" minCyclomaticComplexity="0" maxCrapScore="0" minCrapScore="0" visitedClasses="0" numClasses="0" visitedMethods="1" numMethods="1" />
              <MetadataToken>100664178</MetadataToken>
              <Name>System.Void GameResources::Awake()</Name>
              <FileRef uid="56" />
              <SequencePoints>
                <SequencePoint vc="1" uspid="8732" ordinal="0" offset="0" sl="9" sc="5" el="9" ec="5" bec="0" bev="0" fileid="56" />
                <SequencePoint vc="1" uspid="8733" ordinal="0" offset="1" sl="10" sc="9" el="10" ec="9" bec="0" bev="0" fileid="56" />
                <SequencePoint vc="1" uspid="8734" ordinal="0" offset="16" sl="10" sc="31" el="10" ec="31" bec="0" bev="0" fileid="56" />
                <SequencePoint vc="0" uspid="8735" ordinal="0" offset="24" sl="11" sc="14" el="11" ec="14" bec="0" bev="0" fileid="56" />
                <SequencePoint vc="1" uspid="8736" ordinal="0" offset="36" sl="12" sc="5" el="12" ec="5" bec="0" bev="0" fileid="56" />
              </SequencePoints>
              <BranchPoints />
            </Method>
          </Methods>
        </Class>
      </Classes>
    </Module>
  </Modules>
</CoverageSession>