TN:
SF:/Users/olesya/Documents/SpaceCarnage/SpaceCarnage/Assets/Scripts/Parts/Abilities/AbilityRuntime.cs
FN:9,Bind(UnityEngine.Rigidbody, Player)
FN:15,ServerUpdate()
FN:16,AbsorbDamage(System.Single)
FN:17,GetSpeedMultiplier()
FN:18,GetVisualStatus()
FN:20,OnEquipped()
FN:21,OnUnequipped()
FN:23,OnOwnerDamaged()
FN:24,OnOwnerAttacked()
FNDA:0,Bind(UnityEngine.Rigidbody, Player)
FNDA:0,ServerUpdate()
FNDA:0,AbsorbDamage(System.Single)
FNDA:0,GetSpeedMultiplier()
FNDA:0,GetVisualStatus()
FNDA:0,OnEquipped()
FNDA:0,OnUnequipped()
FNDA:0,OnOwnerDamaged()
FNDA:0,OnOwnerAttacked()
FNF:9
FNH:0
BRF:0
BRH:0
DA:9,0
DA:10,0
DA:11,0
DA:12,0
DA:15,0
DA:16,0
DA:17,0
DA:18,0
DA:20,0
DA:21,0
DA:23,0
DA:24,0
LH:0
LF:12
end_of_record
SF:/Users/olesya/Documents/SpaceCarnage/SpaceCarnage/Assets/Scripts/Network/APINetworkManager.cs
FN:16,Instance()
FN:16,Instance(APINetworkManager)
FN:21,BaseUrl()
FN:29,AuthToken()
FN:29,AuthToken(System.String)
FN:30,SetToken(System.String)
FN:33,Awake()
FN:134,HandleError(UnityEngine.Networking.UnityWebRequest)
FNDA:2,Instance()
FNDA:2,Instance(APINetworkManager)
FNDA:0,BaseUrl()
FNDA:1,AuthToken()
FNDA:1,AuthToken(System.String)
FNDA:1,SetToken(System.String)
FNDA:1,Awake()
FNDA:0,HandleError(UnityEngine.Networking.UnityWebRequest)
FNF:8
FNH:6
BRF:0
BRH:0
DA:16,2
DA:21,0
DA:22,0
DA:23,0
DA:24,0
DA:26,0
DA:27,0
DA:29,1
DA:30,1
DA:33,1
DA:34,5
DA:35,0
DA:36,1
DA:134,0
DA:135,0
DA:137,0
DA:138,0
DA:139,0
DA:140,0
DA:141,0
DA:142,0
DA:144,0
DA:145,0
LH:6
LF:23
end_of_record
SF:/Users/olesya/Documents/SpaceCarnage/SpaceCarnage/Assets/Scripts/Asteroid/Asteroid.cs
FN:20,Size()
FN:23,Awake()
FN:29,OnStartServer()
FN:37,SetSize(System.Single)
FN:44,ApplySizeServer(System.Single)
FN:55,OnSizeChanged(System.Single, System.Single)
FN:60,OnDie(DamageContext)
FN:70,TestOnSizeChanged(System.Single, System.Single)
FN:76,TestHitVFX()
FN:76,TestHitVFX(UnityEngine.GameObject)
FN:80,TestOnDie(DamageContext)
FN:84,TestBaseHP()
FN:85,TestBaseMass()
FN:86,TestBaseScale()
FN:87,TestHpPower()
FN:88,TestMassPower()
FN:10,Asteroid()
FNDA:0,Size()
FNDA:0,Awake()
FNDA:0,OnStartServer()
FNDA:0,SetSize(System.Single)
FNDA:0,ApplySizeServer(System.Single)
FNDA:0,OnSizeChanged(System.Single, System.Single)
FNDA:0,OnDie(DamageContext)
FNDA:0,TestOnSizeChanged(System.Single, System.Single)
FNDA:0,TestHitVFX()
FNDA:0,TestHitVFX(UnityEngine.GameObject)
FNDA:0,TestOnDie(DamageContext)
FNDA:0,TestBaseHP()
FNDA:0,TestBaseMass()
FNDA:0,TestBaseScale()
FNDA:0,TestHpPower()
FNDA:0,TestMassPower()
FNDA:0,Asteroid()
FNF:17
FNH:0
BRF:0
BRH:0
DA:10,0
DA:11,0
DA:12,0
DA:13,0
DA:14,0
DA:18,0
DA:20,0
DA:23,0
DA:24,0
DA:25,0
DA:26,0
DA:29,0
DA:30,0
DA:31,0
DA:32,0
DA:33,0
DA:37,0
DA:38,0
DA:39,0
DA:40,0
DA:44,0
DA:45,0
DA:47,0
DA:48,0
DA:50,0
DA:51,0
DA:52,0
DA:55,0
DA:56,0
DA:57,0
DA:60,0
DA:61,0
DA:62,0
DA:63,0
DA:64,0
DA:65,0
DA:66,0
DA:70,0
DA:71,0
DA:72,0
DA:76,0
DA:80,0
DA:84,0
DA:85,0
DA:86,0
DA:87,0
DA:88,0
LH:0
LF:47
end_of_record
SF:/Users/olesya/Documents/SpaceCarnage/SpaceCarnage/Assets/Scripts/Asteroid/AsteroidCollisionDamage.cs
FN:16,OnCollisionEnter(UnityEngine.Collision)
FN:32,CalculateSpeedFactor(System.Single)
FN:38,CalculateFinalDamage(System.Single)
FN:44,TestCalculateSpeedFactor(System.Single)
FN:45,TestCalculateFinalDamage(System.Single)
FN:7,AsteroidCollisionDamage()
FNDA:0,OnCollisionEnter(UnityEngine.Collision)
FNDA:0,CalculateSpeedFactor(System.Single)
FNDA:0,CalculateFinalDamage(System.Single)
FNDA:0,TestCalculateSpeedFactor(System.Single)
FNDA:0,TestCalculateFinalDamage(System.Single)
FNDA:0,AsteroidCollisionDamage()
FNF:6
FNH:0
BRF:0
BRH:0
DA:7,0
DA:8,0
DA:9,0
DA:10,0
DA:11,0
DA:16,0
DA:17,0
DA:18,0
DA:19,0
DA:20,0
DA:21,0
DA:22,0
DA:23,0
DA:25,0
DA:26,0
DA:27,0
DA:28,0
DA:29,0
DA:32,0
DA:33,0
DA:35,0
DA:38,0
DA:39,0
DA:40,0
DA:41,0
DA:44,0
DA:45,0
LH:0
LF:27
end_of_record
SF:/Users/olesya/Documents/SpaceCarnage/SpaceCarnage/Assets/Scripts/Asteroid/AsteroidMovement.cs
FN:14,OnStartServer()
FN:25,SetMovementParameters(System.Single, UnityEngine.Vector3, UnityEngine.Vector3)
FNDA:0,OnStartServer()
FNDA:0,SetMovementParameters(System.Single, UnityEngine.Vector3, UnityEngine.Vector3)
FNF:2
FNH:0
BRF:0
BRH:0
DA:14,0
DA:15,0
DA:16,0
DA:18,0
DA:19,0
DA:20,0
DA:25,0
DA:26,0
DA:27,0
DA:28,0
DA:29,0
LH:0
LF:11
end_of_record
SF:/Users/olesya/Documents/SpaceCarnage/SpaceCarnage/Assets/Scripts/Asteroid/AsteroidsSpawnManager.cs
FN:41,OnStartServer()
FN:50,Update()
FN:56,FixedUpdate()
FN:73,SpawnAsteroid()
FN:96,SetupAsteroidMovement(UnityEngine.GameObject, System.Single)
FN:130,ClearAllAsteroids()
FN:163,OnDrawGizmosSelected()
FN:9,AsteroidSpawnManager()
FN:141,WarmupFillCoroutine()
FNDA:0,OnStartServer()
FNDA:0,Update()
FNDA:0,FixedUpdate()
FNDA:0,SpawnAsteroid()
FNDA:0,SetupAsteroidMovement(UnityEngine.GameObject, System.Single)
FNDA:0,ClearAllAsteroids()
FNDA:0,OnDrawGizmosSelected()
FNDA:0,AsteroidSpawnManager()
FNDA:0,WarmupFillCoroutine()
FNF:9
FNH:0
BRF:0
BRH:0
DA:9,0
DA:10,0
DA:11,0
DA:15,0
DA:16,0
DA:20,0
DA:22,0
DA:24,0
DA:26,0
DA:29,0
DA:30,0
DA:33,0
DA:34,0
DA:35,0
DA:37,0
DA:41,0
DA:42,0
DA:43,0
DA:44,0
DA:45,0
DA:46,0
DA:50,0
DA:52,0
DA:56,0
DA:57,0
DA:59,0
DA:61,0
DA:62,0
DA:63,0
DA:64,0
DA:65,0
DA:68,0
DA:69,0
DA:73,0
DA:75,0
DA:77,0
DA:79,0
DA:80,0
DA:81,0
DA:82,0
DA:83,0
DA:84,0
DA:88,0
DA:90,0
DA:91,0
DA:92,0
DA:96,0
DA:97,0
DA:98,0
DA:101,0
DA:102,0
DA:104,0
DA:105,0
DA:106,0
DA:107,0
DA:110,0
DA:111,0
DA:112,0
DA:113,0
DA:114,0
DA:116,0
DA:119,0
DA:125,0
DA:126,0
DA:130,0
DA:131,0
DA:132,0
DA:133,0
DA:134,0
DA:135,0
DA:136,0
DA:137,0
DA:141,0
DA:142,0
DA:144,0
DA:145,0
DA:146,0
DA:147,0
DA:149,0
DA:150,0
DA:152,0
DA:153,0
DA:155,0
DA:156,0
DA:158,0
DA:159,0
DA:163,0
DA:164,0
DA:165,0
DA:166,0
LH:0
LF:90
end_of_record
SF:/Users/olesya/Documents/SpaceCarnage/SpaceCarnage/Assets/Scripts/Asteroid/AsteroidsPlacer.cs
FN:16,OnStartServer()
FN:7,AsteroidsPlacer()
FNDA:0,OnStartServer()
FNDA:0,AsteroidsPlacer()
FNF:2
FNH:0
BRF:0
BRH:0
DA:7,0
DA:13,0
DA:16,0
DA:17,0
DA:18,0
DA:20,0
DA:21,0
DA:22,0
DA:23,0
DA:29,0
DA:30,0
DA:31,0
LH:0
LF:12
end_of_record
SF:/Users/olesya/Documents/SpaceCarnage/SpaceCarnage/Assets/Scripts/SFX/AudioManager.cs
FN:21,Awake()
FN:29,Initialize()
FN:53,PlayOneShot(SoundType, UnityEngine.Vector3)
FN:79,GetFreeSource()
FN:12,AudioManager()
FN:86,DisableSourceDelayed()
FNDA:1,Awake()
FNDA:1,Initialize()
FNDA:0,PlayOneShot(SoundType, UnityEngine.Vector3)
FNDA:0,GetFreeSource()
FNDA:2,AudioManager()
FNDA:0,DisableSourceDelayed()
FNF:6
FNH:3
BRF:0
BRH:0
DA:12,2
DA:21,1
DA:22,5
DA:23,0
DA:25,1
DA:26,1
DA:29,1
DA:30,1
DA:31,17
DA:32,7
DA:33,14
DA:34,7
DA:36,1
DA:37,1
DA:38,1
DA:40,82
DA:41,40
DA:42,40
DA:43,40
DA:44,40
DA:45,40
DA:46,40
DA:47,40
DA:48,40
DA:49,40
DA:50,1
DA:53,0
DA:54,0
DA:55,0
DA:56,0
DA:57,0
DA:61,0
DA:62,0
DA:64,0
DA:65,0
DA:66,0
DA:67,0
DA:68,0
DA:69,0
DA:70,0
DA:72,0
DA:73,0
DA:75,0
DA:76,0
DA:79,0
DA:80,0
DA:81,0
DA:82,0
DA:83,0
DA:86,0
DA:87,0
DA:88,0
DA:89,0
DA:90,0
LH:25
LF:54
end_of_record
SF:/Users/olesya/Documents/SpaceCarnage/SpaceCarnage/Assets/Scripts/Border/BorderConfiguration.cs
FN:5,BorderConfiguration()
FNDA:0,BorderConfiguration()
FNF:1
FNH:0
BRF:0
BRH:0
DA:5,0
LH:0
LF:1
end_of_record
SF:/Users/olesya/Documents/SpaceCarnage/SpaceCarnage/Assets/Scripts/Border/BorderDamage.cs
FN:20,Awake()
FN:27,FixedUpdate()
FN:46,IsOutsideBorder()
FN:75,OnExitBorderZone()
FN:87,OnEnterBorderZone()
FN:97,OnOutsideStateChanged(System.Boolean, System.Boolean)
FN:52,UserCode_CmdDealDamage()
FN:8,BorderDamage()
FN:59,DamageOverTimeRoutine()
FNDA:0,Awake()
FNDA:0,FixedUpdate()
FNDA:0,IsOutsideBorder()
FNDA:0,OnExitBorderZone()
FNDA:0,OnEnterBorderZone()
FNDA:0,OnOutsideStateChanged(System.Boolean, System.Boolean)
FNDA:0,UserCode_CmdDealDamage()
FNDA:0,BorderDamage()
FNDA:0,DamageOverTimeRoutine()
FNF:9
FNH:0
BRF:0
BRH:0
DA:8,0
DA:9,0
DA:13,0
DA:16,0
DA:17,0
DA:20,0
DA:21,0
DA:22,0
DA:23,0
DA:27,0
DA:29,0
DA:31,0
DA:32,0
DA:33,0
DA:35,0
DA:36,0
DA:37,0
DA:38,0
DA:40,0
DA:41,0
DA:42,0
DA:43,0
DA:44,0
DA:46,0
DA:47,0
DA:48,0
DA:49,0
DA:52,0
DA:53,0
DA:54,0
DA:59,0
DA:60,0
DA:62,0
DA:63,0
DA:64,0
DA:65,0
DA:67,0
DA:69,0
DA:70,0
DA:75,0
DA:76,0
DA:77,0
DA:78,0
DA:79,0
DA:80,0
DA:82,0
DA:83,0
DA:87,0
DA:88,0
DA:89,0
DA:90,0
DA:91,0
DA:93,0
DA:94,0
DA:97,0
DA:98,0
DA:99,0
DA:100,0
DA:101,0
DA:102,0
DA:103,0
DA:104,0
DA:106,0
DA:107,0
DA:108,0
DA:109,0
DA:110,0
DA:111,0
LH:0
LF:68
end_of_record
SF:/Users/olesya/Documents/SpaceCarnage/SpaceCarnage/Assets/Scripts/GameUI/BorderWarningController.cs
FN:15,Show()
FN:24,Hide()
FNDA:0,Show()
FNDA:0,Hide()
FNF:2
FNH:0
BRF:0
BRH:0
DA:15,0
DA:16,0
DA:17,0
DA:18,0
DA:20,0
DA:21,0
DA:24,0
DA:25,0
DA:26,0
LH:0
LF:9
end_of_record
SF:/Users/olesya/Documents/SpaceCarnage/SpaceCarnage/Assets/Scripts/Editor/BuildScript.cs
FN:21,BuildAll()
FN:32,BuildWindowsServer()
FN:35,BuildLinuxServer()
FN:38,BuildMacServer()
FN:42,BuildAndRunWindowsServer()
FN:45,BuildAndRunLinuxServer()
FN:48,BuildAndRunMacServer()
FN:52,BuildWindowsClient()
FN:55,BuildAndRunWindowsClient()
FN:58,BuildLinuxClient()
FN:61,BuildMacClient()
FN:65,BuildServer(UnityEditor.BuildTarget, System.String, System.Boolean)
FN:93,BuildClient(UnityEditor.BuildTarget, System.String, System.Boolean)
FN:120,RunBuiltPlayer(System.String, System.String)
FN:8,BuildScript()
FNDA:0,BuildAll()
FNDA:0,BuildWindowsServer()
FNDA:0,BuildLinuxServer()
FNDA:0,BuildMacServer()
FNDA:0,BuildAndRunWindowsServer()
FNDA:0,BuildAndRunLinuxServer()
FNDA:0,BuildAndRunMacServer()
FNDA:0,BuildWindowsClient()
FNDA:0,BuildAndRunWindowsClient()
FNDA:0,BuildLinuxClient()
FNDA:0,BuildMacClient()
FNDA:0,BuildServer(UnityEditor.BuildTarget, System.String, System.Boolean)
FNDA:0,BuildClient(UnityEditor.BuildTarget, System.String, System.Boolean)
FNDA:0,RunBuiltPlayer(System.String, System.String)
FNDA:0,BuildScript()
FNF:15
FNH:0
BRF:0
BRH:0
DA:8,0
DA:14,0
DA:21,0
DA:22,0
DA:23,0
DA:24,0
DA:25,0
DA:26,0
DA:27,0
DA:28,0
DA:32,0
DA:35,0
DA:38,0
DA:42,0
DA:45,0
DA:48,0
DA:52,0
DA:55,0
DA:58,0
DA:61,0
DA:65,0
DA:66,0
DA:68,0
DA:69,0
DA:71,0
DA:79,0
DA:81,0
DA:83,0
DA:85,0
DA:86,0
DA:87,0
DA:88,0
DA:89,0
DA:90,0
DA:93,0
DA:94,0
DA:96,0
DA:97,0
DA:99,0
DA:107,0
DA:109,0
DA:111,0
DA:113,0
DA:114,0
DA:115,0
DA:116,0
DA:117,0
DA:120,0
DA:122,0
DA:123,0
DA:125,0
DA:126,0
DA:127,0
DA:128,0
DA:129,0
DA:131,0
DA:132,0
DA:133,0
DA:134,0
DA:137,0
DA:156,0
DA:158,0
DA:159,0
DA:160,0
DA:161,0
DA:162,0
DA:163,0
LH:0
LF:67
end_of_record
SF:/Users/olesya/Documents/SpaceCarnage/SpaceCarnage/Assets/Scripts/Network/APINetworkManager.cs
FN:9,ValidateCertificate(System.Byte[])
FNDA:0,ValidateCertificate(System.Byte[])
FNF:1
FNH:0
BRF:0
BRH:0
DA:9,0
DA:10,0
DA:11,0
LH:0
LF:3
end_of_record
SF:/Users/olesya/Documents/SpaceCarnage/SpaceCarnage/Assets/Scripts/Physics/CollisionDamage.cs
FN:39,Awake()
FN:45,OnCollisionEnter(UnityEngine.Collision)
FN:51,ApplyCollisionDamage(UnityEngine.Collision)
FN:113,BuildContextForVictim(UnityEngine.GameObject, UnityEngine.GameObject)
FN:129,TryGetPlayerInfo(UnityEngine.GameObject, System.UInt32&, System.String&)
FN:8,CollisionDamage()
FNDA:0,Awake()
FNDA:0,OnCollisionEnter(UnityEngine.Collision)
FNDA:0,ApplyCollisionDamage(UnityEngine.Collision)
FNDA:0,BuildContextForVictim(UnityEngine.GameObject, UnityEngine.GameObject)
FNDA:0,TryGetPlayerInfo(UnityEngine.GameObject, System.UInt32&, System.String&)
FNDA:0,CollisionDamage()
FNF:6
FNH:0
BRF:0
BRH:0
DA:8,0
DA:9,0
DA:12,0
DA:13,0
DA:14,0
DA:17,0
DA:18,0
DA:19,0
DA:21,0
DA:24,0
DA:27,0
DA:28,0
DA:31,0
DA:32,0
DA:33,0
DA:36,0
DA:39,0
DA:40,0
DA:41,0
DA:45,0
DA:46,0
DA:47,0
DA:51,0
DA:52,0
DA:53,0
DA:55,0
DA:56,0
DA:58,0
DA:59,0
DA:61,0
DA:63,0
DA:64,0
DA:65,0
DA:67,0
DA:68,0
DA:69,0
DA:70,0
DA:71,0
DA:72,0
DA:73,0
DA:75,0
DA:76,0
DA:78,0
DA:80,0
DA:81,0
DA:83,0
DA:84,0
DA:85,0
DA:87,0
DA:88,0
DA:90,0
DA:91,0
DA:93,0
DA:94,0
DA:95,0
DA:96,0
DA:97,0
DA:98,0
DA:99,0
DA:101,0
DA:102,0
DA:104,0
DA:105,0
DA:107,0
DA:108,0
DA:109,0
DA:113,0
DA:114,0
DA:115,0
DA:116,0
DA:119,0
DA:120,0
DA:121,0
DA:124,0
DA:125,0
DA:129,0
DA:130,0
DA:131,0
DA:133,0
DA:134,0
DA:136,0
DA:137,0
DA:138,0
DA:139,0
LH:0
LF:84
end_of_record
SF:/Users/olesya/Documents/SpaceCarnage/SpaceCarnage/Assets/Scripts/Config/LoginConfigData.cs
FN:18,SaveConfig(LoginConfigData)
FN:32,LoadConfig()
FN:52,ClearCredentials()
FN:15,ConfigManager()
FNDA:1,SaveConfig(LoginConfigData)
FNDA:2,LoadConfig()
FNDA:1,ClearCredentials()
FNDA:1,ConfigManager()
FNF:4
FNH:4
BRF:0
BRH:0
DA:15,1
DA:18,1
DA:20,1
DA:21,1
DA:22,1
DA:23,1
DA:24,1
DA:25,0
DA:26,0
DA:27,0
DA:28,0
DA:29,1
DA:32,2
DA:33,2
DA:34,0
DA:35,0
DA:39,2
DA:40,2
DA:41,2
DA:42,2
DA:44,0
DA:45,0
DA:46,0
DA:47,0
DA:49,2
DA:52,1
DA:53,1
DA:54,1
DA:55,1
DA:56,1
DA:57,1
DA:58,1
LH:22
LF:32
end_of_record
SF:/Users/olesya/Documents/SpaceCarnage/SpaceCarnage/Assets/Scripts/HealthSystem/DamageContext.cs
FN:26,Suicide(System.String)
FN:27,Environment(System.String)
FN:28,Weapon(System.UInt32, System.String, System.String)
FN:29,Collision(System.UInt32, System.String, System.String)
FN:30,Runaway()
FN:32,ToString()
FN:19,DamageContext(System.UInt32, System.String, System.String, DamageType)
FNDA:3,Suicide(System.String)
FNDA:0,Environment(System.String)
FNDA:4,Weapon(System.UInt32, System.String, System.String)
FNDA:1,Collision(System.UInt32, System.String, System.String)
FNDA:0,Runaway()
FNDA:3,ToString()
FNDA:8,DamageContext(System.UInt32, System.String, System.String, DamageType)
FNF:7
FNH:5
BRF:0
BRH:0
DA:19,8
DA:20,8
DA:21,8
DA:22,8
DA:23,8
DA:24,8
DA:26,3
DA:27,0
DA:28,4
DA:29,1
DA:30,0
DA:32,3
LH:10
LF:12
end_of_record
SF:/Users/olesya/Documents/SpaceCarnage/SpaceCarnage/Assets/Scripts/Parts/Abilities/DashAbility.cs
FN:8,CreateRuntime()
FN:6,DashAbility()
FN:20,Run()
FN:17,DashRuntime(DashAbility)
FNDA:0,CreateRuntime()
FNDA:0,DashAbility()
FNDA:0,Run()
FNDA:0,DashRuntime(DashAbility)
FNF:4
FNH:0
BRF:0
BRH:0
DA:6,0
DA:8,0
DA:10,0
DA:11,0
DA:12,0
DA:13,0
DA:17,0
DA:20,0
DA:21,0
DA:22,0
LH:0
LF:10
end_of_record
SF:/Users/olesya/Documents/SpaceCarnage/SpaceCarnage/Assets/Scripts/GameUI/DeathScreenController.cs
FN:15,Start()
FN:21,Show(DamageContext)
FN:35,Hide()
FN:43,OnRespawnClicked()
FN:55,OnExitClicked()
FNDA:0,Start()
FNDA:0,Show(DamageContext)
FNDA:0,Hide()
FNDA:0,OnRespawnClicked()
FNDA:0,OnExitClicked()
FNF:5
FNH:0
BRF:0
BRH:0
DA:15,0
DA:16,0
DA:17,0
DA:18,0
DA:21,0
DA:22,0
DA:23,0
DA:24,0
DA:25,0
DA:27,0
DA:28,0
DA:30,0
DA:31,0
DA:32,0
DA:35,0
DA:36,0
DA:38,0
DA:39,0
DA:40,0
DA:43,0
DA:44,0
DA:45,0
DA:46,0
DA:47,0
DA:48,0
DA:49,0
DA:50,0
DA:51,0
DA:52,0
DA:55,0
DA:56,0
DA:57,0
DA:58,0
DA:59,0
DA:61,0
DA:62,0
DA:63,0
DA:64,0
LH:0
LF:38
end_of_record
SF:/Users/olesya/Documents/SpaceCarnage/SpaceCarnage/Assets/Scripts/Border/DeathSphereSize.cs
FN:6,Awake()
FNDA:0,Awake()
FNF:1
FNH:0
BRF:0
BRH:0
DA:6,0
DA:7,0
DA:8,0
DA:9,0
LH:0
LF:4
end_of_record
SF:/Users/olesya/Documents/SpaceCarnage/SpaceCarnage/Assets/Scripts/Network/GameData.cs
FN:53,Instance()
FN:53,Instance(GameData)
FN:55,SessionId()
FN:55,SessionId(System.Int32)
FN:56,SessionKey()
FN:56,SessionKey(System.String)
FN:57,PlayerId()
FN:57,PlayerId(System.Int32)
FN:58,Token()
FN:58,Token(System.String)
FN:59,PlayerNickname()
FN:59,PlayerNickname(System.String)
FN:62,Awake()
FN:76,SetPlayerData(System.Int32, System.String, System.String)
FN:85,SetSessionData(System.Int32, System.String)
FNDA:5,Instance()
FNDA:5,Instance(GameData)
FNDA:0,SessionId()
FNDA:0,SessionId(System.Int32)
FNDA:0,SessionKey()
FNDA:0,SessionKey(System.String)
FNDA:0,PlayerId()
FNDA:0,PlayerId(System.Int32)
FNDA:0,Token()
FNDA:0,Token(System.String)
FNDA:0,PlayerNickname()
FNDA:0,PlayerNickname(System.String)
FNDA:2,Awake()
FNDA:0,SetPlayerData(System.Int32, System.String, System.String)
FNDA:0,SetSessionData(System.Int32, System.String)
FNF:15
FNH:3
BRF:0
BRH:0
DA:53,5
DA:55,0
DA:56,0
DA:57,0
DA:58,0
DA:59,0
DA:62,2
DA:63,2
DA:64,2
DA:65,2
DA:66,2
DA:67,2
DA:68,2
DA:70,0
DA:71,0
DA:72,0
DA:73,2
DA:76,0
DA:77,0
DA:78,0
DA:79,0
DA:81,0
DA:82,0
DA:85,0
DA:86,0
DA:87,0
DA:88,0
DA:89,0
LH:9
LF:28
end_of_record
SF:/Users/olesya/Documents/SpaceCarnage/SpaceCarnage/Assets/Scripts/System/GameResources.cs
FN:9,Awake()
FNDA:10,Awake()
FNF:1
FNH:1
BRF:0
BRH:0
DA:9,10
DA:10,16
DA:11,4
DA:12,10
LH:4
LF:4
end_of_record
SF:/Users/olesya/Documents/SpaceCarnage/SpaceCarnage/Assets/Scripts/Leaderboard/GlobalLeaderboardManager.cs
FN:28,Awake()
FN:40,Hide()
FN:45,Toggle()
FN:138,DisplayLeaderboard(LeaderboardResponse, PlayerStatsResponse)
FN:183,GetPlayerRank(System.Collections.Generic.List[PlayerLeaderboardEntry], System.String)
FN:193,ClearRows()
FN:23,GlobalLeaderboardUI()
FN:59,LoadAndDisplayLeaderboard()
FN:53,Refresh()
FN:34,Show()
FNDA:0,Awake()
FNDA:0,Hide()
FNDA:0,Toggle()
FNDA:0,DisplayLeaderboard(LeaderboardResponse, PlayerStatsResponse)
FNDA:0,GetPlayerRank(System.Collections.Generic.List[PlayerLeaderboardEntry], System.String)
FNDA:0,ClearRows()
FNDA:0,GlobalLeaderboardUI()
FNDA:0,LoadAndDisplayLeaderboard()
FNDA:0,Refresh()
FNDA:0,Show()
FNF:10
FNH:0
BRF:0
BRH:0
DA:23,0
DA:25,0
DA:28,0
DA:29,0
DA:30,0
DA:31,0
DA:34,0
DA:35,0
DA:36,0
DA:37,0
DA:40,0
DA:41,0
DA:42,0
DA:45,0
DA:46,0
DA:47,0
DA:49,0
DA:50,0
DA:53,0
DA:54,0
DA:55,0
DA:56,0
DA:59,0
DA:60,0
DA:61,0
DA:63,0
DA:65,0
DA:67,0
DA:68,0
DA:71,0
DA:73,0
DA:74,0
DA:76,0
DA:77,0
DA:78,0
DA:79,0
DA:80,0
DA:81,0
DA:82,0
DA:85,0
DA:86,0
DA:87,0
DA:88,0
DA:89,0
DA:90,0
DA:91,0
DA:94,0
DA:95,0
DA:96,0
DA:97,0
DA:98,0
DA:99,0
DA:100,0
DA:103,0
DA:105,0
DA:106,0
DA:108,0
DA:109,0
DA:110,0
DA:111,0
DA:112,0
DA:113,0
DA:116,0
DA:118,0
DA:120,0
DA:121,0
DA:122,0
DA:123,0
DA:124,0
DA:125,0
DA:126,0
DA:127,0
DA:128,0
DA:130,0
DA:131,0
DA:133,0
DA:134,0
DA:135,0
DA:138,0
DA:139,0
DA:141,0
DA:142,0
DA:144,0
DA:145,0
DA:146,0
DA:147,0
DA:149,0
DA:150,0
DA:151,0
DA:152,0
DA:153,0
DA:154,0
DA:155,0
DA:157,0
DA:158,0
DA:159,0
DA:160,0
DA:161,0
DA:162,0
DA:163,0
DA:164,0
DA:165,0
DA:166,0
DA:167,0
DA:168,0
DA:170,0
DA:172,0
DA:173,0
DA:174,0
DA:175,0
DA:177,0
DA:178,0
DA:179,0
DA:180,0
DA:183,0
DA:184,0
DA:185,0
DA:186,0
DA:187,0
DA:188,0
DA:189,0
DA:190,0
DA:193,0
DA:194,0
DA:195,0
DA:196,0
DA:197,0
DA:198,0
DA:199,0
LH:0
LF:129
end_of_record
SF:/Users/olesya/Documents/SpaceCarnage/SpaceCarnage/Assets/Scripts/HealthSystem/Health.cs
FN:21,IsDead()
FN:29,SetMaxHealth(System.Single)
FN:35,OnStartServer()
FN:43,TakeDamage(System.Single, DamageContext)
FN:86,Die(DamageContext)
FN:119,Ressurect()
FN:126,SetInvincibility(System.Boolean)
FN:140,OnHealthChanged(System.Single, System.Single)
FN:145,OnMaxHealthChanged(System.Single, System.Single)
FN:150,GetHealthPercentage()
FN:155,TestMaxHealth()
FN:159,TestSetMaxHealth(System.Single)
FN:132,UserCode_RpcResurrect()
FN:9,Health()
FNDA:7,IsDead()
FNDA:15,SetMaxHealth(System.Single)
FNDA:5,OnStartServer()
FNDA:7,TakeDamage(System.Single, DamageContext)
FNDA:3,Die(DamageContext)
FNDA:0,Ressurect()
FNDA:1,SetInvincibility(System.Boolean)
FNDA:0,OnHealthChanged(System.Single, System.Single)
FNDA:0,OnMaxHealthChanged(System.Single, System.Single)
FNDA:1,GetHealthPercentage()
FNDA:0,TestMaxHealth()
FNDA:0,TestSetMaxHealth(System.Single)
FNDA:0,UserCode_RpcResurrect()
FNDA:17,Health()
FNF:14
FNH:8
BRF:0
BRH:0
DA:9,17
DA:13,17
DA:16,17
DA:18,17
DA:21,7
DA:29,15
DA:30,15
DA:31,15
DA:32,15
DA:35,5
DA:36,5
DA:37,5
DA:38,5
DA:39,5
DA:43,7
DA:44,8
DA:46,6
DA:47,6
DA:50,6
DA:51,1
DA:52,1
DA:53,1
DA:55,6
DA:56,6
DA:59,6
DA:60,3
DA:61,3
DA:62,0
DA:63,0
DA:64,0
DA:65,0
DA:66,0
DA:68,0
DA:69,0
DA:70,0
DA:71,0
DA:72,0
DA:73,3
DA:75,6
DA:76,6
DA:77,6
DA:78,3
DA:79,3
DA:80,3
DA:81,3
DA:82,7
DA:86,3
DA:87,3
DA:88,3
DA:89,3
DA:91,3
DA:92,0
DA:93,0
DA:95,3
DA:96,3
DA:97,3
DA:99,3
DA:100,0
DA:101,0
DA:102,0
DA:104,3
DA:105,3
DA:106,3
DA:108,3
DA:109,1
DA:110,1
DA:113,2
DA:115,3
DA:119,0
DA:120,0
DA:121,0
DA:122,0
DA:123,0
DA:126,1
DA:127,1
DA:128,1
DA:132,0
DA:136,0
DA:140,0
DA:142,0
DA:143,0
DA:145,0
DA:146,0
DA:147,0
DA:150,1
DA:151,1
DA:152,1
DA:155,0
DA:159,0
LH:59
LF:89
end_of_record
SF:/Users/olesya/Documents/SpaceCarnage/SpaceCarnage/Assets/Scripts/GameUI/HUDController.cs
FN:43,Start()
FN:55,Update()
FN:72,UpdateAmmoIndicator()
FN:92,UpdateAbilityIndicator()
FN:191,FindLocalPlayer()
FN:198,UpdateHealth(System.Single, System.Single)
FN:209,AddKillFeed(DamageContext, System.String)
FN:259,GetMatchTimerText()
FN:14,HUDController()
FNDA:0,Start()
FNDA:0,Update()
FNDA:0,UpdateAmmoIndicator()
FNDA:0,UpdateAbilityIndicator()
FNDA:0,FindLocalPlayer()
FNDA:0,UpdateHealth(System.Single, System.Single)
FNDA:0,AddKillFeed(DamageContext, System.String)
FNDA:0,GetMatchTimerText()
FNDA:0,HUDController()
FNF:9
FNH:0
BRF:0
BRH:0
DA:14,0
DA:20,0
DA:21,0
DA:40,0
DA:43,0
DA:44,0
DA:45,0
DA:46,0
DA:47,0
DA:48,0
DA:50,0
DA:51,0
DA:52,0
DA:55,0
DA:56,0
DA:57,0
DA:58,0
DA:60,0
DA:61,0
DA:63,0
DA:64,0
DA:65,0
DA:66,0
DA:67,0
DA:68,0
DA:69,0
DA:72,0
DA:73,0
DA:74,0
DA:76,0
DA:77,0
DA:79,0
DA:80,0
DA:81,0
DA:82,0
DA:85,0
DA:86,0
DA:88,0
DA:89,0
DA:92,0
DA:93,0
DA:94,0
DA:96,0
DA:97,0
DA:99,0
DA:100,0
DA:101,0
DA:102,0
DA:105,0
DA:106,0
DA:108,0
DA:110,0
DA:111,0
DA:112,0
DA:113,0
DA:114,0
DA:115,0
DA:117,0
DA:118,0
DA:119,0
DA:121,0
DA:123,0
DA:124,0
DA:125,0
DA:126,0
DA:128,0
DA:129,0
DA:130,0
DA:131,0
DA:132,0
DA:133,0
DA:134,0
DA:135,0
DA:137,0
DA:138,0
DA:139,0
DA:140,0
DA:141,0
DA:142,0
DA:143,0
DA:144,0
DA:145,0
DA:146,0
DA:147,0
DA:148,0
DA:149,0
DA:151,0
DA:152,0
DA:153,0
DA:154,0
DA:155,0
DA:157,0
DA:158,0
DA:159,0
DA:161,0
DA:162,0
DA:163,0
DA:164,0
DA:165,0
DA:166,0
DA:167,0
DA:169,0
DA:170,0
DA:171,0
DA:172,0
DA:173,0
DA:174,0
DA:175,0
DA:176,0
DA:177,0
DA:178,0
DA:179,0
DA:180,0
DA:181,0
DA:182,0
DA:184,0
DA:185,0
DA:186,0
DA:187,0
DA:188,0
DA:191,0
DA:192,0
DA:193,0
DA:194,0
DA:195,0
DA:198,0
DA:199,0
DA:201,0
DA:202,0
DA:203,0
DA:204,0
DA:206,0
DA:209,0
DA:210,0
DA:212,0
DA:214,0
DA:215,0
DA:216,0
DA:218,0
DA:221,0
DA:222,0
DA:225,0
DA:226,0
DA:228,0
DA:229,0
DA:232,0
DA:233,0
DA:234,0
DA:235,0
DA:237,0
DA:238,0
DA:239,0
DA:240,0
DA:243,0
DA:244,0
DA:247,0
DA:248,0
DA:250,0
DA:251,0
DA:252,0
DA:253,0
DA:255,0
DA:256,0
DA:259,0
DA:262,0
DA:263,0
DA:264,0
DA:265,0
DA:266,0
DA:269,0
DA:270,0
DA:271,0
DA:272,0
DA:273,0
DA:276,0
DA:277,0
LH:0
LF:176
end_of_record
SF:/Users/olesya/Documents/SpaceCarnage/SpaceCarnage/Assets/Scripts/Parts/Abilities/InvisAbility.cs
FN:11,CreateRuntime()
FN:8,InvisAbility()
FN:24,Invis()
FN:27,Run()
FN:39,Activate()
FN:46,Deactivate()
FN:55,ServerUpdate()
FN:71,OnUnequipped()
FN:77,OnEquipped()
FN:85,OnOwnerDamaged()
FN:90,OnOwnerAttacked()
FN:95,GetVisualStatus()
FN:22,InvisRuntime(InvisAbility)
FNDA:0,CreateRuntime()
FNDA:0,InvisAbility()
FNDA:0,Invis()
FNDA:0,Run()
FNDA:0,Activate()
FNDA:0,Deactivate()
FNDA:0,ServerUpdate()
FNDA:0,OnUnequipped()
FNDA:0,OnEquipped()
FNDA:0,OnOwnerDamaged()
FNDA:0,OnOwnerAttacked()
FNDA:0,GetVisualStatus()
FNDA:0,InvisRuntime(InvisAbility)
FNF:13
FNH:0
BRF:0
BRH:0
DA:8,0
DA:9,0
DA:10,0
DA:11,0
DA:22,0
DA:24,0
DA:27,0
DA:28,0
DA:29,0
DA:30,0
DA:31,0
DA:34,0
DA:35,0
DA:36,0
DA:39,0
DA:40,0
DA:41,0
DA:42,0
DA:43,0
DA:46,0
DA:47,0
DA:48,0
DA:49,0
DA:51,0
DA:52,0
DA:55,0
DA:56,0
DA:57,0
DA:59,0
DA:60,0
DA:61,0
DA:62,0
DA:63,0
DA:64,0
DA:65,0
DA:66,0
DA:67,0
DA:68,0
DA:71,0
DA:72,0
DA:73,0
DA:74,0
DA:77,0
DA:78,0
DA:79,0
DA:80,0
DA:81,0
DA:82,0
DA:85,0
DA:86,0
DA:87,0
DA:90,0
DA:91,0
DA:92,0
DA:95,0
DA:96,0
DA:97,0
DA:98,0
DA:99,0
LH:0
LF:59
end_of_record
SF:/Users/olesya/Documents/SpaceCarnage/SpaceCarnage/Assets/Scripts/Parts/Abilities/InvisManager.cs
FN:16,Awake()
FN:21,OnStartClient()
FN:29,SetVisible(System.Boolean)
FN:46,OnVisibleChanged(System.Boolean, System.Boolean)
FN:51,ApplyVisibility(System.Boolean)
FN:75,UpdateRendererList()
FN:88,RefreshRenderers()
FN:9,InvisManager()
FNDA:0,Awake()
FNDA:0,OnStartClient()
FNDA:0,SetVisible(System.Boolean)
FNDA:0,OnVisibleChanged(System.Boolean, System.Boolean)
FNDA:0,ApplyVisibility(System.Boolean)
FNDA:0,UpdateRendererList()
FNDA:0,RefreshRenderers()
FNDA:0,InvisManager()
FNF:8
FNH:0
BRF:0
BRH:0
DA:9,0
DA:11,0
DA:12,0
DA:16,0
DA:17,0
DA:18,0
DA:21,0
DA:22,0
DA:23,0
DA:24,0
DA:25,0
DA:29,0
DA:30,0
DA:31,0
DA:32,0
DA:33,0
DA:36,0
DA:37,0
DA:38,0
DA:39,0
DA:42,0
DA:43,0
DA:46,0
DA:47,0
DA:48,0
DA:51,0
DA:52,0
DA:53,0
DA:54,0
DA:55,0
DA:56,0
DA:57,0
DA:59,0
DA:60,0
DA:61,0
DA:62,0
DA:63,0
DA:64,0
DA:65,0
DA:67,0
DA:68,0
DA:69,0
DA:70,0
DA:71,0
DA:72,0
DA:75,0
DA:76,0
DA:77,0
DA:78,0
DA:79,0
DA:80,0
DA:81,0
DA:83,0
DA:84,0
DA:88,0
DA:89,0
DA:90,0
DA:91,0
LH:0
LF:58
end_of_record
SF:/Users/olesya/Documents/SpaceCarnage/SpaceCarnage/Assets/Scripts/Config/LoginConfigData.cs
FN:8,LoginConfigData()
FNDA:2,LoginConfigData()
FNF:1
FNH:1
BRF:0
BRH:0
DA:8,2
DA:9,2
DA:10,2
LH:3
LF:3
end_of_record
SF:/Users/olesya/Documents/SpaceCarnage/SpaceCarnage/Assets/Scripts/LoginScene/LoginController.cs
FN:38,Start()
FN:120,ChangeState(LoginController/State)
FN:129,LoginOrRegister()
FN:205,SetLoadingState(System.Boolean)
FN:214,ExitGame()
FN:222,ResetInputColors()
FN:228,SetInputColor(UnityEngine.UI.Image, UnityEngine.Color)
FN:233,LoadNextScene()
FN:238,OnUsernameFieldSelected()
FN:244,OnPasswordFieldSelected()
FN:250,Update()
FN:258,ValidateCredentials(System.String, System.String)
FN:282,ValidatePasswordSpecialCharacters(System.String)
FN:294,ShowValidationFeedback(LoginController/ValidationResult)
FN:321,ParseServerError(System.String)
FN:342,ShowFeedbackMessage(System.String)
FN:348,ResetUsernameFieldColor()
FN:360,ResetPasswordFieldColor()
FN:372,MarkFieldAsError(TMPro.TMP_InputField, UnityEngine.UI.Image)
FN:385,CloseFeedbackMessage()
FN:25,LoginController()
FN:66,CheckAutoLoginAsync()
FN:134,LoginOrRegisterAsync()
FNDA:1,Start()
FNDA:1,ChangeState(LoginController/State)
FNDA:0,LoginOrRegister()
FNDA:0,SetLoadingState(System.Boolean)
FNDA:0,ExitGame()
FNDA:0,ResetInputColors()
FNDA:0,SetInputColor(UnityEngine.UI.Image, UnityEngine.Color)
FNDA:0,LoadNextScene()
FNDA:0,OnUsernameFieldSelected()
FNDA:0,OnPasswordFieldSelected()
FNDA:80,Update()
FNDA:0,ValidateCredentials(System.String, System.String)
FNDA:0,ValidatePasswordSpecialCharacters(System.String)
FNDA:0,ShowValidationFeedback(LoginController/ValidationResult)
FNDA:0,ParseServerError(System.String)
FNDA:0,ShowFeedbackMessage(System.String)
FNDA:0,ResetUsernameFieldColor()
FNDA:0,ResetPasswordFieldColor()
FNDA:0,MarkFieldAsError(TMPro.TMP_InputField, UnityEngine.UI.Image)
FNDA:0,CloseFeedbackMessage()
FNDA:1,LoginController()
FNDA:1,CheckAutoLoginAsync()
FNDA:0,LoginOrRegisterAsync()
FNF:23
FNH:5
BRF:0
BRH:0
DA:25,1
DA:26,1
DA:31,1
DA:34,1
DA:38,1
DA:39,1
DA:40,1
DA:41,1
DA:42,1
DA:43,1
DA:45,1
DA:46,0
DA:47,0
DA:49,1
DA:50,0
DA:51,0
DA:53,1
DA:54,0
DA:55,0
DA:57,1
DA:58,0
DA:59,0
DA:61,1
DA:62,1
DA:63,1
DA:64,1
DA:66,1
DA:67,1
DA:68,1
DA:69,1
DA:72,0
DA:73,0
DA:75,0
DA:78,0
DA:79,0
DA:81,0
DA:82,0
DA:83,0
DA:85,0
DA:86,0
DA:87,0
DA:88,0
DA:89,0
DA:90,0
DA:92,0
DA:93,0
DA:95,0
DA:96,0
DA:98,0
DA:99,0
DA:100,0
DA:101,0
DA:103,0
DA:104,0
DA:106,0
DA:107,0
DA:108,0
DA:109,0
DA:110,0
DA:111,0
DA:112,0
DA:114,0
DA:115,0
DA:116,0
DA:117,1
DA:120,1
DA:121,1
DA:122,1
DA:124,1
DA:125,1
DA:126,1
DA:129,0
DA:130,0
DA:131,0
DA:134,0
DA:135,0
DA:136,0
DA:137,0
DA:138,0
DA:139,0
DA:140,0
DA:142,0
DA:145,0
DA:146,0
DA:152,0
DA:154,0
DA:155,0
DA:156,0
DA:157,0
DA:158,0
DA:160,0
DA:161,0
DA:162,0
DA:163,0
DA:165,0
DA:166,0
DA:167,0
DA:169,0
DA:171,0
DA:173,0
DA:174,0
DA:175,0
DA:177,0
DA:179,0
DA:180,0
DA:181,0
DA:182,0
DA:183,0
DA:184,0
DA:186,0
DA:188,0
DA:189,0
DA:190,0
DA:191,0
DA:193,0
DA:194,0
DA:195,0
DA:196,0
DA:198,0
DA:199,0
DA:200,0
DA:202,0
DA:205,0
DA:206,0
DA:207,0
DA:208,0
DA:209,0
DA:210,0
DA:211,0
DA:212,0
DA:214,0
DA:215,0
DA:216,0
DA:218,0
DA:220,0
DA:222,0
DA:223,0
DA:224,0
DA:225,0
DA:228,0
DA:229,0
DA:230,0
DA:233,0
DA:234,0
DA:235,0
DA:238,0
DA:239,0
DA:240,0
DA:241,0
DA:244,0
DA:245,0
DA:246,0
DA:247,0
DA:250,80
DA:251,80
DA:252,0
DA:253,0
DA:254,0
DA:255,80
DA:258,0
DA:259,0
DA:260,0
DA:262,0
DA:264,0
DA:265,0
DA:266,0
DA:267,0
DA:268,0
DA:270,0
DA:271,0
DA:272,0
DA:273,0
DA:274,0
DA:278,0
DA:279,0
DA:282,0
DA:283,0
DA:284,0
DA:285,0
DA:286,0
DA:287,0
DA:289,0
DA:290,0
DA:291,0
DA:294,0
DA:295,0
DA:298,0
DA:299,0
DA:301,0
DA:302,0
DA:304,0
DA:305,0
DA:307,0
DA:308,0
DA:310,0
DA:311,0
DA:313,0
DA:314,0
DA:316,0
DA:318,0
DA:321,0
DA:322,0
DA:324,0
DA:325,0
DA:326,0
DA:329,0
DA:330,0
DA:331,0
DA:334,0
DA:335,0
DA:336,0
DA:339,0
DA:340,0
DA:342,0
DA:343,0
DA:344,0
DA:345,0
DA:348,0
DA:349,0
DA:350,0
DA:351,0
DA:352,0
DA:354,0
DA:355,0
DA:356,0
DA:357,0
DA:360,0
DA:361,0
DA:362,0
DA:363,0
DA:364,0
DA:366,0
DA:367,0
DA:368,0
DA:369,0
DA:372,0
DA:373,0
DA:374,0
DA:375,0
DA:376,0
DA:378,0
DA:379,0
DA:380,0
DA:381,0
DA:382,0
DA:385,0
DA:386,0
DA:387,0
LH:32
LF:248
end_of_record
SF:/Users/olesya/Documents/SpaceCarnage/SpaceCarnage/Assets/Scripts/LoginScene/LoginSceneCamera.cs
FN:13,Update()
FN:8,LoginSceneCamera()
FNDA:80,Update()
FNDA:1,LoginSceneCamera()
FNF:2
FNH:2
BRF:0
BRH:0
DA:8,1
DA:9,1
DA:10,1
DA:13,80
DA:14,80
DA:15,80
DA:16,80
DA:18,80
DA:19,80
DA:21,80
DA:22,80
DA:23,80
DA:25,80
DA:26,80
LH:14
LF:14
end_of_record
SF:/Users/olesya/Documents/SpaceCarnage/SpaceCarnage/Assets/Scripts/Game/MatchState.cs
FN:13,Awake()
FNDA:0,Awake()
FNF:1
FNH:0
BRF:0
BRH:0
DA:13,0
DA:14,0
DA:15,0
DA:16,0
LH:0
LF:4
end_of_record
SF:/Users/olesya/Documents/SpaceCarnage/SpaceCarnage/Assets/Scripts/SFX/NetworkAudio.cs
FN:7,PlaySound(SoundType, UnityEngine.Vector3)
FN:18,UserCode_CmdPlaySound__SoundType__Vector3(SoundType, UnityEngine.Vector3)
FN:24,UserCode_RpcPlaySound__SoundType__Vector3(SoundType, UnityEngine.Vector3)
FNDA:0,PlaySound(SoundType, UnityEngine.Vector3)
FNDA:0,UserCode_CmdPlaySound__SoundType__Vector3(SoundType, UnityEngine.Vector3)
FNDA:0,UserCode_RpcPlaySound__SoundType__Vector3(SoundType, UnityEngine.Vector3)
FNF:3
FNH:0
BRF:0
BRH:0
DA:7,0
DA:8,0
DA:10,0
DA:11,0
DA:12,0
DA:13,0
DA:14,0
DA:18,0
DA:19,0
DA:20,0
DA:24,0
DA:25,0
DA:26,0
LH:0
LF:13
end_of_record
SF:/Users/olesya/Documents/SpaceCarnage/SpaceCarnage/Assets/Scripts/SFX/NetworkAudioManager.cs
FN:10,Awake()
FN:17,PlaySoundOnAllClients(SoundType, UnityEngine.Vector3)
FN:23,UserCode_RpcPlaySound__SoundType__Vector3(SoundType, UnityEngine.Vector3)
FNDA:0,Awake()
FNDA:0,PlaySoundOnAllClients(SoundType, UnityEngine.Vector3)
FNDA:0,UserCode_RpcPlaySound__SoundType__Vector3(SoundType, UnityEngine.Vector3)
FNF:3
FNH:0
BRF:0
BRH:0
DA:10,0
DA:11,0
DA:12,0
DA:13,0
DA:17,0
DA:18,0
DA:19,0
DA:23,0
DA:24,0
DA:25,0
DA:26,0
DA:27,0
DA:28,0
LH:0
LF:13
end_of_record
SF:/Users/olesya/Documents/SpaceCarnage/SpaceCarnage/Assets/Scripts/Effects/EffectDestroyer.cs
FN:12,OnStartServer()
FN:9,NetworkEffectDestroyer()
FN:18,CheckIfAlive()
FNDA:0,OnStartServer()
FNDA:0,NetworkEffectDestroyer()
FNDA:0,CheckIfAlive()
FNF:3
FNH:0
BRF:0
BRH:0
DA:9,0
DA:12,0
DA:13,0
DA:14,0
DA:18,0
DA:19,0
DA:21,0
DA:23,0
DA:24,0
DA:25,0
DA:26,0
DA:27,0
DA:28,0
DA:30,0
DA:31,0
DA:32,0
DA:33,0
DA:34,0
LH:0
LF:18
end_of_record
SF:/Users/olesya/Documents/SpaceCarnage/SpaceCarnage/Assets/Scripts/GameUI/PauseMenuController.cs
FN:13,Instance()
FN:27,IsPaused()
FN:27,IsPaused(System.Boolean)
FN:39,Awake()
FN:56,TogglePauseMenu()
FN:68,OpenPauseMenu()
FN:87,ResumePauseMenu()
FN:104,OpenSettings()
FN:114,ReturnToPauseMenu()
FN:127,ExitToMenu()
FNDA:0,Instance()
FNDA:0,IsPaused()
FNDA:0,IsPaused(System.Boolean)
FNDA:0,Awake()
FNDA:0,TogglePauseMenu()
FNDA:0,OpenPauseMenu()
FNDA:0,ResumePauseMenu()
FNDA:0,OpenSettings()
FNDA:0,ReturnToPauseMenu()
FNDA:0,ExitToMenu()
FNF:10
FNH:0
BRF:0
BRH:0
DA:13,0
DA:14,0
DA:15,0
DA:16,0
DA:17,0
DA:18,0
DA:19,0
DA:20,0
DA:21,0
DA:22,0
DA:23,0
DA:24,0
DA:27,0
DA:39,0
DA:40,0
DA:41,0
DA:43,0
DA:45,0
DA:46,0
DA:48,0
DA:49,0
DA:51,0
DA:52,0
DA:53,0
DA:56,0
DA:57,0
DA:58,0
DA:59,0
DA:60,0
DA:62,0
DA:63,0
DA:64,0
DA:65,0
DA:68,0
DA:69,0
DA:71,0
DA:72,0
DA:74,0
DA:75,0
DA:77,0
DA:78,0
DA:79,0
DA:80,0
DA:81,0
DA:83,0
DA:84,0
DA:87,0
DA:88,0
DA:90,0
DA:91,0
DA:95,0
DA:97,0
DA:99,0
DA:100,0
DA:101,0
DA:104,0
DA:105,0
DA:107,0
DA:108,0
DA:110,0
DA:111,0
DA:114,0
DA:115,0
DA:117,0
DA:118,0
DA:120,0
DA:121,0
DA:122,0
DA:123,0
DA:124,0
DA:127,0
DA:128,0
DA:130,0
DA:131,0
DA:133,0
DA:134,0
DA:135,0
DA:136,0
DA:137,0
DA:138,0
DA:139,0
DA:140,0
DA:142,0
DA:143,0
LH:0
LF:84
end_of_record
SF:/Users/olesya/Documents/SpaceCarnage/SpaceCarnage/Assets/Scripts/Player/Player.cs
FN:49,ClientMatchStartTime()
FN:49,ClientMatchStartTime(System.Double)
FN:50,ClientEndingStartTime()
FN:50,ClientEndingStartTime(System.Double)
FN:51,ClientTimerState()
FN:51,ClientTimerState(System.Int32)
FN:54,Awake()
FN:69,OnStartClient()
FN:80,OnStopClient()
FN:91,OnStartServer()
FN:130,OnStopServer()
FN:153,OnStartLocalPlayer()
FN:180,OnDestroy()
FN:187,KickForDuplicateAccount(System.Int32)
FN:245,OnStopLocalPlayer()
FN:252,HandleHealthUpdate(System.Single, System.Single)
FN:261,HandleHullChange(HullData)
FN:270,ServerHandleDeath(DamageContext)
FN:327,SetupDebrisRecursive(UnityEngine.Transform)
FN:434,SetPlayerState(System.Boolean)
FN:504,GetSafeSpawnPoint()
FN:590,OnDie(DamageContext)
FN:619,TestTriggerOnDie(DamageContext)
FN:174,UserCode_CmdRequestMatchTimer()
FN:225,UserCode_TargetKicked__NetworkConnection__String(Mirror.NetworkConnection, System.String)
FN:231,UserCode_CmdSetNickname__String__Int32(System.String, System.Int32)
FN:294,UserCode_RpcAddKillFeed__DamageContext__String(DamageContext, System.String)
FN:303,UserCode_RpcSpawnDebris()
FN:368,UserCode_TargetShowDeathScreen__NetworkConnection__DamageContext(Mirror.NetworkConnection, DamageContext)
FN:383,UserCode_RpcSetLeaderboardVisible__Boolean(System.Boolean)
FN:394,UserCode_CmdRequestRespawn()
FN:465,UserCode_RpcStopEngineParticles()
FN:471,UserCode_RpcStartEngineParticles()
FN:477,UserCode_RpcSetState__Boolean(System.Boolean)
FN:495,UserCode_TargetRespawnFeedback__NetworkConnection(Mirror.NetworkConnection)
FN:521,UserCode_RpcSetShipVisible__Boolean(System.Boolean)
FN:531,UserCode_RpcShowShield__Boolean__Single(System.Boolean, System.Single)
FN:568,UserCode_RpcShowEndMatchLeaderboard()
FN:579,UserCode_RpcHideEndMatchLeaderboard()
FN:602,UserCode_RpcSetMatchTimer__Int32__Double__Double(System.Int32, System.Double, System.Double)
FN:611,UserCode_TargetSetMatchTimer__NetworkConnection__Int32__Double__Double(Mirror.NetworkConnection, System.Int32, System.Double, System.Double)
FN:18,Player()
FN:24,Player()
FN:208,KickLater()
FN:402,RespawnRoutine()
FNDA:0,ClientMatchStartTime()
FNDA:0,ClientMatchStartTime(System.Double)
FNDA:0,ClientEndingStartTime()
FNDA:0,ClientEndingStartTime(System.Double)
FNDA:0,ClientTimerState()
FNDA:0,ClientTimerState(System.Int32)
FNDA:5,Awake()
FNDA:0,OnStartClient()
FNDA:0,OnStopClient()
FNDA:5,OnStartServer()
FNDA:5,OnStopServer()
FNDA:0,OnStartLocalPlayer()
FNDA:5,OnDestroy()
FNDA:0,KickForDuplicateAccount(System.Int32)
FNDA:0,OnStopLocalPlayer()
FNDA:0,HandleHealthUpdate(System.Single, System.Single)
FNDA:0,HandleHullChange(HullData)
FNDA:1,ServerHandleDeath(DamageContext)
FNDA:0,SetupDebrisRecursive(UnityEngine.Transform)
FNDA:1,SetPlayerState(System.Boolean)
FNDA:0,GetSafeSpawnPoint()
FNDA:2,OnDie(DamageContext)
FNDA:1,TestTriggerOnDie(DamageContext)
FNDA:0,UserCode_CmdRequestMatchTimer()
FNDA:0,UserCode_TargetKicked__NetworkConnection__String(Mirror.NetworkConnection, System.String)
FNDA:0,UserCode_CmdSetNickname__String__Int32(System.String, System.Int32)
FNDA:0,UserCode_RpcAddKillFeed__DamageContext__String(DamageContext, System.String)
FNDA:0,UserCode_RpcSpawnDebris()
FNDA:0,UserCode_TargetShowDeathScreen__NetworkConnection__DamageContext(Mirror.NetworkConnection, DamageContext)
FNDA:0,UserCode_RpcSetLeaderboardVisible__Boolean(System.Boolean)
FNDA:0,UserCode_CmdRequestRespawn()
FNDA:0,UserCode_RpcStopEngineParticles()
FNDA:0,UserCode_RpcStartEngineParticles()
FNDA:0,UserCode_RpcSetState__Boolean(System.Boolean)
FNDA:0,UserCode_TargetRespawnFeedback__NetworkConnection(Mirror.NetworkConnection)
FNDA:0,UserCode_RpcSetShipVisible__Boolean(System.Boolean)
FNDA:0,UserCode_RpcShowShield__Boolean__Single(System.Boolean, System.Single)
FNDA:0,UserCode_RpcShowEndMatchLeaderboard()
FNDA:0,UserCode_RpcHideEndMatchLeaderboard()
FNDA:0,UserCode_RpcSetMatchTimer__Int32__Double__Double(System.Int32, System.Double, System.Double)
FNDA:0,UserCode_TargetSetMatchTimer__NetworkConnection__Int32__Double__Double(Mirror.NetworkConnection, System.Int32, System.Double, System.Double)
FNDA:5,Player()
FNDA:1,Player()
FNDA:0,KickLater()
FNDA:0,RespawnRoutine()
FNF:45
FNH:10
BRF:0
BRH:0
DA:18,5
DA:19,5
DA:20,5
DA:21,5
DA:22,5
DA:24,1
DA:31,1
DA:34,5
DA:37,5
DA:38,5
DA:39,5
DA:49,0
DA:50,0
DA:51,0
DA:54,5
DA:55,5
DA:56,5
DA:57,5
DA:58,5
DA:60,5
DA:61,0
DA:62,0
DA:63,0
DA:65,5
DA:66,5
DA:69,0
DA:70,0
DA:72,0
DA:73,0
DA:74,0
DA:75,0
DA:76,0
DA:77,0
DA:80,0
DA:81,0
DA:82,0
DA:83,0
DA:84,0
DA:85,0
DA:87,0
DA:88,0
DA:91,5
DA:92,5
DA:94,5
DA:96,5
DA:97,0
DA:98,0
DA:99,0
DA:101,5
DA:102,5
DA:104,5
DA:105,5
DA:106,5
DA:108,5
DA:109,0
DA:110,0
DA:111,0
DA:112,5
DA:114,5
DA:115,5
DA:116,5
DA:117,5
DA:118,5
DA:120,5
DA:121,0
DA:122,0
DA:123,0
DA:125,5
DA:126,5
DA:127,5
DA:128,5
DA:130,5
DA:131,5
DA:132,5
DA:133,5
DA:134,5
DA:135,5
DA:137,5
DA:138,0
DA:139,0
DA:140,0
DA:142,5
DA:143,5
DA:144,5
DA:146,5
DA:147,5
DA:149,5
DA:150,5
DA:153,0
DA:154,0
DA:156,0
DA:157,0
DA:159,0
DA:161,0
DA:162,0
DA:163,0
DA:164,0
DA:165,0
DA:167,0
DA:168,0
DA:169,0
DA:170,0
DA:174,0
DA:175,0
DA:176,0
DA:177,0
DA:180,5
DA:181,5
DA:182,0
DA:183,5
DA:187,0
DA:188,0
DA:190,0
DA:191,0
DA:194,0
DA:196,0
DA:198,0
DA:199,0
DA:200,0
DA:201,0
DA:203,0
DA:204,0
DA:208,0
DA:209,0
DA:211,0
DA:212,0
DA:213,0
DA:214,0
DA:215,0
DA:216,0
DA:217,0
DA:218,0
DA:219,0
DA:220,0
DA:221,0
DA:225,0
DA:226,0
DA:227,0
DA:231,0
DA:232,0
DA:234,0
DA:235,0
DA:237,0
DA:239,0
DA:240,0
DA:242,0
DA:243,0
DA:245,0
DA:246,0
DA:247,0
DA:248,0
DA:249,0
DA:252,0
DA:253,0
DA:254,0
DA:255,0
DA:256,0
DA:257,0
DA:261,0
DA:262,0
DA:263,0
DA:264,0
DA:265,0
DA:266,0
DA:270,1
DA:271,1
DA:272,1
DA:274,1
DA:276,1
DA:278,1
DA:279,0
DA:280,0
DA:281,0
DA:282,0
DA:283,0
DA:284,0
DA:285,0
DA:287,1
DA:289,1
DA:290,1
DA:294,0
DA:295,0
DA:296,0
DA:297,0
DA:298,0
DA:299,0
DA:303,0
DA:304,0
DA:306,0
DA:307,0
DA:309,0
DA:310,0
DA:311,0
DA:312,0
DA:314,0
DA:315,0
DA:316,0
DA:318,0
DA:320,0
DA:322,0
DA:323,0
DA:324,0
DA:327,0
DA:328,0
DA:330,0
DA:331,0
DA:332,0
DA:333,0
DA:334,0
DA:335,0
DA:338,0
DA:340,0
DA:341,0
DA:343,0
DA:344,0
DA:346,0
DA:347,0
DA:349,0
DA:350,0
DA:351,0
DA:353,0
DA:354,0
DA:355,0
DA:357,0
DA:358,0
DA:359,0
DA:361,0
DA:362,0
DA:363,0
DA:364,0
DA:368,0
DA:369,0
DA:371,0
DA:372,0
DA:373,0
DA:374,0
DA:376,0
DA:377,0
DA:378,0
DA:379,0
DA:383,0
DA:384,0
DA:386,0
DA:387,0
DA:388,0
DA:389,0
DA:390,0
DA:394,0
DA:395,0
DA:397,0
DA:398,0
DA:402,0
DA:403,0
DA:405,0
DA:406,0
DA:407,0
DA:408,0
DA:409,0
DA:410,0
DA:411,0
DA:413,0
DA:414,0
DA:416,0
DA:418,0
DA:420,0
DA:422,0
DA:424,0
DA:425,0
DA:427,0
DA:429,0
DA:430,0
DA:434,1
DA:435,1
DA:436,1
DA:438,1
DA:439,1
DA:441,1
DA:442,0
DA:443,0
DA:444,0
DA:446,1
DA:447,1
DA:448,1
DA:450,3
DA:451,3
DA:452,0
DA:453,0
DA:454,0
DA:455,0
DA:457,0
DA:458,0
DA:460,1
DA:461,1
DA:465,0
DA:466,0
DA:467,0
DA:471,0
DA:472,0
DA:473,0
DA:477,0
DA:478,0
DA:479,0
DA:480,0
DA:482,0
DA:483,0
DA:484,0
DA:485,0
DA:486,0
DA:487,0
DA:489,0
DA:490,0
DA:491,0
DA:495,0
DA:496,0
DA:497,0
DA:498,0
DA:499,0
DA:500,0
DA:504,0
DA:505,0
DA:506,0
DA:507,0
DA:508,0
DA:509,0
DA:510,0
DA:512,0
DA:513,0
DA:514,0
DA:516,0
DA:517,0
DA:521,0
DA:522,0
DA:523,0
DA:524,0
DA:525,0
DA:526,0
DA:527,0
DA:531,0
DA:532,0
DA:533,0
DA:534,0
DA:535,0
DA:538,0
DA:539,0
DA:540,0
DA:541,0
DA:542,0
DA:543,0
DA:544,0
DA:545,0
DA:546,0
DA:548,0
DA:550,0
DA:551,0
DA:552,0
DA:553,0
DA:554,0
DA:555,0
DA:556,0
DA:558,0
DA:559,0
DA:560,0
DA:561,0
DA:562,0
DA:563,0
DA:564,0
DA:568,0
DA:569,0
DA:571,0
DA:572,0
DA:573,0
DA:574,0
DA:575,0
DA:579,0
DA:580,0
DA:582,0
DA:583,0
DA:584,0
DA:585,0
DA:586,0
DA:590,2
DA:591,2
DA:593,2
DA:594,0
DA:595,0
DA:596,0
DA:597,0
DA:598,2
DA:602,0
DA:603,0
DA:604,0
DA:605,0
DA:606,0
DA:607,0
DA:611,0
DA:612,0
DA:613,0
DA:614,0
DA:615,0
DA:619,1
DA:620,1
DA:621,1
LH:86
LF:402
end_of_record
SF:/Users/olesya/Documents/SpaceCarnage/SpaceCarnage/Assets/Scripts/Player/PlayerCamera.cs
FN:23,LateUpdate()
FN:57,SetTarget(UnityEngine.Transform)
FN:9,PlayerCamera()
FNDA:0,LateUpdate()
FNDA:0,SetTarget(UnityEngine.Transform)
FNDA:0,PlayerCamera()
FNF:3
FNH:0
BRF:0
BRH:0
DA:9,0
DA:12,0
DA:13,0
DA:16,0
DA:18,0
DA:23,0
DA:24,0
DA:26,0
DA:28,0
DA:35,0
DA:36,0
DA:37,0
DA:38,0
DA:39,0
DA:40,0
DA:42,0
DA:44,0
DA:46,0
DA:49,0
DA:54,0
DA:57,0
DA:58,0
DA:59,0
DA:60,0
DA:61,0
DA:62,0
LH:0
LF:26
end_of_record
SF:/Users/olesya/Documents/SpaceCarnage/SpaceCarnage/Assets/Scripts/Player/PlayerController.cs
FN:74,AbilityCooldownRemaining()
FN:79,AbilityOnCooldown()
FN:81,CurrentTime()
FN:83,isPaused()
FN:86,Awake()
FN:93,OnStartLocalPlayer()
FN:103,Update()
FN:224,FixedUpdate()
FN:311,ServerAbsorbDamage(System.Single)
FN:316,ServerNotifyDamaged()
FN:321,ServerNotifyAttacked()
FN:327,ApplyCursorState()
FN:335,OnGUI()
FN:206,UserCode_CmdUpdateInputs__Single__Single__Vector2__Boolean(System.Single, System.Single, UnityEngine.Vector2, System.Boolean)
FN:216,UserCode_CmdSelfDestruct()
FN:26,PlayerController()
FNDA:0,AbilityCooldownRemaining()
FNDA:0,AbilityOnCooldown()
FNDA:0,CurrentTime()
FNDA:0,isPaused()
FNDA:13,Awake()
FNDA:0,OnStartLocalPlayer()
FNDA:0,Update()
FNDA:0,FixedUpdate()
FNDA:2,ServerAbsorbDamage(System.Single)
FNDA:2,ServerNotifyDamaged()
FNDA:1,ServerNotifyAttacked()
FNDA:0,ApplyCursorState()
FNDA:0,OnGUI()
FNDA:0,UserCode_CmdUpdateInputs__Single__Single__Vector2__Boolean(System.Single, System.Single, UnityEngine.Vector2, System.Boolean)
FNDA:0,UserCode_CmdSelfDestruct()
FNDA:12,PlayerController()
FNF:16
FNH:5
BRF:0
BRH:0
DA:26,12
DA:27,12
DA:31,12
DA:34,12
DA:35,12
DA:44,12
DA:47,12
DA:48,12
DA:51,12
DA:52,12
DA:55,12
DA:56,12
DA:57,12
DA:58,12
DA:74,0
DA:75,0
DA:76,0
DA:77,0
DA:79,0
DA:81,0
DA:83,0
DA:86,13
DA:87,13
DA:88,13
DA:90,13
DA:91,13
DA:93,0
DA:94,0
DA:95,0
DA:96,0
DA:97,0
DA:98,0
DA:99,0
DA:100,0
DA:103,0
DA:104,0
DA:105,0
DA:106,0
DA:108,0
DA:110,0
DA:112,0
DA:113,0
DA:114,0
DA:115,0
DA:116,0
DA:119,0
DA:120,0
DA:121,0
DA:122,0
DA:123,0
DA:124,0
DA:125,0
DA:129,0
DA:130,0
DA:131,0
DA:132,0
DA:134,0
DA:135,0
DA:136,0
DA:137,0
DA:139,0
DA:140,0
DA:141,0
DA:142,0
DA:143,0
DA:144,0
DA:145,0
DA:147,0
DA:148,0
DA:150,0
DA:151,0
DA:153,0
DA:155,0
DA:156,0
DA:157,0
DA:158,0
DA:159,0
DA:160,0
DA:161,0
DA:163,0
DA:164,0
DA:165,0
DA:166,0
DA:168,0
DA:169,0
DA:171,0
DA:174,0
DA:176,0
DA:181,0
DA:183,0
DA:184,0
DA:185,0
DA:187,0
DA:188,0
DA:189,0
DA:190,0
DA:192,0
DA:193,0
DA:195,0
DA:196,0
DA:197,0
DA:198,0
DA:199,0
DA:200,0
DA:201,0
DA:202,0
DA:206,0
DA:207,0
DA:208,0
DA:209,0
DA:210,0
DA:211,0
DA:212,0
DA:216,0
DA:217,0
DA:218,0
DA:219,0
DA:220,0
DA:221,0
DA:224,0
DA:225,0
DA:227,0
DA:228,0
DA:229,0
DA:230,0
DA:232,0
DA:234,0
DA:235,0
DA:236,0
DA:237,0
DA:239,0
DA:241,0
DA:242,0
DA:243,0
DA:244,0
DA:246,0
DA:248,0
DA:249,0
DA:250,0
DA:251,0
DA:252,0
DA:253,0
DA:255,0
DA:257,0
DA:258,0
DA:259,0
DA:260,0
DA:261,0
DA:262,0
DA:263,0
DA:264,0
DA:265,0
DA:267,0
DA:270,0
DA:272,0
DA:273,0
DA:274,0
DA:275,0
DA:277,0
DA:278,0
DA:279,0
DA:280,0
DA:281,0
DA:283,0
DA:284,0
DA:286,0
DA:287,0
DA:289,0
DA:293,0
DA:294,0
DA:295,0
DA:297,0
DA:299,0
DA:300,0
DA:301,0
DA:302,0
DA:303,0
DA:304,0
DA:305,0
DA:306,0
DA:307,0
DA:308,0
DA:311,2
DA:312,2
DA:313,2
DA:316,2
DA:317,2
DA:318,2
DA:321,1
DA:322,1
DA:323,1
DA:327,0
DA:328,0
DA:330,0
DA:331,0
DA:332,0
DA:335,0
DA:336,0
DA:338,0
DA:340,0
DA:341,0
DA:343,0
DA:344,0
DA:345,0
DA:347,0
DA:348,0
DA:350,0
DA:351,0
DA:352,0
LH:28
LF:209
end_of_record
SF:/Users/olesya/Documents/SpaceCarnage/SpaceCarnage/Assets/Scripts/Parts/Shooting/Projectile.cs
FN:14,HitVFX()
FN:15,OwnerId()
FN:15,OwnerId(System.UInt32)
FN:24,Initialize(WeaponData, System.UInt32, System.String)
FN:39,OnStartServer()
FN:40,OnStartClient()
FN:43,Launch()
FN:51,OnTriggerEnter(UnityEngine.Collider)
FN:77,StopPhysics()
FN:86,TimeOut()
FN:92,UserCode_RpcSpawnExplosion__Vector3__Quaternion(UnityEngine.Vector3, UnityEngine.Quaternion)
FN:21,Projectile()
FNDA:0,HitVFX()
FNDA:0,OwnerId()
FNDA:0,OwnerId(System.UInt32)
FNDA:0,Initialize(WeaponData, System.UInt32, System.String)
FNDA:0,OnStartServer()
FNDA:0,OnStartClient()
FNDA:0,Launch()
FNDA:0,OnTriggerEnter(UnityEngine.Collider)
FNDA:0,StopPhysics()
FNDA:0,TimeOut()
FNDA:0,UserCode_RpcSpawnExplosion__Vector3__Quaternion(UnityEngine.Vector3, UnityEngine.Quaternion)
FNDA:0,Projectile()
FNF:12
FNH:0
BRF:0
BRH:0
DA:14,0
DA:15,0
DA:21,0
DA:24,0
DA:25,0
DA:26,0
DA:27,0
DA:28,0
DA:29,0
DA:30,0
DA:31,0
DA:32,0
DA:33,0
DA:35,0
DA:36,0
DA:37,0
DA:39,0
DA:40,0
DA:43,0
DA:44,0
DA:45,0
DA:46,0
DA:47,0
DA:51,0
DA:52,0
DA:54,0
DA:55,0
DA:56,0
DA:57,0
DA:58,0
DA:59,0
DA:60,0
DA:61,0
DA:62,0
DA:63,0
DA:64,0
DA:66,0
DA:67,0
DA:68,0
DA:69,0
DA:70,0
DA:71,0
DA:73,0
DA:74,0
DA:77,0
DA:78,0
DA:79,0
DA:80,0
DA:81,0
DA:82,0
DA:86,0
DA:87,0
DA:88,0
DA:92,0
DA:93,0
DA:94,0
LH:0
LF:56
end_of_record
SF:/Users/olesya/Documents/SpaceCarnage/SpaceCarnage/Assets/Scripts/Parts/Shooting/ProjectileStrategy.cs
FN:8,Fire(ShipShooting, UnityEngine.Vector3, UnityEngine.Quaternion)
FNDA:0,Fire(ShipShooting, UnityEngine.Vector3, UnityEngine.Quaternion)
FNF:1
FNH:0
BRF:0
BRH:0
DA:8,0
DA:9,0
DA:10,0
DA:12,0
DA:14,0
DA:15,0
DA:16,0
DA:17,0
DA:18,0
DA:19,0
DA:21,0
DA:22,0
LH:0
LF:12
end_of_record
SF:/Users/olesya/Documents/SpaceCarnage/SpaceCarnage/Assets/Scripts/Parts/Shooting/RaycastStrategy.cs
FN:8,Fire(ShipShooting, UnityEngine.Vector3, UnityEngine.Quaternion)
FNDA:0,Fire(ShipShooting, UnityEngine.Vector3, UnityEngine.Quaternion)
FNF:1
FNH:0
BRF:0
BRH:0
DA:8,0
DA:9,0
DA:11,0
DA:12,0
DA:14,0
DA:16,0
DA:17,0
DA:18,0
DA:19,0
DA:20,0
DA:22,0
DA:23,0
DA:24,0
DA:25,0
DA:26,0
DA:27,0
DA:28,0
DA:29,0
DA:30,0
DA:32,0
DA:33,0
DA:34,0
DA:36,0
DA:37,0
LH:0
LF:24
end_of_record
SF:/Users/olesya/Documents/SpaceCarnage/SpaceCarnage/Assets/Scripts/Parts/Shooting/Rocket.cs
FN:23,Awake()
FN:30,OnStartServer()
FN:35,OnStopServer()
FN:40,FixedUpdate()
FN:62,Detonate(DamageContext)
FN:100,OnDrawGizmosSelected()
FN:10,Rocket()
FNDA:0,Awake()
FNDA:0,OnStartServer()
FNDA:0,OnStopServer()
FNDA:0,FixedUpdate()
FNDA:0,Detonate(DamageContext)
FNDA:0,OnDrawGizmosSelected()
FNDA:0,Rocket()
FNF:7
FNH:0
BRF:0
BRH:0
DA:10,0
DA:11,0
DA:19,0
DA:23,0
DA:24,0
DA:25,0
DA:26,0
DA:27,0
DA:30,0
DA:31,0
DA:32,0
DA:35,0
DA:36,0
DA:37,0
DA:40,0
DA:41,0
DA:43,0
DA:45,0
DA:46,0
DA:47,0
DA:49,0
DA:51,0
DA:52,0
DA:53,0
DA:55,0
DA:56,0
DA:58,0
DA:62,0
DA:63,0
DA:64,0
DA:66,0
DA:68,0
DA:69,0
DA:71,0
DA:72,0
DA:74,0
DA:75,0
DA:77,0
DA:78,0
DA:79,0
DA:80,0
DA:81,0
DA:83,0
DA:84,0
DA:85,0
DA:86,0
DA:88,0
DA:89,0
DA:90,0
DA:91,0
DA:92,0
DA:93,0
DA:95,0
DA:96,0
DA:97,0
DA:100,0
DA:101,0
DA:102,0
DA:103,0
LH:0
LF:59
end_of_record
SF:/Users/olesya/Documents/SpaceCarnage/SpaceCarnage/Assets/Scripts/Network/SessionAuthenticator.cs
FN:14,Awake()
FN:19,OnDestroy()
FN:24,OnAuthSuccess(Mirror.NetworkConnectionToClient)
FN:45,OnStartServer()
FN:50,OnStopServer()
FN:55,OnServerAuthenticate(Mirror.NetworkConnectionToClient)
FN:60,OnAuthRequestMessage(Mirror.NetworkConnectionToClient, SessionAuthenticator/AuthMessage)
FN:85,OnClientAuthenticate()
FN:101,OnStartClient()
FN:29,DelayedSpawn()
FNDA:0,Awake()
FNDA:0,OnDestroy()
FNDA:0,OnAuthSuccess(Mirror.NetworkConnectionToClient)
FNDA:0,OnStartServer()
FNDA:0,OnStopServer()
FNDA:0,OnServerAuthenticate(Mirror.NetworkConnectionToClient)
FNDA:0,OnAuthRequestMessage(Mirror.NetworkConnectionToClient, SessionAuthenticator/AuthMessage)
FNDA:0,OnClientAuthenticate()
FNDA:0,OnStartClient()
FNDA:0,DelayedSpawn()
FNF:10
FNH:0
BRF:0
BRH:0
DA:14,0
DA:15,0
DA:16,0
DA:19,0
DA:20,0
DA:21,0
DA:24,0
DA:25,0
DA:26,0
DA:29,0
DA:30,0
DA:32,0
DA:34,0
DA:35,0
DA:36,0
DA:37,0
DA:40,0
DA:41,0
DA:42,0
DA:45,0
DA:46,0
DA:47,0
DA:50,0
DA:51,0
DA:52,0
DA:55,0
DA:57,0
DA:60,0
DA:61,0
DA:63,0
DA:65,0
DA:66,0
DA:67,0
DA:68,0
DA:69,0
DA:72,0
DA:73,0
DA:74,0
DA:75,0
DA:76,0
DA:78,0
DA:79,0
DA:80,0
DA:81,0
DA:82,0
DA:85,0
DA:86,0
DA:88,0
DA:89,0
DA:90,0
DA:91,0
DA:93,0
DA:94,0
DA:95,0
DA:97,0
DA:98,0
DA:99,0
DA:101,0
LH:0
LF:58
end_of_record
SF:/Users/olesya/Documents/SpaceCarnage/SpaceCarnage/Assets/Scripts/Game/SessionManager.cs
FN:14,Instance()
FN:14,Instance(SessionManager)
FN:51,Awake()
FN:57,Start()
FN:139,ConnectPlayer(Player)
FN:172,BindIdentity(Player)
FN:278,DisconnectPlayer(Player)
FN:370,FormatTime(System.Single)
FN:378,RestartServer()
FN:401,GetArg(System.String, System.String)
FN:409,GetArgInt(System.String, System.Int32)
FN:417,BroadcastTimer()
FN:426,SendTimerTo(Player)
FN:435,KickAllClients(System.String)
FN:16,SessionManager()
FN:207,MatchTimerCoroutine()
FN:189,NotifyPlayerJoined()
FN:90,RegisterGameServerAsync()
FN:330,SendHealthcheck()
FN:271,SendResultsCoroutine()
FN:290,SendResultsToServer()
FN:68,StartDedicatedServer()
FN:124,WaitingForPlayersCoroutine()
FNDA:10,Instance()
FNDA:10,Instance(SessionManager)
FNDA:0,Awake()
FNDA:0,Start()
FNDA:0,ConnectPlayer(Player)
FNDA:0,BindIdentity(Player)
FNDA:0,DisconnectPlayer(Player)
FNDA:0,FormatTime(System.Single)
FNDA:0,RestartServer()
FNDA:0,GetArg(System.String, System.String)
FNDA:0,GetArgInt(System.String, System.Int32)
FNDA:0,BroadcastTimer()
FNDA:0,SendTimerTo(Player)
FNDA:0,KickAllClients(System.String)
FNDA:0,SessionManager()
FNDA:0,MatchTimerCoroutine()
FNDA:0,NotifyPlayerJoined()
FNDA:0,RegisterGameServerAsync()
FNDA:0,SendHealthcheck()
FNDA:0,SendResultsCoroutine()
FNDA:0,SendResultsToServer()
FNDA:0,StartDedicatedServer()
FNDA:0,WaitingForPlayersCoroutine()
FNF:23
FNH:2
BRF:0
BRH:0
DA:14,10
DA:16,0
DA:18,0
DA:21,0
DA:25,0
DA:51,0
DA:52,0
DA:53,0
DA:54,0
DA:57,0
DA:58,0
DA:59,0
DA:61,0
DA:62,0
DA:63,0
DA:64,0
DA:65,0
DA:68,0
DA:69,0
DA:70,0
DA:71,0
DA:72,0
DA:74,0
DA:75,0
DA:76,0
DA:77,0
DA:78,0
DA:80,0
DA:81,0
DA:83,0
DA:85,0
DA:86,0
DA:87,0
DA:90,0
DA:91,0
DA:92,0
DA:94,0
DA:101,0
DA:103,0
DA:105,0
DA:106,0
DA:107,0
DA:109,0
DA:110,0
DA:111,0
DA:112,0
DA:114,0
DA:116,0
DA:119,0
DA:120,0
DA:121,0
DA:124,0
DA:125,0
DA:126,0
DA:128,0
DA:129,0
DA:130,0
DA:132,0
DA:133,0
DA:134,0
DA:135,0
DA:139,0
DA:140,0
DA:141,0
DA:142,0
DA:143,0
DA:152,0
DA:153,0
DA:155,0
DA:156,0
DA:157,0
DA:158,0
DA:159,0
DA:161,0
DA:162,0
DA:163,0
DA:164,0
DA:165,0
DA:166,0
DA:167,0
DA:168,0
DA:172,0
DA:173,0
DA:175,0
DA:176,0
DA:177,0
DA:178,0
DA:179,0
DA:181,0
DA:182,0
DA:184,0
DA:185,0
DA:186,0
DA:189,0
DA:190,0
DA:192,0
DA:199,0
DA:200,0
DA:201,0
DA:202,0
DA:203,0
DA:207,0
DA:208,0
DA:209,0
DA:210,0
DA:211,0
DA:212,0
DA:213,0
DA:215,0
DA:216,0
DA:217,0
DA:218,0
DA:219,0
DA:220,0
DA:222,0
DA:223,0
DA:224,0
DA:225,0
DA:226,0
DA:228,0
DA:229,0
DA:231,0
DA:232,0
DA:233,0
DA:234,0
DA:235,0
DA:236,0
DA:238,0
DA:240,0
DA:243,0
DA:244,0
DA:245,0
DA:246,0
DA:247,0
DA:248,0
DA:249,0
DA:250,0
DA:251,0
DA:252,0
DA:253,0
DA:256,0
DA:257,0
DA:258,0
DA:259,0
DA:260,0
DA:262,0
DA:263,0
DA:264,0
DA:265,0
DA:266,0
DA:267,0
DA:271,0
DA:272,0
DA:273,0
DA:274,0
DA:278,0
DA:279,0
DA:280,0
DA:281,0
DA:282,0
DA:283,0
DA:284,0
DA:285,0
DA:286,0
DA:290,0
DA:291,0
DA:292,0
DA:293,0
DA:294,0
DA:297,0
DA:298,0
DA:299,0
DA:307,0
DA:310,0
DA:316,0
DA:318,0
DA:319,0
DA:320,0
DA:321,0
DA:323,0
DA:324,0
DA:325,0
DA:326,0
DA:330,0
DA:331,0
DA:333,0
DA:334,0
DA:335,0
DA:336,0
DA:339,0
DA:342,0
DA:343,0
DA:345,0
DA:347,0
DA:348,0
DA:351,0
DA:353,0
DA:362,0
DA:363,0
DA:364,0
DA:365,0
DA:366,0
DA:367,0
DA:370,0
DA:371,0
DA:372,0
DA:373,0
DA:374,0
DA:378,0
DA:379,0
DA:381,0
DA:382,0
DA:383,0
DA:384,0
DA:385,0
DA:386,0
DA:387,0
DA:388,0
DA:390,0
DA:391,0
DA:392,0
DA:393,0
DA:394,0
DA:395,0
DA:396,0
DA:397,0
DA:398,0
DA:401,0
DA:402,0
DA:403,0
DA:404,0
DA:405,0
DA:406,0
DA:409,0
DA:410,0
DA:411,0
DA:412,0
DA:413,0
DA:417,0
DA:418,0
DA:419,0
DA:420,0
DA:421,0
DA:422,0
DA:423,0
DA:426,0
DA:427,0
DA:428,0
DA:430,0
DA:431,0
DA:435,0
DA:436,0
DA:437,0
DA:438,0
DA:440,0
DA:441,0
DA:443,0
DA:444,0
DA:445,0
LH:1
LF:259
end_of_record
SF:/Users/olesya/Documents/SpaceCarnage/SpaceCarnage/Assets/Scripts/GameUI/SettingsController.cs
FN:17,Start()
FN:27,VolumeMapping(System.Single)
FN:33,ApplySettings()
FN:52,ApplyAudioSettings()
FN:58,LoadSettings()
FN:69,ApplyGraphicsQuality(System.Int32)
FN:74,BackToPause()
FNDA:0,Start()
FNDA:0,VolumeMapping(System.Single)
FNDA:0,ApplySettings()
FNDA:0,ApplyAudioSettings()
FNDA:0,LoadSettings()
FNDA:0,ApplyGraphicsQuality(System.Int32)
FNDA:0,BackToPause()
FNF:7
FNH:0
BRF:0
BRH:0
DA:17,0
DA:18,0
DA:19,0
DA:20,0
DA:21,0
DA:22,0
DA:23,0
DA:24,0
DA:27,0
DA:28,0
DA:29,0
DA:30,0
DA:33,0
DA:35,0
DA:38,0
DA:39,0
DA:41,0
DA:43,0
DA:44,0
DA:46,0
DA:48,0
DA:49,0
DA:52,0
DA:53,0
DA:54,0
DA:55,0
DA:58,0
DA:59,0
DA:60,0
DA:61,0
DA:63,0
DA:64,0
DA:65,0
DA:66,0
DA:69,0
DA:70,0
DA:71,0
DA:74,0
DA:75,0
DA:76,0
LH:0
LF:40
end_of_record
SF:/Users/olesya/Documents/SpaceCarnage/SpaceCarnage/Assets/Scripts/Parts/Abilities/ShieldAbility.cs
FN:13,CreateRuntime()
FN:8,ShieldAbility()
FN:27,OnEquipped()
FN:35,OnUnequipped()
FN:41,Run()
FN:56,ServerUpdate()
FN:84,AbsorbDamage(System.Single)
FN:102,GetSpeedMultiplier()
FN:105,GetVisualStatus()
FN:24,ShieldRuntime(ShieldAbility)
FNDA:0,CreateRuntime()
FNDA:0,ShieldAbility()
FNDA:0,OnEquipped()
FNDA:0,OnUnequipped()
FNDA:0,Run()
FNDA:0,ServerUpdate()
FNDA:0,AbsorbDamage(System.Single)
FNDA:0,GetSpeedMultiplier()
FNDA:0,GetVisualStatus()
FNDA:0,ShieldRuntime(ShieldAbility)
FNF:10
FNH:0
BRF:0
BRH:0
DA:8,0
DA:9,0
DA:10,0
DA:11,0
DA:13,0
DA:24,0
DA:27,0
DA:28,0
DA:29,0
DA:30,0
DA:31,0
DA:32,0
DA:35,0
DA:36,0
DA:37,0
DA:38,0
DA:41,0
DA:42,0
DA:43,0
DA:44,0
DA:45,0
DA:46,0
DA:47,0
DA:49,0
DA:50,0
DA:51,0
DA:52,0
DA:53,0
DA:56,0
DA:57,0
DA:58,0
DA:59,0
DA:61,0
DA:62,0
DA:63,0
DA:64,0
DA:65,0
DA:66,0
DA:67,0
DA:70,0
DA:72,0
DA:73,0
DA:74,0
DA:76,0
DA:77,0
DA:78,0
DA:79,0
DA:80,0
DA:81,0
DA:84,0
DA:85,0
DA:87,0
DA:88,0
DA:89,0
DA:90,0
DA:91,0
DA:92,0
DA:93,0
DA:94,0
DA:97,0
DA:98,0
DA:99,0
DA:102,0
DA:105,0
LH:0
LF:64
end_of_record
SF:/Users/olesya/Documents/SpaceCarnage/SpaceCarnage/Assets/Scripts/Ship/ShipAssembler.cs
FN:11,CurrentHull()
FN:11,CurrentHull(HullData)
FN:13,CurrentWeapon()
FN:13,CurrentWeapon(WeaponData)
FN:14,CurrentWeaponObject()
FN:14,CurrentWeaponObject(UnityEngine.GameObject)
FN:15,CurrentEngine()
FN:15,CurrentEngine(EngineData)
FN:16,CurrentEngineObject()
FN:16,CurrentEngineObject(UnityEngine.GameObject)
FN:23,EquipHull(HullData)
FN:45,EquipWeapon(WeaponData)
FN:53,EquipEngine(EngineData)
FN:67,AttachPartToSocket(ShipPartData, PartType)
FN:92,AttachWeaponToSocket(WeaponData)
FN:114,CleanUpObject(UnityEngine.GameObject)
FN:125,StopEngineParticles()
FN:140,StartEngineParticles()
FN:155,OnEngineIndexChanged(System.Int32, System.Int32)
FN:167,SetEngineForTests(EngineData)
FN:18,ShipAssembler()
FNDA:13,CurrentHull()
FNDA:13,CurrentHull(HullData)
FNDA:19,CurrentWeapon()
FNDA:19,CurrentWeapon(WeaponData)
FNDA:6,CurrentWeaponObject()
FNDA:6,CurrentWeaponObject(UnityEngine.GameObject)
FNDA:18,CurrentEngine()
FNDA:18,CurrentEngine(EngineData)
FNDA:4,CurrentEngineObject()
FNDA:4,CurrentEngineObject(UnityEngine.GameObject)
FNDA:13,EquipHull(HullData)
FNDA:9,EquipWeapon(WeaponData)
FNDA:8,EquipEngine(EngineData)
FNDA:1,AttachPartToSocket(ShipPartData, PartType)
FNDA:1,AttachWeaponToSocket(WeaponData)
FNDA:1,CleanUpObject(UnityEngine.GameObject)
FNDA:0,StopEngineParticles()
FNDA:0,StartEngineParticles()
FNDA:0,OnEngineIndexChanged(System.Int32, System.Int32)
FNDA:0,SetEngineForTests(EngineData)
FNDA:39,ShipAssembler()
FNF:21
FNH:17
BRF:0
BRH:0
DA:11,13
DA:13,19
DA:14,6
DA:15,18
DA:16,4
DA:18,39
DA:23,13
DA:24,20
DA:26,6
DA:27,1
DA:28,1
DA:29,1
DA:31,6
DA:32,6
DA:33,6
DA:35,6
DA:37,6
DA:39,6
DA:41,6
DA:42,6
DA:43,13
DA:45,9
DA:46,9
DA:47,17
DA:49,1
DA:50,9
DA:53,8
DA:54,8
DA:55,15
DA:57,1
DA:59,1
DA:60,1
DA:61,1
DA:62,1
DA:63,1
DA:64,8
DA:67,1
DA:68,3
DA:70,1
DA:71,1
DA:72,1
DA:73,2
DA:74,0
DA:75,0
DA:76,0
DA:78,1
DA:79,1
DA:80,1
DA:81,1
DA:82,1
DA:84,1
DA:85,1
DA:86,1
DA:88,1
DA:89,1
DA:92,1
DA:93,2
DA:95,1
DA:96,1
DA:97,2
DA:98,0
DA:99,0
DA:100,0
DA:102,1
DA:103,1
DA:104,1
DA:105,1
DA:106,1
DA:108,1
DA:109,1
DA:110,1
DA:111,1
DA:114,1
DA:115,1
DA:117,1
DA:118,1
DA:120,2
DA:121,0
DA:122,1
DA:125,0
DA:126,0
DA:128,0
DA:129,0
DA:130,0
DA:131,0
DA:133,0
DA:134,0
DA:135,0
DA:136,0
DA:137,0
DA:140,0
DA:141,0
DA:143,0
DA:144,0
DA:145,0
DA:146,0
DA:148,0
DA:149,0
DA:150,0
DA:151,0
DA:152,0
DA:155,0
DA:156,0
DA:157,0
DA:159,0
DA:160,0
DA:161,0
DA:162,0
DA:163,0
DA:167,0
DA:168,0
DA:171,0
DA:172,0
DA:173,0
DA:174,0
DA:175,0
LH:72
LF:116
end_of_record
SF:/Users/olesya/Documents/SpaceCarnage/SpaceCarnage/Assets/Scripts/Config/ShipConfigData.cs
FN:8,ShipConfigData()
FNDA:9,ShipConfigData()
FNF:1
FNH:1
BRF:0
BRH:0
DA:8,9
DA:9,9
DA:10,9
LH:3
LF:3
end_of_record
SF:/Users/olesya/Documents/SpaceCarnage/SpaceCarnage/Assets/Scripts/Config/ShipConfigData.cs
FN:18,SaveConfig(ShipConfigData)
FN:32,HasSaved()
FN:37,LoadConfig()
FN:15,ShipConfigManager()
FNDA:9,SaveConfig(ShipConfigData)
FNDA:0,HasSaved()
FNDA:0,LoadConfig()
FNDA:1,ShipConfigManager()
FNF:4
FNH:2
BRF:0
BRH:0
DA:15,1
DA:18,9
DA:20,9
DA:21,9
DA:22,9
DA:23,9
DA:24,9
DA:25,0
DA:26,0
DA:27,0
DA:28,0
DA:29,9
DA:32,0
DA:33,0
DA:34,0
DA:37,0
DA:38,0
DA:39,0
DA:40,0
DA:44,0
DA:45,0
DA:46,0
DA:47,0
DA:49,0
DA:50,0
DA:51,0
DA:52,0
DA:54,0
LH:8
LF:28
end_of_record
SF:/Users/olesya/Documents/SpaceCarnage/SpaceCarnage/Assets/Scripts/ShipEditor/ShipEditorUI.cs
FN:104,Start()
FN:117,Update()
FN:133,SetupUIEvents()
FN:185,OpenLeaderboard()
FN:197,PopulateSlots()
FN:275,OnHullSlotClicked(System.Int32)
FN:284,OnWeaponSlotClicked(System.Int32)
FN:293,OnEngineSlotClicked(System.Int32)
FN:302,HighlightSelectedSlot(UnityEngine.UI.Button[], System.Int32)
FN:320,SelectComponent(ShipComponent, ShipComponentType)
FN:335,UpdateShipPreview()
FN:392,UpdateStats()
FN:466,ConnectToMatch(JoinGameResponse)
FN:487,OpenSettingsWindow()
FN:493,CloseSettingsWindow()
FN:498,VolumeMapping(System.Single)
FN:506,ApplySettings()
FN:527,LoadSettings()
FN:543,ApplyGraphicsQuality(System.Int32)
FN:548,Logout()
FN:561,LoadSavedConfiguration()
FN:607,FindSlotIndexByComponent(ShipComponentType, ShipComponent)
FN:620,SelectDefaultComponents()
FN:627,SelectDefaultForType(ShipComponentType, ShipComponent[])
FN:658,FindComponentById(ShipComponentType, System.Int32)
FN:668,GetComponentsByCategory(ShipComponentType)
FN:679,SaveConfiguration()
FN:697,OnPointerEnter()
FN:52,ShipEditorUI()
FN:423,StartBattle()
FNDA:0,Start()
FNDA:0,Update()
FNDA:1,SetupUIEvents()
FNDA:0,OpenLeaderboard()
FNDA:1,PopulateSlots()
FNDA:1,OnHullSlotClicked(System.Int32)
FNDA:1,OnWeaponSlotClicked(System.Int32)
FNDA:1,OnEngineSlotClicked(System.Int32)
FNDA:8,HighlightSelectedSlot(UnityEngine.UI.Button[], System.Int32)
FNDA:13,SelectComponent(ShipComponent, ShipComponentType)
FNDA:13,UpdateShipPreview()
FNDA:19,UpdateStats()
FNDA:0,ConnectToMatch(JoinGameResponse)
FNDA:1,OpenSettingsWindow()
FNDA:1,CloseSettingsWindow()
FNDA:5,VolumeMapping(System.Single)
FNDA:0,ApplySettings()
FNDA:0,LoadSettings()
FNDA:1,ApplyGraphicsQuality(System.Int32)
FNDA:1,Logout()
FNDA:0,LoadSavedConfiguration()
FNDA:1,FindSlotIndexByComponent(ShipComponentType, ShipComponent)
FNDA:1,SelectDefaultComponents()
FNDA:4,SelectDefaultForType(ShipComponentType, ShipComponent[])
FNDA:3,FindComponentById(ShipComponentType, System.Int32)
FNDA:10,GetComponentsByCategory(ShipComponentType)
FNDA:17,SaveConfiguration()
FNDA:0,OnPointerEnter()
FNDA:37,ShipEditorUI()
FNDA:0,StartBattle()
FNF:30
FNH:21
BRF:0
BRH:0
DA:52,37
DA:53,37
DA:54,37
DA:77,37
DA:78,37
DA:83,37
DA:84,37
DA:96,37
DA:97,37
DA:101,37
DA:104,0
DA:105,0
DA:106,0
DA:107,0
DA:108,0
DA:109,0
DA:110,0
DA:111,0
DA:112,0
DA:113,0
DA:114,0
DA:117,0
DA:119,0
DA:120,0
DA:121,0
DA:122,0
DA:123,0
DA:129,0
DA:130,0
DA:133,1
DA:135,10
DA:136,4
DA:137,4
DA:138,4
DA:139,4
DA:140,4
DA:141,4
DA:142,4
DA:145,10
DA:146,4
DA:147,4
DA:148,4
DA:149,4
DA:150,4
DA:151,4
DA:152,4
DA:155,10
DA:156,4
DA:157,4
DA:158,4
DA:159,4
DA:160,4
DA:161,4
DA:162,4
DA:165,1
DA:168,1
DA:170,1
DA:171,1
DA:172,1
DA:173,1
DA:174,1
DA:176,1
DA:177,1
DA:180,1
DA:181,1
DA:182,1
DA:185,0
DA:186,0
DA:187,0
DA:188,0
DA:189,0
DA:191,0
DA:192,0
DA:193,0
DA:194,0
DA:197,1
DA:199,4
DA:200,1
DA:201,1
DA:202,1
DA:204,1
DA:205,1
DA:206,0
DA:207,0
DA:208,0
DA:209,0
DA:212,1
DA:213,2
DA:214,1
DA:217,1
DA:218,1
DA:219,1
DA:220,1
DA:221,1
DA:222,1
DA:223,1
DA:226,4
DA:227,1
DA:228,1
DA:229,1
DA:230,1
DA:231,1
DA:232,0
DA:233,0
DA:234,0
DA:235,0
DA:237,1
DA:238,2
DA:239,1
DA:241,1
DA:242,1
DA:243,1
DA:244,1
DA:245,1
DA:246,1
DA:247,1
DA:250,4
DA:251,1
DA:252,1
DA:253,1
DA:254,1
DA:255,1
DA:256,0
DA:257,0
DA:258,0
DA:259,0
DA:261,1
DA:262,2
DA:263,1
DA:265,1
DA:266,1
DA:267,1
DA:268,1
DA:269,1
DA:270,1
DA:271,1
DA:272,1
DA:275,1
DA:276,1
DA:277,1
DA:278,1
DA:279,1
DA:280,1
DA:281,1
DA:284,1
DA:285,1
DA:286,1
DA:287,1
DA:288,1
DA:289,1
DA:290,1
DA:293,1
DA:294,1
DA:295,1
DA:296,1
DA:297,1
DA:298,1
DA:299,1
DA:302,8
DA:304,48
DA:305,16
DA:306,16
DA:307,16
DA:308,16
DA:309,16
DA:310,16
DA:313,8
DA:314,8
DA:315,8
DA:316,8
DA:317,8
DA:320,13
DA:322,13
DA:324,13
DA:327,13
DA:328,13
DA:331,13
DA:332,13
DA:335,13
DA:337,13
DA:340,6
DA:341,6
DA:345,7
DA:346,7
DA:347,7
DA:350,7
DA:351,0
DA:352,0
DA:353,0
DA:357,7
DA:358,7
DA:359,7
DA:362,7
DA:363,7
DA:365,7
DA:366,7
DA:368,7
DA:369,7
DA:372,7
DA:373,7
DA:374,7
DA:377,7
DA:378,0
DA:379,0
DA:386,0
DA:388,7
DA:389,13
DA:392,19
DA:393,19
DA:396,7
DA:398,12
DA:399,12
DA:400,12
DA:402,12
DA:403,12
DA:404,12
DA:406,12
DA:407,12
DA:408,12
DA:409,12
DA:411,12
DA:420,19
DA:423,0
DA:424,0
DA:426,0
DA:428,0
DA:429,0
DA:430,0
DA:431,0
DA:432,0
DA:433,0
DA:435,0
DA:436,0
DA:437,0
DA:438,0
DA:440,0
DA:443,0
DA:444,0
DA:445,0
DA:447,0
DA:448,0
DA:449,0
DA:450,0
DA:451,0
DA:453,0
DA:454,0
DA:455,0
DA:456,0
DA:457,0
DA:458,0
DA:459,0
DA:460,0
DA:461,0
DA:462,0
DA:463,0
DA:466,0
DA:467,0
DA:468,0
DA:469,0
DA:470,0
DA:472,0
DA:473,0
DA:474,0
DA:476,0
DA:478,0
DA:479,0
DA:480,0
DA:481,0
DA:483,0
DA:484,0
DA:487,1
DA:488,1
DA:489,1
DA:490,1
DA:493,1
DA:494,1
DA:495,1
DA:498,5
DA:501,7
DA:502,3
DA:503,5
DA:506,0
DA:508,0
DA:511,0
DA:512,0
DA:514,0
DA:516,0
DA:517,0
DA:520,0
DA:522,0
DA:523,0
DA:524,0
DA:527,0
DA:529,0
DA:530,0
DA:531,0
DA:534,0
DA:535,0
DA:538,0
DA:539,0
DA:540,0
DA:543,1
DA:544,1
DA:545,1
DA:548,1
DA:549,1
DA:551,1
DA:552,1
DA:553,0
DA:554,0
DA:555,0
DA:557,1
DA:558,1
DA:561,0
DA:562,0
DA:563,0
DA:565,0
DA:566,0
DA:567,0
DA:569,0
DA:570,0
DA:571,0
DA:572,0
DA:574,0
DA:576,0
DA:579,0
DA:580,0
DA:582,0
DA:583,0
DA:585,0
DA:586,0
DA:588,0
DA:589,0
DA:591,0
DA:594,0
DA:595,0
DA:596,0
DA:597,0
DA:599,0
DA:600,0
DA:601,0
DA:602,0
DA:603,0
DA:604,0
DA:607,1
DA:608,1
DA:609,4
DA:610,2
DA:611,2
DA:612,1
DA:613,1
DA:615,1
DA:616,0
DA:617,1
DA:620,1
DA:621,1
DA:622,1
DA:623,1
DA:624,1
DA:627,4
DA:628,9
DA:630,4
DA:631,1
DA:633,4
DA:634,4
DA:635,4
DA:638,4
DA:639,4
DA:640,4
DA:641,4
DA:644,2
DA:645,2
DA:647,1
DA:648,1
DA:650,1
DA:651,1
DA:653,4
DA:654,4
DA:655,4
DA:658,3
DA:659,19
DA:660,6
DA:661,6
DA:662,2
DA:663,4
DA:664,1
DA:665,3
DA:668,10
DA:669,10
DA:671,6
DA:672,2
DA:673,2
DA:674,0
DA:676,10
DA:679,17
DA:680,17
DA:683,8
DA:684,8
DA:685,8
DA:688,9
DA:689,9
DA:690,9
DA:691,9
DA:693,9
DA:694,17
DA:697,0
DA:698,0
DA:699,0
LH:255
LF:408
end_of_record
SF:/Users/olesya/Documents/SpaceCarnage/SpaceCarnage/Assets/Scripts/Ship/ShipEngineFX.cs
FN:39,Awake()
FN:47,OnEnable()
FN:52,OnDisable()
FN:57,HandleNewEngine(UnityEngine.GameObject)
FN:75,Start()
FN:92,Update()
FN:21,ShipEngineFX()
FNDA:0,Awake()
FNDA:0,OnEnable()
FNDA:0,OnDisable()
FNDA:0,HandleNewEngine(UnityEngine.GameObject)
FNDA:0,Start()
FNDA:0,Update()
FNDA:0,ShipEngineFX()
FNF:7
FNH:0
BRF:0
BRH:0
DA:21,0
DA:26,0
DA:28,0
DA:31,0
DA:32,0
DA:33,0
DA:34,0
DA:39,0
DA:40,0
DA:41,0
DA:42,0
DA:43,0
DA:44,0
DA:47,0
DA:48,0
DA:49,0
DA:52,0
DA:53,0
DA:54,0
DA:57,0
DA:58,0
DA:60,0
DA:62,0
DA:63,0
DA:64,0
DA:65,0
DA:67,0
DA:68,0
DA:70,0
DA:71,0
DA:72,0
DA:75,0
DA:76,0
DA:77,0
DA:78,0
DA:79,0
DA:80,0
DA:81,0
DA:83,0
DA:85,0
DA:86,0
DA:87,0
DA:88,0
DA:89,0
DA:92,0
DA:93,0
DA:94,0
DA:96,0
DA:97,0
DA:98,0
DA:99,0
DA:100,0
DA:102,0
DA:103,0
DA:105,0
DA:106,0
DA:107,0
DA:109,0
DA:110,0
DA:112,0
DA:113,0
DA:115,0
DA:116,0
DA:117,0
DA:118,0
LH:0
LF:65
end_of_record
SF:/Users/olesya/Documents/SpaceCarnage/SpaceCarnage/Assets/Scripts/Network/ShipNetworkSync.cs
FN:19,Awake()
FN:24,OnStartLocalPlayer()
FN:38,GetIndex[T](System.String, System.Collections.Generic.List[T])
FN:56,OnHullChanged(System.Int32, System.Int32)
FN:63,OnWeaponChanged(System.Int32, System.Int32)
FN:70,OnEngineChanged(System.Int32, System.Int32)
FN:77,OnStartClient()
FN:44,UserCode_CmdSetupShip__Int32__Int32__Int32(System.Int32, System.Int32, System.Int32)
FN:10,ShipNetworkSync()
FNDA:0,Awake()
FNDA:0,OnStartLocalPlayer()
FNDA:0,GetIndex[T](System.String, System.Collections.Generic.List[T])
FNDA:0,OnHullChanged(System.Int32, System.Int32)
FNDA:0,OnWeaponChanged(System.Int32, System.Int32)
FNDA:0,OnEngineChanged(System.Int32, System.Int32)
FNDA:0,OnStartClient()
FNDA:0,UserCode_CmdSetupShip__Int32__Int32__Int32(System.Int32, System.Int32, System.Int32)
FNDA:0,ShipNetworkSync()
FNF:9
FNH:0
BRF:0
BRH:0
DA:10,0
DA:13,0
DA:16,0
DA:19,0
DA:20,0
DA:21,0
DA:24,0
DA:25,0
DA:26,0
DA:27,0
DA:29,0
DA:30,0
DA:31,0
DA:32,0
DA:34,0
DA:35,0
DA:38,0
DA:39,0
DA:40,0
DA:44,0
DA:45,0
DA:46,0
DA:47,0
DA:49,0
DA:50,0
DA:51,0
DA:52,0
DA:56,0
DA:57,0
DA:58,0
DA:59,0
DA:60,0
DA:63,0
DA:64,0
DA:65,0
DA:66,0
DA:67,0
DA:70,0
DA:71,0
DA:72,0
DA:73,0
DA:74,0
DA:77,0
DA:78,0
DA:80,0
DA:81,0
DA:82,0
DA:83,0
LH:0
LF:48
end_of_record
SF:/Users/olesya/Documents/SpaceCarnage/SpaceCarnage/Assets/Scripts/Parts/ShipPartDatabase.cs
FN:13,GetPartByID(System.String)
FNDA:0,GetPartByID(System.String)
FNF:1
FNH:0
BRF:0
BRH:0
DA:13,0
DA:14,0
DA:15,0
DA:16,0
DA:17,0
DA:19,0
DA:20,0
LH:0
LF:7
end_of_record
SF:/Users/olesya/Documents/SpaceCarnage/SpaceCarnage/Assets/Scripts/Ship/ShipShooting.cs
FN:22,CurrentAmmo()
FN:23,IsReloading()
FN:24,CurrentWeaponData()
FN:25,ShooterName()
FN:28,Awake()
FN:42,Update()
FN:83,GetAimRotation()
FN:94,GetTargetPoint(UnityEngine.Ray)
FN:112,ResetWeaponState()
FN:132,RefreshMuzzlePoint()
FN:163,UserCode_CmdFire__Vector3__Quaternion(UnityEngine.Vector3, UnityEngine.Quaternion)
FN:173,UserCode_RpcMuzzleFlash__Vector3__Quaternion(UnityEngine.Vector3, UnityEngine.Quaternion)
FN:180,UserCode_RpcSpawnHitEffect__Vector3__Quaternion(UnityEngine.Vector3, UnityEngine.Quaternion)
FN:187,UserCode_RpcSpawnBeam__Vector3__Vector3(UnityEngine.Vector3, UnityEngine.Vector3)
FN:10,ShipShooting()
FN:124,ReloadCoroutine()
FN:196,ShowBeamCoroutine()
FNDA:0,CurrentAmmo()
FNDA:0,IsReloading()
FNDA:0,CurrentWeaponData()
FNDA:0,ShooterName()
FNDA:5,Awake()
FNDA:0,Update()
FNDA:0,GetAimRotation()
FNDA:0,GetTargetPoint(UnityEngine.Ray)
FNDA:0,ResetWeaponState()
FNDA:0,RefreshMuzzlePoint()
FNDA:0,UserCode_CmdFire__Vector3__Quaternion(UnityEngine.Vector3, UnityEngine.Quaternion)
FNDA:0,UserCode_RpcMuzzleFlash__Vector3__Quaternion(UnityEngine.Vector3, UnityEngine.Quaternion)
FNDA:0,UserCode_RpcSpawnHitEffect__Vector3__Quaternion(UnityEngine.Vector3, UnityEngine.Quaternion)
FNDA:0,UserCode_RpcSpawnBeam__Vector3__Vector3(UnityEngine.Vector3, UnityEngine.Vector3)
FNDA:5,ShipShooting()
FNDA:0,ReloadCoroutine()
FNDA:0,ShowBeamCoroutine()
FNF:17
FNH:2
BRF:0
BRH:0
DA:10,5
DA:14,5
DA:22,0
DA:23,0
DA:24,0
DA:25,0
DA:28,5
DA:29,5
DA:30,5
DA:31,5
DA:32,5
DA:34,5
DA:35,0
DA:36,0
DA:37,0
DA:38,0
DA:39,5
DA:42,0
DA:43,0
DA:45,0
DA:47,0
DA:49,0
DA:50,0
DA:52,0
DA:53,0
DA:54,0
DA:55,0
DA:58,0
DA:59,0
DA:60,0
DA:61,0
DA:64,0
DA:65,0
DA:66,0
DA:68,0
DA:69,0
DA:70,0
DA:72,0
DA:73,0
DA:75,0
DA:76,0
DA:77,0
DA:78,0
DA:79,0
DA:80,0
DA:83,0
DA:84,0
DA:86,0
DA:87,0
DA:89,0
DA:90,0
DA:91,0
DA:94,0
DA:95,0
DA:96,0
DA:98,0
DA:99,0
DA:100,0
DA:102,0
DA:103,0
DA:104,0
DA:105,0
DA:107,0
DA:108,0
DA:109,0
DA:112,0
DA:113,0
DA:114,0
DA:115,0
DA:116,0
DA:117,0
DA:118,0
DA:119,0
DA:120,0
DA:121,0
DA:124,0
DA:125,0
DA:126,0
DA:127,0
DA:128,0
DA:129,0
DA:132,0
DA:133,0
DA:134,0
DA:135,0
DA:137,0
DA:138,0
DA:139,0
DA:140,0
DA:141,0
DA:142,0
DA:143,0
DA:144,0
DA:145,0
DA:147,0
DA:148,0
DA:149,0
DA:151,0
DA:152,0
DA:153,0
DA:154,0
DA:156,0
DA:157,0
DA:158,0
DA:159,0
DA:163,0
DA:164,0
DA:165,0
DA:166,0
DA:167,0
DA:168,0
DA:169,0
DA:173,0
DA:174,0
DA:175,0
DA:176,0
DA:180,0
DA:181,0
DA:182,0
DA:183,0
DA:187,0
DA:188,0
DA:189,0
DA:190,0
DA:191,0
DA:192,0
DA:193,0
DA:196,0
DA:197,0
DA:199,0
DA:201,0
DA:202,0
DA:204,0
DA:205,0
DA:207,0
DA:208,0
DA:210,0
DA:212,0
DA:214,0
DA:215,0
DA:216,0
DA:218,0
DA:219,0
LH:9
LF:143
end_of_record
SF:/Users/olesya/Documents/SpaceCarnage/SpaceCarnage/Assets/Scripts/ShipEditor/ShowContextPanel.cs
FN:16,OnPointerEnter(UnityEngine.EventSystems.PointerEventData)
FN:35,OnPointerExit(UnityEngine.EventSystems.PointerEventData)
FNDA:3,OnPointerEnter(UnityEngine.EventSystems.PointerEventData)
FNDA:1,OnPointerExit(UnityEngine.EventSystems.PointerEventData)
FNF:2
FNH:2
BRF:0
BRH:0
DA:16,3
DA:17,3
DA:18,3
DA:19,4
DA:20,1
DA:21,1
DA:22,4
DA:23,1
DA:24,1
DA:25,0
DA:26,0
DA:27,1
DA:28,3
DA:29,1
DA:30,1
DA:31,1
DA:32,3
DA:33,3
DA:35,1
DA:36,1
DA:37,1
LH:19
LF:21
end_of_record
SF:/Users/olesya/Documents/SpaceCarnage/SpaceCarnage/Assets/Scripts/SFX/Sound.cs
FN:23,SoundData()
FNDA:14,SoundData()
FNF:1
FNH:1
BRF:0
BRH:0
DA:23,14
DA:24,14
DA:27,14
DA:28,14
DA:29,14
LH:5
LF:5
end_of_record
SF:/Users/olesya/Documents/SpaceCarnage/SpaceCarnage/Assets/Scripts/Editor/SpawnPointScatterer.cs
FN:21,Open()
FN:26,OnGUI()
FN:54,Generate()
FN:115,Clear()
FN:137,GetOrCreateParent(System.String)
FN:148,ClearChildren(UnityEngine.Transform)
FN:157,RebuildMirrorStartPositions()
FN:175,SamplePosition(System.Single, System.Single, System.Single, System.Boolean)
FN:10,SpawnPointScatterer()
FNDA:0,Open()
FNDA:0,OnGUI()
FNDA:0,Generate()
FNDA:0,Clear()
FNDA:0,GetOrCreateParent(System.String)
FNDA:0,ClearChildren(UnityEngine.Transform)
FNDA:0,RebuildMirrorStartPositions()
FNDA:0,SamplePosition(System.Single, System.Single, System.Single, System.Boolean)
FNDA:0,SpawnPointScatterer()
FNF:9
FNH:0
BRF:0
BRH:0
DA:10,0
DA:11,0
DA:12,0
DA:13,0
DA:14,0
DA:15,0
DA:16,0
DA:17,0
DA:21,0
DA:22,0
DA:23,0
DA:26,0
DA:27,0
DA:29,0
DA:30,0
DA:31,0
DA:32,0
DA:33,0
DA:35,0
DA:36,0
DA:38,0
DA:40,0
DA:42,0
DA:43,0
DA:44,0
DA:45,0
DA:47,0
DA:48,0
DA:49,0
DA:50,0
DA:51,0
DA:54,0
DA:55,0
DA:56,0
DA:57,0
DA:58,0
DA:59,0
DA:62,0
DA:64,0
DA:65,0
DA:67,0
DA:68,0
DA:70,0
DA:71,0
DA:73,0
DA:74,0
DA:75,0
DA:76,0
DA:77,0
DA:78,0
DA:80,0
DA:81,0
DA:82,0
DA:83,0
DA:84,0
DA:86,0
DA:88,0
DA:89,0
DA:90,0
DA:91,0
DA:92,0
DA:93,0
DA:95,0
DA:96,0
DA:97,0
DA:98,0
DA:99,0
DA:100,0
DA:101,0
DA:103,0
DA:104,0
DA:106,0
DA:108,0
DA:109,0
DA:111,0
DA:112,0
DA:115,0
DA:116,0
DA:117,0
DA:118,0
DA:119,0
DA:120,0
DA:123,0
DA:124,0
DA:125,0
DA:127,0
DA:128,0
DA:130,0
DA:131,0
DA:133,0
DA:134,0
DA:137,0
DA:138,0
DA:139,0
DA:141,0
DA:142,0
DA:143,0
DA:144,0
DA:145,0
DA:148,0
DA:149,0
DA:150,0
DA:151,0
DA:152,0
DA:153,0
DA:154,0
DA:157,0
DA:158,0
DA:159,0
DA:160,0
DA:161,0
DA:162,0
DA:165,0
DA:166,0
DA:167,0
DA:168,0
DA:169,0
DA:171,0
DA:172,0
DA:175,0
DA:176,0
DA:177,0
DA:178,0
DA:179,0
DA:181,0
DA:182,0
DA:183,0
DA:186,0
DA:187,0
DA:188,0
DA:190,0
LH:0
LF:131
end_of_record
SF:/Users/olesya/Documents/SpaceCarnage/SpaceCarnage/Assets/Scripts/LoginScene/TabToNextController.cs
FN:12,Start()
FN:17,Update()
FNDA:2,Start()
FNDA:160,Update()
FNF:2
FNH:2
BRF:0
BRH:0
DA:12,2
DA:13,2
DA:14,2
DA:17,160
DA:18,160
DA:19,0
DA:20,0
DA:21,0
DA:22,0
DA:23,0
DA:24,0
DA:25,160
LH:6
LF:12
end_of_record
SF:/Users/olesya/Documents/SpaceCarnage/SpaceCarnage/Assets/Scripts/GameUI/UIManager.cs
FN:8,Instance()
FN:8,Instance(UIManager)
FN:25,Awake()
FN:37,ShowDeathScreen(DamageContext)
FN:44,HideDeathScreen()
FN:49,ShowBorderWarning()
FN:54,HideBorderWarning()
FN:59,UpdateHealth(System.Single, System.Single)
FN:64,AddKillFeedEntry(DamageContext, System.String)
FN:69,SetLeaderboardVisible(System.Boolean)
FN:84,ForceShowEndMatchLeaderboard()
FN:92,HideEndMatchLeaderboard()
FN:99,RefreshLeaderboard()
FN:142,Update()
FN:15,UIManager()
FNDA:0,Instance()
FNDA:0,Instance(UIManager)
FNDA:0,Awake()
FNDA:0,ShowDeathScreen(DamageContext)
FNDA:0,HideDeathScreen()
FNDA:0,ShowBorderWarning()
FNDA:0,HideBorderWarning()
FNDA:0,UpdateHealth(System.Single, System.Single)
FNDA:0,AddKillFeedEntry(DamageContext, System.String)
FNDA:0,SetLeaderboardVisible(System.Boolean)
FNDA:0,ForceShowEndMatchLeaderboard()
FNDA:0,HideEndMatchLeaderboard()
FNDA:0,RefreshLeaderboard()
FNDA:0,Update()
FNDA:0,UIManager()
FNF:15
FNH:0
BRF:0
BRH:0
DA:8,0
DA:15,0
DA:16,0
DA:17,0
DA:25,0
DA:26,0
DA:27,0
DA:28,0
DA:29,0
DA:31,0
DA:32,0
DA:33,0
DA:34,0
DA:37,0
DA:38,0
DA:40,0
DA:41,0
DA:44,0
DA:45,0
DA:46,0
DA:49,0
DA:50,0
DA:51,0
DA:54,0
DA:55,0
DA:56,0
DA:59,0
DA:60,0
DA:61,0
DA:64,0
DA:65,0
DA:66,0
DA:69,0
DA:70,0
DA:71,0
DA:73,0
DA:74,0
DA:76,0
DA:77,0
DA:78,0
DA:79,0
DA:80,0
DA:81,0
DA:84,0
DA:85,0
DA:86,0
DA:87,0
DA:88,0
DA:89,0
DA:92,0
DA:93,0
DA:94,0
DA:95,0
DA:96,0
DA:99,0
DA:100,0
DA:102,0
DA:103,0
DA:104,0
DA:105,0
DA:107,0
DA:108,0
DA:109,0
DA:110,0
DA:113,0
DA:114,0
DA:115,0
DA:116,0
DA:117,0
DA:118,0
DA:119,0
DA:121,0
DA:122,0
DA:123,0
DA:124,0
DA:126,0
DA:127,0
DA:128,0
DA:129,0
DA:132,0
DA:133,0
DA:134,0
DA:136,0
DA:137,0
DA:138,0
DA:142,0
DA:143,0
DA:144,0
DA:145,0
DA:146,0
DA:147,0
DA:148,0
DA:149,0
DA:150,0
DA:151,0
DA:152,0
LH:0
LF:96
end_of_record
SF:/Users/olesya/Documents/SpaceCarnage/SpaceCarnage/Assets/Scripts/Effects/VFXAutoDestroy.cs
FN:8,OnEnable()
FN:13,CheckIfAlive()
FNDA:0,OnEnable()
FNDA:0,CheckIfAlive()
FNF:2
FNH:0
BRF:0
BRH:0
DA:8,0
DA:9,0
DA:10,0
DA:13,0
DA:14,0
DA:16,0
DA:18,0
DA:19,0
DA:20,0
DA:21,0
DA:23,0
DA:24,0
DA:25,0
DA:26,0
DA:27,0
LH:0
LF:15
end_of_record
